[2023-12-13T11:20:58.729+0000] {processor.py:156} INFO - Started process (PID=39) to work on /opt/airflow/dags/delete_dag.py
[2023-12-13T11:20:58.731+0000] {processor.py:758} INFO - Processing file /opt/airflow/dags/delete_dag.py for tasks to queue
[2023-12-13T11:20:58.732+0000] {logging_mixin.py:117} INFO - [2023-12-13T11:20:58.732+0000] {dagbag.py:525} INFO - Filling up the DagBag from /opt/airflow/dags/delete_dag.py
[2023-12-13T11:20:58.761+0000] {logging_mixin.py:117} INFO - [2023-12-13T11:20:58.757+0000] {dagbag.py:330} ERROR - Failed to import: /opt/airflow/dags/delete_dag.py
Traceback (most recent call last):
  File "/home/airflow/.local/lib/python3.7/site-packages/airflow/models/dagbag.py", line 326, in parse
    loader.exec_module(new_module)
  File "<frozen importlib._bootstrap_external>", line 728, in exec_module
  File "<frozen importlib._bootstrap>", line 219, in _call_with_frames_removed
  File "/opt/airflow/dags/delete_dag.py", line 8, in <module>
    from AirflowLocal.script.utils import send_slack_message
ModuleNotFoundError: No module named 'AirflowLocal'
[2023-12-13T11:20:58.762+0000] {processor.py:770} WARNING - No viable dags retrieved from /opt/airflow/dags/delete_dag.py
[2023-12-13T11:20:58.796+0000] {processor.py:178} INFO - Processing /opt/airflow/dags/delete_dag.py took 0.071 seconds
[2023-12-13T11:21:29.774+0000] {processor.py:156} INFO - Started process (PID=103) to work on /opt/airflow/dags/delete_dag.py
[2023-12-13T11:21:29.776+0000] {processor.py:758} INFO - Processing file /opt/airflow/dags/delete_dag.py for tasks to queue
[2023-12-13T11:21:29.777+0000] {logging_mixin.py:117} INFO - [2023-12-13T11:21:29.777+0000] {dagbag.py:525} INFO - Filling up the DagBag from /opt/airflow/dags/delete_dag.py
[2023-12-13T11:21:29.791+0000] {logging_mixin.py:117} INFO - [2023-12-13T11:21:29.790+0000] {dagbag.py:330} ERROR - Failed to import: /opt/airflow/dags/delete_dag.py
Traceback (most recent call last):
  File "/home/airflow/.local/lib/python3.7/site-packages/airflow/models/dagbag.py", line 326, in parse
    loader.exec_module(new_module)
  File "<frozen importlib._bootstrap_external>", line 728, in exec_module
  File "<frozen importlib._bootstrap>", line 219, in _call_with_frames_removed
  File "/opt/airflow/dags/delete_dag.py", line 8, in <module>
    from AirflowLocal.script.utils import send_slack_message
ModuleNotFoundError: No module named 'AirflowLocal'
[2023-12-13T11:21:29.792+0000] {processor.py:770} WARNING - No viable dags retrieved from /opt/airflow/dags/delete_dag.py
[2023-12-13T11:21:29.812+0000] {processor.py:178} INFO - Processing /opt/airflow/dags/delete_dag.py took 0.041 seconds
[2023-12-13T11:22:00.074+0000] {processor.py:156} INFO - Started process (PID=168) to work on /opt/airflow/dags/delete_dag.py
[2023-12-13T11:22:00.075+0000] {processor.py:758} INFO - Processing file /opt/airflow/dags/delete_dag.py for tasks to queue
[2023-12-13T11:22:00.076+0000] {logging_mixin.py:117} INFO - [2023-12-13T11:22:00.076+0000] {dagbag.py:525} INFO - Filling up the DagBag from /opt/airflow/dags/delete_dag.py
[2023-12-13T11:22:00.086+0000] {logging_mixin.py:117} INFO - [2023-12-13T11:22:00.085+0000] {dagbag.py:330} ERROR - Failed to import: /opt/airflow/dags/delete_dag.py
Traceback (most recent call last):
  File "/home/airflow/.local/lib/python3.7/site-packages/airflow/models/dagbag.py", line 326, in parse
    loader.exec_module(new_module)
  File "<frozen importlib._bootstrap_external>", line 728, in exec_module
  File "<frozen importlib._bootstrap>", line 219, in _call_with_frames_removed
  File "/opt/airflow/dags/delete_dag.py", line 8, in <module>
    from AirflowLocal.script.utils import send_slack_message
ModuleNotFoundError: No module named 'AirflowLocal'
[2023-12-13T11:22:00.087+0000] {processor.py:770} WARNING - No viable dags retrieved from /opt/airflow/dags/delete_dag.py
[2023-12-13T11:22:00.108+0000] {processor.py:178} INFO - Processing /opt/airflow/dags/delete_dag.py took 0.048 seconds
[2023-12-13T11:23:10.741+0000] {processor.py:156} INFO - Started process (PID=39) to work on /opt/airflow/dags/delete_dag.py
[2023-12-13T11:23:10.743+0000] {processor.py:758} INFO - Processing file /opt/airflow/dags/delete_dag.py for tasks to queue
[2023-12-13T11:23:10.744+0000] {logging_mixin.py:117} INFO - [2023-12-13T11:23:10.744+0000] {dagbag.py:525} INFO - Filling up the DagBag from /opt/airflow/dags/delete_dag.py
[2023-12-13T11:23:10.760+0000] {logging_mixin.py:117} INFO - [2023-12-13T11:23:10.759+0000] {dagbag.py:330} ERROR - Failed to import: /opt/airflow/dags/delete_dag.py
Traceback (most recent call last):
  File "/home/airflow/.local/lib/python3.7/site-packages/airflow/models/dagbag.py", line 326, in parse
    loader.exec_module(new_module)
  File "<frozen importlib._bootstrap_external>", line 728, in exec_module
  File "<frozen importlib._bootstrap>", line 219, in _call_with_frames_removed
  File "/opt/airflow/dags/delete_dag.py", line 8, in <module>
    from AirflowLocal.script.utils import send_slack_message
ModuleNotFoundError: No module named 'AirflowLocal'
[2023-12-13T11:23:10.761+0000] {processor.py:770} WARNING - No viable dags retrieved from /opt/airflow/dags/delete_dag.py
[2023-12-13T11:23:10.786+0000] {processor.py:178} INFO - Processing /opt/airflow/dags/delete_dag.py took 0.058 seconds
[2023-12-13T11:23:40.908+0000] {processor.py:156} INFO - Started process (PID=103) to work on /opt/airflow/dags/delete_dag.py
[2023-12-13T11:23:40.909+0000] {processor.py:758} INFO - Processing file /opt/airflow/dags/delete_dag.py for tasks to queue
[2023-12-13T11:23:40.910+0000] {logging_mixin.py:117} INFO - [2023-12-13T11:23:40.910+0000] {dagbag.py:525} INFO - Filling up the DagBag from /opt/airflow/dags/delete_dag.py
[2023-12-13T11:23:40.943+0000] {processor.py:768} INFO - DAG(s) dict_keys(['otp_archival-temp3']) retrieved from /opt/airflow/dags/delete_dag.py
[2023-12-13T11:23:41.021+0000] {logging_mixin.py:117} INFO - [2023-12-13T11:23:41.021+0000] {dag.py:2573} INFO - Sync 1 DAGs
[2023-12-13T11:23:41.039+0000] {logging_mixin.py:117} INFO - [2023-12-13T11:23:41.039+0000] {dag.py:3328} INFO - Setting next_dagrun for otp_archival-temp3 to 2023-11-01T21:30:00+00:00, run_after=2023-12-01T21:30:00+00:00
[2023-12-13T11:23:41.056+0000] {processor.py:178} INFO - Processing /opt/airflow/dags/delete_dag.py took 0.156 seconds
[2023-12-13T11:24:11.909+0000] {processor.py:156} INFO - Started process (PID=168) to work on /opt/airflow/dags/delete_dag.py
[2023-12-13T11:24:11.912+0000] {processor.py:758} INFO - Processing file /opt/airflow/dags/delete_dag.py for tasks to queue
[2023-12-13T11:24:11.913+0000] {logging_mixin.py:117} INFO - [2023-12-13T11:24:11.913+0000] {dagbag.py:525} INFO - Filling up the DagBag from /opt/airflow/dags/delete_dag.py
[2023-12-13T11:24:11.939+0000] {processor.py:768} INFO - DAG(s) dict_keys(['otp_archival-temp3']) retrieved from /opt/airflow/dags/delete_dag.py
[2023-12-13T11:24:11.987+0000] {logging_mixin.py:117} INFO - [2023-12-13T11:24:11.987+0000] {dag.py:2573} INFO - Sync 1 DAGs
[2023-12-13T11:24:12.013+0000] {logging_mixin.py:117} INFO - [2023-12-13T11:24:12.013+0000] {dag.py:3328} INFO - Setting next_dagrun for otp_archival-temp3 to 2023-11-01T21:30:00+00:00, run_after=2023-12-01T21:30:00+00:00
[2023-12-13T11:24:12.025+0000] {processor.py:178} INFO - Processing /opt/airflow/dags/delete_dag.py took 0.121 seconds
[2023-12-13T11:24:42.824+0000] {processor.py:156} INFO - Started process (PID=231) to work on /opt/airflow/dags/delete_dag.py
[2023-12-13T11:24:42.826+0000] {processor.py:758} INFO - Processing file /opt/airflow/dags/delete_dag.py for tasks to queue
[2023-12-13T11:24:42.827+0000] {logging_mixin.py:117} INFO - [2023-12-13T11:24:42.827+0000] {dagbag.py:525} INFO - Filling up the DagBag from /opt/airflow/dags/delete_dag.py
[2023-12-13T11:24:42.848+0000] {processor.py:768} INFO - DAG(s) dict_keys(['otp_archival-temp3']) retrieved from /opt/airflow/dags/delete_dag.py
[2023-12-13T11:24:42.898+0000] {logging_mixin.py:117} INFO - [2023-12-13T11:24:42.898+0000] {dag.py:2573} INFO - Sync 1 DAGs
[2023-12-13T11:24:42.920+0000] {logging_mixin.py:117} INFO - [2023-12-13T11:24:42.920+0000] {dag.py:3328} INFO - Setting next_dagrun for otp_archival-temp3 to 2023-11-01T21:30:00+00:00, run_after=2023-12-01T21:30:00+00:00
[2023-12-13T11:24:42.935+0000] {processor.py:178} INFO - Processing /opt/airflow/dags/delete_dag.py took 0.114 seconds
[2023-12-13T11:25:13.531+0000] {processor.py:156} INFO - Started process (PID=286) to work on /opt/airflow/dags/delete_dag.py
[2023-12-13T11:25:13.532+0000] {processor.py:758} INFO - Processing file /opt/airflow/dags/delete_dag.py for tasks to queue
[2023-12-13T11:25:13.533+0000] {logging_mixin.py:117} INFO - [2023-12-13T11:25:13.533+0000] {dagbag.py:525} INFO - Filling up the DagBag from /opt/airflow/dags/delete_dag.py
[2023-12-13T11:25:13.577+0000] {processor.py:768} INFO - DAG(s) dict_keys(['otp_archival-temp3']) retrieved from /opt/airflow/dags/delete_dag.py
[2023-12-13T11:25:13.628+0000] {logging_mixin.py:117} INFO - [2023-12-13T11:25:13.628+0000] {dag.py:2573} INFO - Sync 1 DAGs
[2023-12-13T11:25:13.654+0000] {logging_mixin.py:117} INFO - [2023-12-13T11:25:13.654+0000] {dag.py:3328} INFO - Setting next_dagrun for otp_archival-temp3 to 2023-11-01T21:30:00+00:00, run_after=2023-12-01T21:30:00+00:00
[2023-12-13T11:25:13.671+0000] {processor.py:178} INFO - Processing /opt/airflow/dags/delete_dag.py took 0.145 seconds
[2023-12-13T11:25:44.466+0000] {processor.py:156} INFO - Started process (PID=350) to work on /opt/airflow/dags/delete_dag.py
[2023-12-13T11:25:44.468+0000] {processor.py:758} INFO - Processing file /opt/airflow/dags/delete_dag.py for tasks to queue
[2023-12-13T11:25:44.469+0000] {logging_mixin.py:117} INFO - [2023-12-13T11:25:44.469+0000] {dagbag.py:525} INFO - Filling up the DagBag from /opt/airflow/dags/delete_dag.py
[2023-12-13T11:25:44.496+0000] {processor.py:768} INFO - DAG(s) dict_keys(['otp_archival-temp3']) retrieved from /opt/airflow/dags/delete_dag.py
[2023-12-13T11:25:44.534+0000] {logging_mixin.py:117} INFO - [2023-12-13T11:25:44.534+0000] {dag.py:2573} INFO - Sync 1 DAGs
[2023-12-13T11:25:44.555+0000] {logging_mixin.py:117} INFO - [2023-12-13T11:25:44.555+0000] {dag.py:3328} INFO - Setting next_dagrun for otp_archival-temp3 to 2023-11-01T21:30:00+00:00, run_after=2023-12-01T21:30:00+00:00
[2023-12-13T11:25:44.570+0000] {processor.py:178} INFO - Processing /opt/airflow/dags/delete_dag.py took 0.108 seconds
[2023-12-13T11:26:14.910+0000] {processor.py:156} INFO - Started process (PID=414) to work on /opt/airflow/dags/delete_dag.py
[2023-12-13T11:26:14.911+0000] {processor.py:758} INFO - Processing file /opt/airflow/dags/delete_dag.py for tasks to queue
[2023-12-13T11:26:14.913+0000] {logging_mixin.py:117} INFO - [2023-12-13T11:26:14.912+0000] {dagbag.py:525} INFO - Filling up the DagBag from /opt/airflow/dags/delete_dag.py
[2023-12-13T11:26:14.935+0000] {processor.py:768} INFO - DAG(s) dict_keys(['otp_archival-temp3']) retrieved from /opt/airflow/dags/delete_dag.py
[2023-12-13T11:26:14.979+0000] {logging_mixin.py:117} INFO - [2023-12-13T11:26:14.979+0000] {dag.py:2573} INFO - Sync 1 DAGs
[2023-12-13T11:26:15.005+0000] {logging_mixin.py:117} INFO - [2023-12-13T11:26:15.005+0000] {dag.py:3328} INFO - Setting next_dagrun for otp_archival-temp3 to 2023-11-01T21:30:00+00:00, run_after=2023-12-01T21:30:00+00:00
[2023-12-13T11:26:15.018+0000] {processor.py:178} INFO - Processing /opt/airflow/dags/delete_dag.py took 0.112 seconds
