[2023-12-13T11:28:10.795+0000] {processor.py:156} INFO - Started process (PID=651) to work on /opt/airflow/dags/matching_script_dag.py
[2023-12-13T11:28:10.796+0000] {processor.py:758} INFO - Processing file /opt/airflow/dags/matching_script_dag.py for tasks to queue
[2023-12-13T11:28:10.797+0000] {logging_mixin.py:117} INFO - [2023-12-13T11:28:10.797+0000] {dagbag.py:525} INFO - Filling up the DagBag from /opt/airflow/dags/matching_script_dag.py
[2023-12-13T11:28:10.819+0000] {processor.py:768} INFO - DAG(s) dict_keys(['ucin_matching']) retrieved from /opt/airflow/dags/matching_script_dag.py
[2023-12-13T11:28:10.987+0000] {logging_mixin.py:117} INFO - [2023-12-13T11:28:10.987+0000] {manager.py:507} INFO - Created Permission View: can delete on DAG:ucin_matching
[2023-12-13T11:28:10.994+0000] {logging_mixin.py:117} INFO - [2023-12-13T11:28:10.994+0000] {manager.py:507} INFO - Created Permission View: can edit on DAG:ucin_matching
[2023-12-13T11:28:10.998+0000] {logging_mixin.py:117} INFO - [2023-12-13T11:28:10.998+0000] {manager.py:507} INFO - Created Permission View: can read on DAG:ucin_matching
[2023-12-13T11:28:10.999+0000] {logging_mixin.py:117} INFO - [2023-12-13T11:28:10.999+0000] {dag.py:2573} INFO - Sync 1 DAGs
[2023-12-13T11:28:11.009+0000] {logging_mixin.py:117} INFO - [2023-12-13T11:28:11.009+0000] {dag.py:2594} INFO - Creating ORM DAG for ucin_matching
[2023-12-13T11:28:11.018+0000] {logging_mixin.py:117} INFO - [2023-12-13T11:28:11.017+0000] {dag.py:3328} INFO - Setting next_dagrun for ucin_matching to 2023-12-11T23:30:00+00:00, run_after=2023-12-12T23:30:00+00:00
[2023-12-13T11:28:11.032+0000] {processor.py:178} INFO - Processing /opt/airflow/dags/matching_script_dag.py took 0.239 seconds
[2023-12-13T11:28:41.264+0000] {processor.py:156} INFO - Started process (PID=714) to work on /opt/airflow/dags/matching_script_dag.py
[2023-12-13T11:28:41.266+0000] {processor.py:758} INFO - Processing file /opt/airflow/dags/matching_script_dag.py for tasks to queue
[2023-12-13T11:28:41.267+0000] {logging_mixin.py:117} INFO - [2023-12-13T11:28:41.266+0000] {dagbag.py:525} INFO - Filling up the DagBag from /opt/airflow/dags/matching_script_dag.py
[2023-12-13T11:28:41.308+0000] {processor.py:768} INFO - DAG(s) dict_keys(['ucin_matching']) retrieved from /opt/airflow/dags/matching_script_dag.py
[2023-12-13T11:28:41.359+0000] {logging_mixin.py:117} INFO - [2023-12-13T11:28:41.358+0000] {dag.py:2573} INFO - Sync 1 DAGs
[2023-12-13T11:28:41.393+0000] {logging_mixin.py:117} INFO - [2023-12-13T11:28:41.393+0000] {dag.py:3328} INFO - Setting next_dagrun for ucin_matching to 2023-12-11T23:30:00+00:00, run_after=2023-12-12T23:30:00+00:00
[2023-12-13T11:28:41.408+0000] {processor.py:178} INFO - Processing /opt/airflow/dags/matching_script_dag.py took 0.149 seconds
[2023-12-13T11:28:53.011+0000] {processor.py:156} INFO - Started process (PID=39) to work on /opt/airflow/dags/matching_script_dag.py
[2023-12-13T11:28:53.013+0000] {processor.py:758} INFO - Processing file /opt/airflow/dags/matching_script_dag.py for tasks to queue
[2023-12-13T11:28:53.014+0000] {logging_mixin.py:117} INFO - [2023-12-13T11:28:53.014+0000] {dagbag.py:525} INFO - Filling up the DagBag from /opt/airflow/dags/matching_script_dag.py
[2023-12-13T11:28:53.053+0000] {processor.py:768} INFO - DAG(s) dict_keys(['ucin_matching']) retrieved from /opt/airflow/dags/matching_script_dag.py
[2023-12-13T11:28:53.177+0000] {logging_mixin.py:117} INFO - [2023-12-13T11:28:53.177+0000] {dag.py:2573} INFO - Sync 1 DAGs
[2023-12-13T11:28:53.206+0000] {logging_mixin.py:117} INFO - [2023-12-13T11:28:53.206+0000] {dag.py:3328} INFO - Setting next_dagrun for ucin_matching to 2023-12-11T23:30:00+00:00, run_after=2023-12-12T23:30:00+00:00
[2023-12-13T11:28:53.226+0000] {processor.py:178} INFO - Processing /opt/airflow/dags/matching_script_dag.py took 0.219 seconds
[2023-12-13T11:29:23.734+0000] {processor.py:156} INFO - Started process (PID=103) to work on /opt/airflow/dags/matching_script_dag.py
[2023-12-13T11:29:23.736+0000] {processor.py:758} INFO - Processing file /opt/airflow/dags/matching_script_dag.py for tasks to queue
[2023-12-13T11:29:23.737+0000] {logging_mixin.py:117} INFO - [2023-12-13T11:29:23.737+0000] {dagbag.py:525} INFO - Filling up the DagBag from /opt/airflow/dags/matching_script_dag.py
[2023-12-13T11:29:23.764+0000] {processor.py:768} INFO - DAG(s) dict_keys(['ucin_matching']) retrieved from /opt/airflow/dags/matching_script_dag.py
[2023-12-13T11:29:23.811+0000] {logging_mixin.py:117} INFO - [2023-12-13T11:29:23.811+0000] {dag.py:2573} INFO - Sync 1 DAGs
[2023-12-13T11:29:23.834+0000] {logging_mixin.py:117} INFO - [2023-12-13T11:29:23.834+0000] {dag.py:3328} INFO - Setting next_dagrun for ucin_matching to 2023-12-11T23:30:00+00:00, run_after=2023-12-12T23:30:00+00:00
[2023-12-13T11:29:23.847+0000] {processor.py:178} INFO - Processing /opt/airflow/dags/matching_script_dag.py took 0.118 seconds
[2023-12-13T11:29:54.433+0000] {processor.py:156} INFO - Started process (PID=169) to work on /opt/airflow/dags/matching_script_dag.py
[2023-12-13T11:29:54.434+0000] {processor.py:758} INFO - Processing file /opt/airflow/dags/matching_script_dag.py for tasks to queue
[2023-12-13T11:29:54.436+0000] {logging_mixin.py:117} INFO - [2023-12-13T11:29:54.436+0000] {dagbag.py:525} INFO - Filling up the DagBag from /opt/airflow/dags/matching_script_dag.py
[2023-12-13T11:29:54.454+0000] {processor.py:768} INFO - DAG(s) dict_keys(['ucin_matching']) retrieved from /opt/airflow/dags/matching_script_dag.py
[2023-12-13T11:29:54.495+0000] {logging_mixin.py:117} INFO - [2023-12-13T11:29:54.495+0000] {dag.py:2573} INFO - Sync 1 DAGs
[2023-12-13T11:29:54.523+0000] {logging_mixin.py:117} INFO - [2023-12-13T11:29:54.523+0000] {dag.py:3328} INFO - Setting next_dagrun for ucin_matching to 2023-12-11T23:30:00+00:00, run_after=2023-12-12T23:30:00+00:00
[2023-12-13T11:29:54.538+0000] {processor.py:178} INFO - Processing /opt/airflow/dags/matching_script_dag.py took 0.110 seconds
[2023-12-13T11:30:25.107+0000] {processor.py:156} INFO - Started process (PID=225) to work on /opt/airflow/dags/matching_script_dag.py
[2023-12-13T11:30:25.109+0000] {processor.py:758} INFO - Processing file /opt/airflow/dags/matching_script_dag.py for tasks to queue
[2023-12-13T11:30:25.109+0000] {logging_mixin.py:117} INFO - [2023-12-13T11:30:25.109+0000] {dagbag.py:525} INFO - Filling up the DagBag from /opt/airflow/dags/matching_script_dag.py
[2023-12-13T11:30:25.132+0000] {processor.py:768} INFO - DAG(s) dict_keys(['ucin_matching']) retrieved from /opt/airflow/dags/matching_script_dag.py
[2023-12-13T11:30:25.211+0000] {logging_mixin.py:117} INFO - [2023-12-13T11:30:25.211+0000] {dag.py:2573} INFO - Sync 1 DAGs
[2023-12-13T11:30:25.235+0000] {logging_mixin.py:117} INFO - [2023-12-13T11:30:25.235+0000] {dag.py:3328} INFO - Setting next_dagrun for ucin_matching to 2023-12-11T23:30:00+00:00, run_after=2023-12-12T23:30:00+00:00
[2023-12-13T11:30:25.252+0000] {processor.py:178} INFO - Processing /opt/airflow/dags/matching_script_dag.py took 0.149 seconds
[2023-12-13T11:30:55.733+0000] {processor.py:156} INFO - Started process (PID=290) to work on /opt/airflow/dags/matching_script_dag.py
[2023-12-13T11:30:55.735+0000] {processor.py:758} INFO - Processing file /opt/airflow/dags/matching_script_dag.py for tasks to queue
[2023-12-13T11:30:55.736+0000] {logging_mixin.py:117} INFO - [2023-12-13T11:30:55.736+0000] {dagbag.py:525} INFO - Filling up the DagBag from /opt/airflow/dags/matching_script_dag.py
[2023-12-13T11:30:55.762+0000] {processor.py:768} INFO - DAG(s) dict_keys(['ucin_matching']) retrieved from /opt/airflow/dags/matching_script_dag.py
[2023-12-13T11:30:55.831+0000] {logging_mixin.py:117} INFO - [2023-12-13T11:30:55.831+0000] {dag.py:2573} INFO - Sync 1 DAGs
[2023-12-13T11:30:55.858+0000] {logging_mixin.py:117} INFO - [2023-12-13T11:30:55.857+0000] {dag.py:3328} INFO - Setting next_dagrun for ucin_matching to 2023-12-11T23:30:00+00:00, run_after=2023-12-12T23:30:00+00:00
[2023-12-13T11:30:55.873+0000] {processor.py:178} INFO - Processing /opt/airflow/dags/matching_script_dag.py took 0.145 seconds
[2023-12-13T11:31:17.272+0000] {processor.py:156} INFO - Started process (PID=346) to work on /opt/airflow/dags/matching_script_dag.py
[2023-12-13T11:31:17.273+0000] {processor.py:758} INFO - Processing file /opt/airflow/dags/matching_script_dag.py for tasks to queue
[2023-12-13T11:31:17.274+0000] {logging_mixin.py:117} INFO - [2023-12-13T11:31:17.274+0000] {dagbag.py:525} INFO - Filling up the DagBag from /opt/airflow/dags/matching_script_dag.py
[2023-12-13T11:31:17.301+0000] {processor.py:768} INFO - DAG(s) dict_keys(['ucin_matching']) retrieved from /opt/airflow/dags/matching_script_dag.py
[2023-12-13T11:31:17.332+0000] {logging_mixin.py:117} INFO - [2023-12-13T11:31:17.331+0000] {dag.py:1292} INFO - Executing dag callback function: <function task_failure_callback at 0xffffac93f440>
[2023-12-13T11:31:17.503+0000] {logging_mixin.py:117} INFO - [2023-12-13T11:31:17.501+0000] {dag.py:1301} ERROR - failed to invoke dag state update callback
Traceback (most recent call last):
  File "/home/airflow/.local/lib/python3.7/site-packages/airflow/models/dag.py", line 1299, in handle_callback
    callback(context)
  File "/opt/airflow/dags/matching_script_dag.py", line 40, in task_failure_callback
    send_message(context, ":red_circle: Airflow Task Failed.")
  File "/opt/airflow/dags/matching_script_dag.py", line 27, in send_message
    POD_HOST, Variable.get(AIRFLOW_HOST)
  File "/home/airflow/.local/lib/python3.7/site-packages/airflow/models/variable.py", line 141, in get
    raise KeyError(f'Variable {key} does not exist')
KeyError: 'Variable AIRFLOW_HOST does not exist'
[2023-12-13T11:31:17.532+0000] {logging_mixin.py:117} INFO - [2023-12-13T11:31:17.532+0000] {dag.py:2573} INFO - Sync 1 DAGs
[2023-12-13T11:31:17.612+0000] {processor.py:178} INFO - Processing /opt/airflow/dags/matching_script_dag.py took 0.344 seconds
[2023-12-13T11:31:19.864+0000] {processor.py:156} INFO - Started process (PID=354) to work on /opt/airflow/dags/matching_script_dag.py
[2023-12-13T11:31:19.865+0000] {processor.py:758} INFO - Processing file /opt/airflow/dags/matching_script_dag.py for tasks to queue
[2023-12-13T11:31:19.866+0000] {logging_mixin.py:117} INFO - [2023-12-13T11:31:19.866+0000] {dagbag.py:525} INFO - Filling up the DagBag from /opt/airflow/dags/matching_script_dag.py
[2023-12-13T11:31:19.883+0000] {processor.py:768} INFO - DAG(s) dict_keys(['ucin_matching']) retrieved from /opt/airflow/dags/matching_script_dag.py
[2023-12-13T11:31:19.895+0000] {logging_mixin.py:117} INFO - [2023-12-13T11:31:19.895+0000] {dag.py:1292} INFO - Executing dag callback function: <function task_failure_callback at 0xffffac948c20>
[2023-12-13T11:31:20.027+0000] {logging_mixin.py:117} INFO - [2023-12-13T11:31:20.026+0000] {dag.py:1301} ERROR - failed to invoke dag state update callback
Traceback (most recent call last):
  File "/home/airflow/.local/lib/python3.7/site-packages/airflow/models/dag.py", line 1299, in handle_callback
    callback(context)
  File "/opt/airflow/dags/matching_script_dag.py", line 40, in task_failure_callback
    send_message(context, ":red_circle: Airflow Task Failed.")
  File "/opt/airflow/dags/matching_script_dag.py", line 27, in send_message
    POD_HOST, Variable.get(AIRFLOW_HOST)
  File "/home/airflow/.local/lib/python3.7/site-packages/airflow/models/variable.py", line 141, in get
    raise KeyError(f'Variable {key} does not exist')
KeyError: 'Variable AIRFLOW_HOST does not exist'
[2023-12-13T11:31:20.048+0000] {logging_mixin.py:117} INFO - [2023-12-13T11:31:20.048+0000] {dag.py:2573} INFO - Sync 1 DAGs
[2023-12-13T11:31:20.064+0000] {logging_mixin.py:117} INFO - [2023-12-13T11:31:20.064+0000] {dag.py:3328} INFO - Setting next_dagrun for ucin_matching to 2023-12-12T23:30:00+00:00, run_after=2023-12-13T23:30:00+00:00
[2023-12-13T11:31:20.077+0000] {processor.py:178} INFO - Processing /opt/airflow/dags/matching_script_dag.py took 0.217 seconds
[2023-12-13T11:31:50.605+0000] {processor.py:156} INFO - Started process (PID=412) to work on /opt/airflow/dags/matching_script_dag.py
[2023-12-13T11:31:50.607+0000] {processor.py:758} INFO - Processing file /opt/airflow/dags/matching_script_dag.py for tasks to queue
[2023-12-13T11:31:50.608+0000] {logging_mixin.py:117} INFO - [2023-12-13T11:31:50.608+0000] {dagbag.py:525} INFO - Filling up the DagBag from /opt/airflow/dags/matching_script_dag.py
[2023-12-13T11:31:50.639+0000] {processor.py:768} INFO - DAG(s) dict_keys(['ucin_matching']) retrieved from /opt/airflow/dags/matching_script_dag.py
[2023-12-13T11:31:50.686+0000] {logging_mixin.py:117} INFO - [2023-12-13T11:31:50.685+0000] {dag.py:2573} INFO - Sync 1 DAGs
[2023-12-13T11:31:50.711+0000] {logging_mixin.py:117} INFO - [2023-12-13T11:31:50.711+0000] {dag.py:3328} INFO - Setting next_dagrun for ucin_matching to 2023-12-12T23:30:00+00:00, run_after=2023-12-13T23:30:00+00:00
[2023-12-13T11:31:50.733+0000] {processor.py:178} INFO - Processing /opt/airflow/dags/matching_script_dag.py took 0.134 seconds
[2023-12-13T11:32:21.134+0000] {processor.py:156} INFO - Started process (PID=477) to work on /opt/airflow/dags/matching_script_dag.py
[2023-12-13T11:32:21.135+0000] {processor.py:758} INFO - Processing file /opt/airflow/dags/matching_script_dag.py for tasks to queue
[2023-12-13T11:32:21.136+0000] {logging_mixin.py:117} INFO - [2023-12-13T11:32:21.136+0000] {dagbag.py:525} INFO - Filling up the DagBag from /opt/airflow/dags/matching_script_dag.py
[2023-12-13T11:32:21.161+0000] {processor.py:768} INFO - DAG(s) dict_keys(['ucin_matching']) retrieved from /opt/airflow/dags/matching_script_dag.py
[2023-12-13T11:32:21.208+0000] {logging_mixin.py:117} INFO - [2023-12-13T11:32:21.208+0000] {dag.py:2573} INFO - Sync 1 DAGs
[2023-12-13T11:32:21.234+0000] {logging_mixin.py:117} INFO - [2023-12-13T11:32:21.233+0000] {dag.py:3328} INFO - Setting next_dagrun for ucin_matching to 2023-12-12T23:30:00+00:00, run_after=2023-12-13T23:30:00+00:00
[2023-12-13T11:32:21.247+0000] {processor.py:178} INFO - Processing /opt/airflow/dags/matching_script_dag.py took 0.118 seconds
[2023-12-13T11:32:52.006+0000] {processor.py:156} INFO - Started process (PID=542) to work on /opt/airflow/dags/matching_script_dag.py
[2023-12-13T11:32:52.007+0000] {processor.py:758} INFO - Processing file /opt/airflow/dags/matching_script_dag.py for tasks to queue
[2023-12-13T11:32:52.009+0000] {logging_mixin.py:117} INFO - [2023-12-13T11:32:52.009+0000] {dagbag.py:525} INFO - Filling up the DagBag from /opt/airflow/dags/matching_script_dag.py
[2023-12-13T11:32:52.032+0000] {processor.py:768} INFO - DAG(s) dict_keys(['ucin_matching']) retrieved from /opt/airflow/dags/matching_script_dag.py
[2023-12-13T11:32:52.076+0000] {logging_mixin.py:117} INFO - [2023-12-13T11:32:52.076+0000] {dag.py:2573} INFO - Sync 1 DAGs
[2023-12-13T11:32:52.098+0000] {logging_mixin.py:117} INFO - [2023-12-13T11:32:52.098+0000] {dag.py:3328} INFO - Setting next_dagrun for ucin_matching to 2023-12-12T23:30:00+00:00, run_after=2023-12-13T23:30:00+00:00
[2023-12-13T11:32:52.111+0000] {processor.py:178} INFO - Processing /opt/airflow/dags/matching_script_dag.py took 0.111 seconds
[2023-12-13T11:33:22.638+0000] {processor.py:156} INFO - Started process (PID=607) to work on /opt/airflow/dags/matching_script_dag.py
[2023-12-13T11:33:22.639+0000] {processor.py:758} INFO - Processing file /opt/airflow/dags/matching_script_dag.py for tasks to queue
[2023-12-13T11:33:22.640+0000] {logging_mixin.py:117} INFO - [2023-12-13T11:33:22.640+0000] {dagbag.py:525} INFO - Filling up the DagBag from /opt/airflow/dags/matching_script_dag.py
[2023-12-13T11:33:22.665+0000] {processor.py:768} INFO - DAG(s) dict_keys(['ucin_matching']) retrieved from /opt/airflow/dags/matching_script_dag.py
[2023-12-13T11:33:22.712+0000] {logging_mixin.py:117} INFO - [2023-12-13T11:33:22.712+0000] {dag.py:2573} INFO - Sync 1 DAGs
[2023-12-13T11:33:22.734+0000] {logging_mixin.py:117} INFO - [2023-12-13T11:33:22.734+0000] {dag.py:3328} INFO - Setting next_dagrun for ucin_matching to 2023-12-12T23:30:00+00:00, run_after=2023-12-13T23:30:00+00:00
[2023-12-13T11:33:22.747+0000] {processor.py:178} INFO - Processing /opt/airflow/dags/matching_script_dag.py took 0.114 seconds
[2023-12-13T11:33:53.245+0000] {processor.py:156} INFO - Started process (PID=670) to work on /opt/airflow/dags/matching_script_dag.py
[2023-12-13T11:33:53.246+0000] {processor.py:758} INFO - Processing file /opt/airflow/dags/matching_script_dag.py for tasks to queue
[2023-12-13T11:33:53.247+0000] {logging_mixin.py:117} INFO - [2023-12-13T11:33:53.247+0000] {dagbag.py:525} INFO - Filling up the DagBag from /opt/airflow/dags/matching_script_dag.py
[2023-12-13T11:33:53.268+0000] {processor.py:768} INFO - DAG(s) dict_keys(['ucin_matching']) retrieved from /opt/airflow/dags/matching_script_dag.py
[2023-12-13T11:33:53.305+0000] {logging_mixin.py:117} INFO - [2023-12-13T11:33:53.305+0000] {dag.py:2573} INFO - Sync 1 DAGs
[2023-12-13T11:33:53.326+0000] {logging_mixin.py:117} INFO - [2023-12-13T11:33:53.326+0000] {dag.py:3328} INFO - Setting next_dagrun for ucin_matching to 2023-12-12T23:30:00+00:00, run_after=2023-12-13T23:30:00+00:00
[2023-12-13T11:33:53.340+0000] {processor.py:178} INFO - Processing /opt/airflow/dags/matching_script_dag.py took 0.099 seconds
[2023-12-13T11:34:23.591+0000] {processor.py:156} INFO - Started process (PID=728) to work on /opt/airflow/dags/matching_script_dag.py
[2023-12-13T11:34:23.592+0000] {processor.py:758} INFO - Processing file /opt/airflow/dags/matching_script_dag.py for tasks to queue
[2023-12-13T11:34:23.593+0000] {logging_mixin.py:117} INFO - [2023-12-13T11:34:23.593+0000] {dagbag.py:525} INFO - Filling up the DagBag from /opt/airflow/dags/matching_script_dag.py
[2023-12-13T11:34:23.620+0000] {processor.py:768} INFO - DAG(s) dict_keys(['ucin_matching']) retrieved from /opt/airflow/dags/matching_script_dag.py
[2023-12-13T11:34:23.683+0000] {logging_mixin.py:117} INFO - [2023-12-13T11:34:23.683+0000] {dag.py:2573} INFO - Sync 1 DAGs
[2023-12-13T11:34:23.706+0000] {logging_mixin.py:117} INFO - [2023-12-13T11:34:23.706+0000] {dag.py:3328} INFO - Setting next_dagrun for ucin_matching to 2023-12-12T23:30:00+00:00, run_after=2023-12-13T23:30:00+00:00
[2023-12-13T11:34:23.720+0000] {processor.py:178} INFO - Processing /opt/airflow/dags/matching_script_dag.py took 0.135 seconds
[2023-12-13T11:34:46.225+0000] {processor.py:156} INFO - Started process (PID=784) to work on /opt/airflow/dags/matching_script_dag.py
[2023-12-13T11:34:46.226+0000] {processor.py:758} INFO - Processing file /opt/airflow/dags/matching_script_dag.py for tasks to queue
[2023-12-13T11:34:46.227+0000] {logging_mixin.py:117} INFO - [2023-12-13T11:34:46.227+0000] {dagbag.py:525} INFO - Filling up the DagBag from /opt/airflow/dags/matching_script_dag.py
[2023-12-13T11:34:46.263+0000] {processor.py:768} INFO - DAG(s) dict_keys(['ucin_matching']) retrieved from /opt/airflow/dags/matching_script_dag.py
[2023-12-13T11:34:46.379+0000] {logging_mixin.py:117} INFO - [2023-12-13T11:34:46.378+0000] {dag.py:2573} INFO - Sync 1 DAGs
[2023-12-13T11:34:46.447+0000] {logging_mixin.py:117} INFO - [2023-12-13T11:34:46.447+0000] {dag.py:3328} INFO - Setting next_dagrun for ucin_matching to 2023-12-12T23:30:00+00:00, run_after=2023-12-13T23:30:00+00:00
[2023-12-13T11:34:46.488+0000] {processor.py:178} INFO - Processing /opt/airflow/dags/matching_script_dag.py took 0.268 seconds
[2023-12-13T11:35:00.211+0000] {processor.py:156} INFO - Started process (PID=39) to work on /opt/airflow/dags/matching_script_dag.py
[2023-12-13T11:35:00.214+0000] {processor.py:758} INFO - Processing file /opt/airflow/dags/matching_script_dag.py for tasks to queue
[2023-12-13T11:35:00.216+0000] {logging_mixin.py:117} INFO - [2023-12-13T11:35:00.216+0000] {dagbag.py:525} INFO - Filling up the DagBag from /opt/airflow/dags/matching_script_dag.py
[2023-12-13T11:35:00.247+0000] {processor.py:768} INFO - DAG(s) dict_keys(['ucin_matching']) retrieved from /opt/airflow/dags/matching_script_dag.py
[2023-12-13T11:35:00.381+0000] {logging_mixin.py:117} INFO - [2023-12-13T11:35:00.381+0000] {dag.py:2573} INFO - Sync 1 DAGs
[2023-12-13T11:35:00.424+0000] {logging_mixin.py:117} INFO - [2023-12-13T11:35:00.424+0000] {dag.py:3328} INFO - Setting next_dagrun for ucin_matching to 2023-12-12T23:30:00+00:00, run_after=2023-12-13T23:30:00+00:00
[2023-12-13T11:35:00.449+0000] {processor.py:178} INFO - Processing /opt/airflow/dags/matching_script_dag.py took 0.251 seconds
[2023-12-13T11:35:30.813+0000] {processor.py:156} INFO - Started process (PID=104) to work on /opt/airflow/dags/matching_script_dag.py
[2023-12-13T11:35:30.814+0000] {processor.py:758} INFO - Processing file /opt/airflow/dags/matching_script_dag.py for tasks to queue
[2023-12-13T11:35:30.815+0000] {logging_mixin.py:117} INFO - [2023-12-13T11:35:30.815+0000] {dagbag.py:525} INFO - Filling up the DagBag from /opt/airflow/dags/matching_script_dag.py
[2023-12-13T11:35:30.845+0000] {processor.py:768} INFO - DAG(s) dict_keys(['ucin_matching']) retrieved from /opt/airflow/dags/matching_script_dag.py
[2023-12-13T11:35:30.883+0000] {logging_mixin.py:117} INFO - [2023-12-13T11:35:30.883+0000] {dag.py:2573} INFO - Sync 1 DAGs
[2023-12-13T11:35:30.904+0000] {logging_mixin.py:117} INFO - [2023-12-13T11:35:30.904+0000] {dag.py:3328} INFO - Setting next_dagrun for ucin_matching to 2023-12-12T23:30:00+00:00, run_after=2023-12-13T23:30:00+00:00
[2023-12-13T11:35:30.917+0000] {processor.py:178} INFO - Processing /opt/airflow/dags/matching_script_dag.py took 0.111 seconds
[2023-12-13T11:36:01.236+0000] {processor.py:156} INFO - Started process (PID=170) to work on /opt/airflow/dags/matching_script_dag.py
[2023-12-13T11:36:01.238+0000] {processor.py:758} INFO - Processing file /opt/airflow/dags/matching_script_dag.py for tasks to queue
[2023-12-13T11:36:01.239+0000] {logging_mixin.py:117} INFO - [2023-12-13T11:36:01.239+0000] {dagbag.py:525} INFO - Filling up the DagBag from /opt/airflow/dags/matching_script_dag.py
[2023-12-13T11:36:01.269+0000] {processor.py:768} INFO - DAG(s) dict_keys(['ucin_matching']) retrieved from /opt/airflow/dags/matching_script_dag.py
[2023-12-13T11:36:01.337+0000] {logging_mixin.py:117} INFO - [2023-12-13T11:36:01.335+0000] {dag.py:2573} INFO - Sync 1 DAGs
[2023-12-13T11:36:01.393+0000] {processor.py:178} INFO - Processing /opt/airflow/dags/matching_script_dag.py took 0.160 seconds
[2023-12-13T11:36:05.336+0000] {processor.py:156} INFO - Started process (PID=198) to work on /opt/airflow/dags/matching_script_dag.py
[2023-12-13T11:36:05.337+0000] {processor.py:758} INFO - Processing file /opt/airflow/dags/matching_script_dag.py for tasks to queue
[2023-12-13T11:36:05.337+0000] {logging_mixin.py:117} INFO - [2023-12-13T11:36:05.337+0000] {dagbag.py:525} INFO - Filling up the DagBag from /opt/airflow/dags/matching_script_dag.py
[2023-12-13T11:36:05.350+0000] {processor.py:768} INFO - DAG(s) dict_keys(['ucin_matching']) retrieved from /opt/airflow/dags/matching_script_dag.py
[2023-12-13T11:36:05.362+0000] {logging_mixin.py:117} INFO - [2023-12-13T11:36:05.362+0000] {dag.py:1292} INFO - Executing dag callback function: <function task_failure_callback at 0xffff8c7e39e0>
[2023-12-13T11:36:05.488+0000] {logging_mixin.py:117} INFO - [2023-12-13T11:36:05.487+0000] {dag.py:1301} ERROR - failed to invoke dag state update callback
Traceback (most recent call last):
  File "/home/airflow/.local/lib/python3.7/site-packages/airflow/models/dag.py", line 1299, in handle_callback
    callback(context)
  File "/opt/airflow/dags/matching_script_dag.py", line 40, in task_failure_callback
    send_message(context, ":red_circle: Airflow Task Failed.")
  File "/opt/airflow/dags/matching_script_dag.py", line 27, in send_message
    POD_HOST, Variable.get(AIRFLOW_HOST)
  File "/home/airflow/.local/lib/python3.7/site-packages/airflow/models/variable.py", line 141, in get
    raise KeyError(f'Variable {key} does not exist')
KeyError: 'Variable AIRFLOW_HOST does not exist'
[2023-12-13T11:36:05.507+0000] {logging_mixin.py:117} INFO - [2023-12-13T11:36:05.506+0000] {dag.py:2573} INFO - Sync 1 DAGs
[2023-12-13T11:36:05.521+0000] {logging_mixin.py:117} INFO - [2023-12-13T11:36:05.521+0000] {dag.py:3328} INFO - Setting next_dagrun for ucin_matching to 2023-12-12T23:30:00+00:00, run_after=2023-12-13T23:30:00+00:00
[2023-12-13T11:36:05.533+0000] {processor.py:178} INFO - Processing /opt/airflow/dags/matching_script_dag.py took 0.199 seconds
[2023-12-13T11:36:35.736+0000] {processor.py:156} INFO - Started process (PID=256) to work on /opt/airflow/dags/matching_script_dag.py
[2023-12-13T11:36:35.738+0000] {processor.py:758} INFO - Processing file /opt/airflow/dags/matching_script_dag.py for tasks to queue
[2023-12-13T11:36:35.739+0000] {logging_mixin.py:117} INFO - [2023-12-13T11:36:35.738+0000] {dagbag.py:525} INFO - Filling up the DagBag from /opt/airflow/dags/matching_script_dag.py
[2023-12-13T11:36:35.754+0000] {processor.py:768} INFO - DAG(s) dict_keys(['ucin_matching']) retrieved from /opt/airflow/dags/matching_script_dag.py
[2023-12-13T11:36:35.785+0000] {logging_mixin.py:117} INFO - [2023-12-13T11:36:35.785+0000] {dag.py:2573} INFO - Sync 1 DAGs
[2023-12-13T11:36:35.804+0000] {logging_mixin.py:117} INFO - [2023-12-13T11:36:35.804+0000] {dag.py:3328} INFO - Setting next_dagrun for ucin_matching to 2023-12-12T23:30:00+00:00, run_after=2023-12-13T23:30:00+00:00
[2023-12-13T11:36:35.818+0000] {processor.py:178} INFO - Processing /opt/airflow/dags/matching_script_dag.py took 0.085 seconds
[2023-12-13T11:37:06.325+0000] {processor.py:156} INFO - Started process (PID=318) to work on /opt/airflow/dags/matching_script_dag.py
[2023-12-13T11:37:06.326+0000] {processor.py:758} INFO - Processing file /opt/airflow/dags/matching_script_dag.py for tasks to queue
[2023-12-13T11:37:06.327+0000] {logging_mixin.py:117} INFO - [2023-12-13T11:37:06.326+0000] {dagbag.py:525} INFO - Filling up the DagBag from /opt/airflow/dags/matching_script_dag.py
[2023-12-13T11:37:06.343+0000] {processor.py:768} INFO - DAG(s) dict_keys(['ucin_matching']) retrieved from /opt/airflow/dags/matching_script_dag.py
[2023-12-13T11:37:06.375+0000] {logging_mixin.py:117} INFO - [2023-12-13T11:37:06.375+0000] {dag.py:2573} INFO - Sync 1 DAGs
[2023-12-13T11:37:06.396+0000] {logging_mixin.py:117} INFO - [2023-12-13T11:37:06.396+0000] {dag.py:3328} INFO - Setting next_dagrun for ucin_matching to 2023-12-12T23:30:00+00:00, run_after=2023-12-13T23:30:00+00:00
[2023-12-13T11:37:06.409+0000] {processor.py:178} INFO - Processing /opt/airflow/dags/matching_script_dag.py took 0.087 seconds
[2023-12-13T11:37:37.045+0000] {processor.py:156} INFO - Started process (PID=377) to work on /opt/airflow/dags/matching_script_dag.py
[2023-12-13T11:37:37.047+0000] {processor.py:758} INFO - Processing file /opt/airflow/dags/matching_script_dag.py for tasks to queue
[2023-12-13T11:37:37.047+0000] {logging_mixin.py:117} INFO - [2023-12-13T11:37:37.047+0000] {dagbag.py:525} INFO - Filling up the DagBag from /opt/airflow/dags/matching_script_dag.py
[2023-12-13T11:37:37.061+0000] {processor.py:768} INFO - DAG(s) dict_keys(['ucin_matching']) retrieved from /opt/airflow/dags/matching_script_dag.py
[2023-12-13T11:37:37.090+0000] {logging_mixin.py:117} INFO - [2023-12-13T11:37:37.090+0000] {dag.py:2573} INFO - Sync 1 DAGs
[2023-12-13T11:37:37.109+0000] {logging_mixin.py:117} INFO - [2023-12-13T11:37:37.109+0000] {dag.py:3328} INFO - Setting next_dagrun for ucin_matching to 2023-12-12T23:30:00+00:00, run_after=2023-12-13T23:30:00+00:00
[2023-12-13T11:37:37.121+0000] {processor.py:178} INFO - Processing /opt/airflow/dags/matching_script_dag.py took 0.081 seconds
[2023-12-13T11:38:07.698+0000] {processor.py:156} INFO - Started process (PID=442) to work on /opt/airflow/dags/matching_script_dag.py
[2023-12-13T11:38:07.699+0000] {processor.py:758} INFO - Processing file /opt/airflow/dags/matching_script_dag.py for tasks to queue
[2023-12-13T11:38:07.700+0000] {logging_mixin.py:117} INFO - [2023-12-13T11:38:07.700+0000] {dagbag.py:525} INFO - Filling up the DagBag from /opt/airflow/dags/matching_script_dag.py
[2023-12-13T11:38:07.716+0000] {processor.py:768} INFO - DAG(s) dict_keys(['ucin_matching']) retrieved from /opt/airflow/dags/matching_script_dag.py
[2023-12-13T11:38:07.755+0000] {logging_mixin.py:117} INFO - [2023-12-13T11:38:07.755+0000] {dag.py:2573} INFO - Sync 1 DAGs
[2023-12-13T11:38:07.792+0000] {logging_mixin.py:117} INFO - [2023-12-13T11:38:07.792+0000] {dag.py:3328} INFO - Setting next_dagrun for ucin_matching to 2023-12-12T23:30:00+00:00, run_after=2023-12-13T23:30:00+00:00
[2023-12-13T11:38:07.812+0000] {processor.py:178} INFO - Processing /opt/airflow/dags/matching_script_dag.py took 0.117 seconds
[2023-12-13T11:38:38.468+0000] {processor.py:156} INFO - Started process (PID=507) to work on /opt/airflow/dags/matching_script_dag.py
[2023-12-13T11:38:38.469+0000] {processor.py:758} INFO - Processing file /opt/airflow/dags/matching_script_dag.py for tasks to queue
[2023-12-13T11:38:38.470+0000] {logging_mixin.py:117} INFO - [2023-12-13T11:38:38.470+0000] {dagbag.py:525} INFO - Filling up the DagBag from /opt/airflow/dags/matching_script_dag.py
[2023-12-13T11:38:38.484+0000] {processor.py:768} INFO - DAG(s) dict_keys(['ucin_matching']) retrieved from /opt/airflow/dags/matching_script_dag.py
[2023-12-13T11:38:38.516+0000] {logging_mixin.py:117} INFO - [2023-12-13T11:38:38.516+0000] {dag.py:2573} INFO - Sync 1 DAGs
[2023-12-13T11:38:38.542+0000] {logging_mixin.py:117} INFO - [2023-12-13T11:38:38.542+0000] {dag.py:3328} INFO - Setting next_dagrun for ucin_matching to 2023-12-12T23:30:00+00:00, run_after=2023-12-13T23:30:00+00:00
[2023-12-13T11:38:38.557+0000] {processor.py:178} INFO - Processing /opt/airflow/dags/matching_script_dag.py took 0.092 seconds
[2023-12-13T11:39:08.885+0000] {processor.py:156} INFO - Started process (PID=572) to work on /opt/airflow/dags/matching_script_dag.py
[2023-12-13T11:39:08.886+0000] {processor.py:758} INFO - Processing file /opt/airflow/dags/matching_script_dag.py for tasks to queue
[2023-12-13T11:39:08.886+0000] {logging_mixin.py:117} INFO - [2023-12-13T11:39:08.886+0000] {dagbag.py:525} INFO - Filling up the DagBag from /opt/airflow/dags/matching_script_dag.py
[2023-12-13T11:39:08.901+0000] {processor.py:768} INFO - DAG(s) dict_keys(['ucin_matching']) retrieved from /opt/airflow/dags/matching_script_dag.py
[2023-12-13T11:39:08.929+0000] {logging_mixin.py:117} INFO - [2023-12-13T11:39:08.929+0000] {dag.py:2573} INFO - Sync 1 DAGs
[2023-12-13T11:39:08.947+0000] {logging_mixin.py:117} INFO - [2023-12-13T11:39:08.947+0000] {dag.py:3328} INFO - Setting next_dagrun for ucin_matching to 2023-12-12T23:30:00+00:00, run_after=2023-12-13T23:30:00+00:00
[2023-12-13T11:39:08.962+0000] {processor.py:178} INFO - Processing /opt/airflow/dags/matching_script_dag.py took 0.081 seconds
[2023-12-13T11:39:39.344+0000] {processor.py:156} INFO - Started process (PID=628) to work on /opt/airflow/dags/matching_script_dag.py
[2023-12-13T11:39:39.345+0000] {processor.py:758} INFO - Processing file /opt/airflow/dags/matching_script_dag.py for tasks to queue
[2023-12-13T11:39:39.346+0000] {logging_mixin.py:117} INFO - [2023-12-13T11:39:39.346+0000] {dagbag.py:525} INFO - Filling up the DagBag from /opt/airflow/dags/matching_script_dag.py
[2023-12-13T11:39:39.362+0000] {processor.py:768} INFO - DAG(s) dict_keys(['ucin_matching']) retrieved from /opt/airflow/dags/matching_script_dag.py
[2023-12-13T11:39:39.400+0000] {logging_mixin.py:117} INFO - [2023-12-13T11:39:39.400+0000] {dag.py:2573} INFO - Sync 1 DAGs
[2023-12-13T11:39:39.424+0000] {logging_mixin.py:117} INFO - [2023-12-13T11:39:39.424+0000] {dag.py:3328} INFO - Setting next_dagrun for ucin_matching to 2023-12-12T23:30:00+00:00, run_after=2023-12-13T23:30:00+00:00
[2023-12-13T11:39:39.439+0000] {processor.py:178} INFO - Processing /opt/airflow/dags/matching_script_dag.py took 0.098 seconds
[2023-12-13T11:40:09.987+0000] {processor.py:156} INFO - Started process (PID=693) to work on /opt/airflow/dags/matching_script_dag.py
[2023-12-13T11:40:09.989+0000] {processor.py:758} INFO - Processing file /opt/airflow/dags/matching_script_dag.py for tasks to queue
[2023-12-13T11:40:09.989+0000] {logging_mixin.py:117} INFO - [2023-12-13T11:40:09.989+0000] {dagbag.py:525} INFO - Filling up the DagBag from /opt/airflow/dags/matching_script_dag.py
[2023-12-13T11:40:10.007+0000] {processor.py:768} INFO - DAG(s) dict_keys(['ucin_matching']) retrieved from /opt/airflow/dags/matching_script_dag.py
[2023-12-13T11:40:10.037+0000] {logging_mixin.py:117} INFO - [2023-12-13T11:40:10.037+0000] {dag.py:2573} INFO - Sync 1 DAGs
[2023-12-13T11:40:10.056+0000] {logging_mixin.py:117} INFO - [2023-12-13T11:40:10.056+0000] {dag.py:3328} INFO - Setting next_dagrun for ucin_matching to 2023-12-12T23:30:00+00:00, run_after=2023-12-13T23:30:00+00:00
[2023-12-13T11:40:10.071+0000] {processor.py:178} INFO - Processing /opt/airflow/dags/matching_script_dag.py took 0.087 seconds
[2023-12-13T11:40:40.514+0000] {processor.py:156} INFO - Started process (PID=758) to work on /opt/airflow/dags/matching_script_dag.py
[2023-12-13T11:40:40.515+0000] {processor.py:758} INFO - Processing file /opt/airflow/dags/matching_script_dag.py for tasks to queue
[2023-12-13T11:40:40.516+0000] {logging_mixin.py:117} INFO - [2023-12-13T11:40:40.516+0000] {dagbag.py:525} INFO - Filling up the DagBag from /opt/airflow/dags/matching_script_dag.py
[2023-12-13T11:40:40.532+0000] {processor.py:768} INFO - DAG(s) dict_keys(['ucin_matching']) retrieved from /opt/airflow/dags/matching_script_dag.py
[2023-12-13T11:40:40.566+0000] {logging_mixin.py:117} INFO - [2023-12-13T11:40:40.566+0000] {dag.py:2573} INFO - Sync 1 DAGs
[2023-12-13T11:40:40.584+0000] {logging_mixin.py:117} INFO - [2023-12-13T11:40:40.584+0000] {dag.py:3328} INFO - Setting next_dagrun for ucin_matching to 2023-12-12T23:30:00+00:00, run_after=2023-12-13T23:30:00+00:00
[2023-12-13T11:40:40.595+0000] {processor.py:178} INFO - Processing /opt/airflow/dags/matching_script_dag.py took 0.086 seconds
[2023-12-13T11:43:48.181+0000] {processor.py:156} INFO - Started process (PID=39) to work on /opt/airflow/dags/matching_script_dag.py
[2023-12-13T11:43:48.183+0000] {processor.py:758} INFO - Processing file /opt/airflow/dags/matching_script_dag.py for tasks to queue
[2023-12-13T11:43:48.185+0000] {logging_mixin.py:117} INFO - [2023-12-13T11:43:48.185+0000] {dagbag.py:525} INFO - Filling up the DagBag from /opt/airflow/dags/matching_script_dag.py
[2023-12-13T11:43:48.277+0000] {processor.py:768} INFO - DAG(s) dict_keys(['ucin_matching']) retrieved from /opt/airflow/dags/matching_script_dag.py
[2023-12-13T11:43:48.539+0000] {logging_mixin.py:117} INFO - [2023-12-13T11:43:48.539+0000] {dag.py:2573} INFO - Sync 1 DAGs
[2023-12-13T11:43:48.598+0000] {logging_mixin.py:117} INFO - [2023-12-13T11:43:48.598+0000] {dag.py:3328} INFO - Setting next_dagrun for ucin_matching to 2023-12-12T23:30:00+00:00, run_after=2023-12-13T23:30:00+00:00
[2023-12-13T11:43:48.625+0000] {processor.py:178} INFO - Processing /opt/airflow/dags/matching_script_dag.py took 0.451 seconds
[2023-12-13T11:44:18.822+0000] {processor.py:156} INFO - Started process (PID=103) to work on /opt/airflow/dags/matching_script_dag.py
[2023-12-13T11:44:18.828+0000] {processor.py:758} INFO - Processing file /opt/airflow/dags/matching_script_dag.py for tasks to queue
[2023-12-13T11:44:18.830+0000] {logging_mixin.py:117} INFO - [2023-12-13T11:44:18.829+0000] {dagbag.py:525} INFO - Filling up the DagBag from /opt/airflow/dags/matching_script_dag.py
[2023-12-13T11:44:18.977+0000] {processor.py:768} INFO - DAG(s) dict_keys(['ucin_matching']) retrieved from /opt/airflow/dags/matching_script_dag.py
[2023-12-13T11:44:19.201+0000] {logging_mixin.py:117} INFO - [2023-12-13T11:44:19.201+0000] {dag.py:2573} INFO - Sync 1 DAGs
[2023-12-13T11:44:19.269+0000] {logging_mixin.py:117} INFO - [2023-12-13T11:44:19.269+0000] {dag.py:3328} INFO - Setting next_dagrun for ucin_matching to 2023-12-12T23:30:00+00:00, run_after=2023-12-13T23:30:00+00:00
[2023-12-13T11:44:19.333+0000] {processor.py:178} INFO - Processing /opt/airflow/dags/matching_script_dag.py took 0.526 seconds
[2023-12-13T11:44:41.084+0000] {processor.py:156} INFO - Started process (PID=159) to work on /opt/airflow/dags/matching_script_dag.py
[2023-12-13T11:44:41.090+0000] {processor.py:758} INFO - Processing file /opt/airflow/dags/matching_script_dag.py for tasks to queue
[2023-12-13T11:44:41.093+0000] {logging_mixin.py:117} INFO - [2023-12-13T11:44:41.092+0000] {dagbag.py:525} INFO - Filling up the DagBag from /opt/airflow/dags/matching_script_dag.py
[2023-12-13T11:44:41.293+0000] {processor.py:768} INFO - DAG(s) dict_keys(['ucin_matching']) retrieved from /opt/airflow/dags/matching_script_dag.py
[2023-12-13T11:44:41.480+0000] {logging_mixin.py:117} INFO - [2023-12-13T11:44:41.479+0000] {dag.py:1292} INFO - Executing dag callback function: <function task_failure_callback at 0xffff8c396dd0>
[2023-12-13T11:44:41.946+0000] {logging_mixin.py:117} INFO - [2023-12-13T11:44:41.911+0000] {dag.py:1301} ERROR - failed to invoke dag state update callback
Traceback (most recent call last):
  File "/home/airflow/.local/lib/python3.7/site-packages/airflow/models/dag.py", line 1299, in handle_callback
    callback(context)
  File "/opt/airflow/dags/matching_script_dag.py", line 40, in task_failure_callback
    send_message(context, ":red_circle: Airflow Task Failed.")
  File "/opt/airflow/dags/matching_script_dag.py", line 27, in send_message
    POD_HOST, Variable.get(AIRFLOW_HOST)
  File "/home/airflow/.local/lib/python3.7/site-packages/airflow/models/variable.py", line 141, in get
    raise KeyError(f'Variable {key} does not exist')
KeyError: 'Variable AIRFLOW_HOST does not exist'
[2023-12-13T11:44:42.140+0000] {logging_mixin.py:117} INFO - [2023-12-13T11:44:42.140+0000] {dag.py:2573} INFO - Sync 1 DAGs
[2023-12-13T11:44:42.224+0000] {logging_mixin.py:117} INFO - [2023-12-13T11:44:42.224+0000] {dag.py:3328} INFO - Setting next_dagrun for ucin_matching to 2023-12-12T23:30:00+00:00, run_after=2023-12-13T23:30:00+00:00
[2023-12-13T11:44:42.318+0000] {processor.py:178} INFO - Processing /opt/airflow/dags/matching_script_dag.py took 1.259 seconds
[2023-12-13T11:45:12.745+0000] {processor.py:156} INFO - Started process (PID=216) to work on /opt/airflow/dags/matching_script_dag.py
[2023-12-13T11:45:12.746+0000] {processor.py:758} INFO - Processing file /opt/airflow/dags/matching_script_dag.py for tasks to queue
[2023-12-13T11:45:12.747+0000] {logging_mixin.py:117} INFO - [2023-12-13T11:45:12.747+0000] {dagbag.py:525} INFO - Filling up the DagBag from /opt/airflow/dags/matching_script_dag.py
[2023-12-13T11:45:12.800+0000] {processor.py:768} INFO - DAG(s) dict_keys(['ucin_matching']) retrieved from /opt/airflow/dags/matching_script_dag.py
[2023-12-13T11:45:12.880+0000] {logging_mixin.py:117} INFO - [2023-12-13T11:45:12.880+0000] {dag.py:2573} INFO - Sync 1 DAGs
[2023-12-13T11:45:12.923+0000] {logging_mixin.py:117} INFO - [2023-12-13T11:45:12.923+0000] {dag.py:3328} INFO - Setting next_dagrun for ucin_matching to 2023-12-12T23:30:00+00:00, run_after=2023-12-13T23:30:00+00:00
[2023-12-13T11:45:12.943+0000] {processor.py:178} INFO - Processing /opt/airflow/dags/matching_script_dag.py took 0.203 seconds
[2023-12-13T11:45:43.065+0000] {processor.py:156} INFO - Started process (PID=281) to work on /opt/airflow/dags/matching_script_dag.py
[2023-12-13T11:45:43.066+0000] {processor.py:758} INFO - Processing file /opt/airflow/dags/matching_script_dag.py for tasks to queue
[2023-12-13T11:45:43.067+0000] {logging_mixin.py:117} INFO - [2023-12-13T11:45:43.067+0000] {dagbag.py:525} INFO - Filling up the DagBag from /opt/airflow/dags/matching_script_dag.py
[2023-12-13T11:45:43.082+0000] {processor.py:768} INFO - DAG(s) dict_keys(['ucin_matching']) retrieved from /opt/airflow/dags/matching_script_dag.py
[2023-12-13T11:45:43.110+0000] {logging_mixin.py:117} INFO - [2023-12-13T11:45:43.110+0000] {dag.py:2573} INFO - Sync 1 DAGs
[2023-12-13T11:45:43.127+0000] {logging_mixin.py:117} INFO - [2023-12-13T11:45:43.127+0000] {dag.py:3328} INFO - Setting next_dagrun for ucin_matching to 2023-12-12T23:30:00+00:00, run_after=2023-12-13T23:30:00+00:00
[2023-12-13T11:45:43.139+0000] {processor.py:178} INFO - Processing /opt/airflow/dags/matching_script_dag.py took 0.077 seconds
[2023-12-13T11:46:13.216+0000] {processor.py:156} INFO - Started process (PID=346) to work on /opt/airflow/dags/matching_script_dag.py
[2023-12-13T11:46:13.217+0000] {processor.py:758} INFO - Processing file /opt/airflow/dags/matching_script_dag.py for tasks to queue
[2023-12-13T11:46:13.217+0000] {logging_mixin.py:117} INFO - [2023-12-13T11:46:13.217+0000] {dagbag.py:525} INFO - Filling up the DagBag from /opt/airflow/dags/matching_script_dag.py
[2023-12-13T11:46:13.234+0000] {processor.py:768} INFO - DAG(s) dict_keys(['ucin_matching']) retrieved from /opt/airflow/dags/matching_script_dag.py
[2023-12-13T11:46:13.263+0000] {logging_mixin.py:117} INFO - [2023-12-13T11:46:13.263+0000] {dag.py:2573} INFO - Sync 1 DAGs
[2023-12-13T11:46:13.283+0000] {logging_mixin.py:117} INFO - [2023-12-13T11:46:13.283+0000] {dag.py:3328} INFO - Setting next_dagrun for ucin_matching to 2023-12-12T23:30:00+00:00, run_after=2023-12-13T23:30:00+00:00
[2023-12-13T11:46:13.298+0000] {processor.py:178} INFO - Processing /opt/airflow/dags/matching_script_dag.py took 0.085 seconds
[2023-12-13T11:46:43.469+0000] {processor.py:156} INFO - Started process (PID=411) to work on /opt/airflow/dags/matching_script_dag.py
[2023-12-13T11:46:43.471+0000] {processor.py:758} INFO - Processing file /opt/airflow/dags/matching_script_dag.py for tasks to queue
[2023-12-13T11:46:43.471+0000] {logging_mixin.py:117} INFO - [2023-12-13T11:46:43.471+0000] {dagbag.py:525} INFO - Filling up the DagBag from /opt/airflow/dags/matching_script_dag.py
[2023-12-13T11:46:43.485+0000] {processor.py:768} INFO - DAG(s) dict_keys(['ucin_matching']) retrieved from /opt/airflow/dags/matching_script_dag.py
[2023-12-13T11:46:43.516+0000] {logging_mixin.py:117} INFO - [2023-12-13T11:46:43.516+0000] {dag.py:2573} INFO - Sync 1 DAGs
[2023-12-13T11:46:43.534+0000] {logging_mixin.py:117} INFO - [2023-12-13T11:46:43.534+0000] {dag.py:3328} INFO - Setting next_dagrun for ucin_matching to 2023-12-12T23:30:00+00:00, run_after=2023-12-13T23:30:00+00:00
[2023-12-13T11:46:43.545+0000] {processor.py:178} INFO - Processing /opt/airflow/dags/matching_script_dag.py took 0.079 seconds
[2023-12-13T11:47:13.611+0000] {processor.py:156} INFO - Started process (PID=476) to work on /opt/airflow/dags/matching_script_dag.py
[2023-12-13T11:47:13.612+0000] {processor.py:758} INFO - Processing file /opt/airflow/dags/matching_script_dag.py for tasks to queue
[2023-12-13T11:47:13.613+0000] {logging_mixin.py:117} INFO - [2023-12-13T11:47:13.613+0000] {dagbag.py:525} INFO - Filling up the DagBag from /opt/airflow/dags/matching_script_dag.py
[2023-12-13T11:47:13.630+0000] {processor.py:768} INFO - DAG(s) dict_keys(['ucin_matching']) retrieved from /opt/airflow/dags/matching_script_dag.py
[2023-12-13T11:47:13.665+0000] {logging_mixin.py:117} INFO - [2023-12-13T11:47:13.665+0000] {dag.py:2573} INFO - Sync 1 DAGs
[2023-12-13T11:47:13.688+0000] {logging_mixin.py:117} INFO - [2023-12-13T11:47:13.688+0000] {dag.py:3328} INFO - Setting next_dagrun for ucin_matching to 2023-12-12T23:30:00+00:00, run_after=2023-12-13T23:30:00+00:00
[2023-12-13T11:47:13.705+0000] {processor.py:178} INFO - Processing /opt/airflow/dags/matching_script_dag.py took 0.097 seconds
[2023-12-13T11:47:43.922+0000] {processor.py:156} INFO - Started process (PID=532) to work on /opt/airflow/dags/matching_script_dag.py
[2023-12-13T11:47:43.923+0000] {processor.py:758} INFO - Processing file /opt/airflow/dags/matching_script_dag.py for tasks to queue
[2023-12-13T11:47:43.924+0000] {logging_mixin.py:117} INFO - [2023-12-13T11:47:43.924+0000] {dagbag.py:525} INFO - Filling up the DagBag from /opt/airflow/dags/matching_script_dag.py
[2023-12-13T11:47:43.939+0000] {processor.py:768} INFO - DAG(s) dict_keys(['ucin_matching']) retrieved from /opt/airflow/dags/matching_script_dag.py
[2023-12-13T11:47:43.969+0000] {logging_mixin.py:117} INFO - [2023-12-13T11:47:43.969+0000] {dag.py:2573} INFO - Sync 1 DAGs
[2023-12-13T11:47:43.987+0000] {logging_mixin.py:117} INFO - [2023-12-13T11:47:43.987+0000] {dag.py:3328} INFO - Setting next_dagrun for ucin_matching to 2023-12-12T23:30:00+00:00, run_after=2023-12-13T23:30:00+00:00
[2023-12-13T11:47:43.998+0000] {processor.py:178} INFO - Processing /opt/airflow/dags/matching_script_dag.py took 0.080 seconds
[2023-12-13T11:48:14.238+0000] {processor.py:156} INFO - Started process (PID=597) to work on /opt/airflow/dags/matching_script_dag.py
[2023-12-13T11:48:14.239+0000] {processor.py:758} INFO - Processing file /opt/airflow/dags/matching_script_dag.py for tasks to queue
[2023-12-13T11:48:14.239+0000] {logging_mixin.py:117} INFO - [2023-12-13T11:48:14.239+0000] {dagbag.py:525} INFO - Filling up the DagBag from /opt/airflow/dags/matching_script_dag.py
[2023-12-13T11:48:14.254+0000] {processor.py:768} INFO - DAG(s) dict_keys(['ucin_matching']) retrieved from /opt/airflow/dags/matching_script_dag.py
[2023-12-13T11:48:14.291+0000] {logging_mixin.py:117} INFO - [2023-12-13T11:48:14.291+0000] {dag.py:2573} INFO - Sync 1 DAGs
[2023-12-13T11:48:14.312+0000] {logging_mixin.py:117} INFO - [2023-12-13T11:48:14.312+0000] {dag.py:3328} INFO - Setting next_dagrun for ucin_matching to 2023-12-12T23:30:00+00:00, run_after=2023-12-13T23:30:00+00:00
[2023-12-13T11:48:14.324+0000] {processor.py:178} INFO - Processing /opt/airflow/dags/matching_script_dag.py took 0.089 seconds
[2023-12-13T11:48:44.594+0000] {processor.py:156} INFO - Started process (PID=662) to work on /opt/airflow/dags/matching_script_dag.py
[2023-12-13T11:48:44.595+0000] {processor.py:758} INFO - Processing file /opt/airflow/dags/matching_script_dag.py for tasks to queue
[2023-12-13T11:48:44.596+0000] {logging_mixin.py:117} INFO - [2023-12-13T11:48:44.596+0000] {dagbag.py:525} INFO - Filling up the DagBag from /opt/airflow/dags/matching_script_dag.py
[2023-12-13T11:48:44.609+0000] {processor.py:768} INFO - DAG(s) dict_keys(['ucin_matching']) retrieved from /opt/airflow/dags/matching_script_dag.py
[2023-12-13T11:48:44.637+0000] {logging_mixin.py:117} INFO - [2023-12-13T11:48:44.637+0000] {dag.py:2573} INFO - Sync 1 DAGs
[2023-12-13T11:48:44.654+0000] {logging_mixin.py:117} INFO - [2023-12-13T11:48:44.654+0000] {dag.py:3328} INFO - Setting next_dagrun for ucin_matching to 2023-12-12T23:30:00+00:00, run_after=2023-12-13T23:30:00+00:00
[2023-12-13T11:48:44.666+0000] {processor.py:178} INFO - Processing /opt/airflow/dags/matching_script_dag.py took 0.074 seconds
[2023-12-13T11:49:14.799+0000] {processor.py:156} INFO - Started process (PID=727) to work on /opt/airflow/dags/matching_script_dag.py
[2023-12-13T11:49:14.800+0000] {processor.py:758} INFO - Processing file /opt/airflow/dags/matching_script_dag.py for tasks to queue
[2023-12-13T11:49:14.801+0000] {logging_mixin.py:117} INFO - [2023-12-13T11:49:14.801+0000] {dagbag.py:525} INFO - Filling up the DagBag from /opt/airflow/dags/matching_script_dag.py
[2023-12-13T11:49:14.815+0000] {processor.py:768} INFO - DAG(s) dict_keys(['ucin_matching']) retrieved from /opt/airflow/dags/matching_script_dag.py
[2023-12-13T11:49:14.845+0000] {logging_mixin.py:117} INFO - [2023-12-13T11:49:14.844+0000] {dag.py:2573} INFO - Sync 1 DAGs
[2023-12-13T11:49:14.861+0000] {logging_mixin.py:117} INFO - [2023-12-13T11:49:14.861+0000] {dag.py:3328} INFO - Setting next_dagrun for ucin_matching to 2023-12-12T23:30:00+00:00, run_after=2023-12-13T23:30:00+00:00
[2023-12-13T11:49:14.872+0000] {processor.py:178} INFO - Processing /opt/airflow/dags/matching_script_dag.py took 0.075 seconds
[2023-12-13T11:49:44.965+0000] {processor.py:156} INFO - Started process (PID=783) to work on /opt/airflow/dags/matching_script_dag.py
[2023-12-13T11:49:44.965+0000] {processor.py:758} INFO - Processing file /opt/airflow/dags/matching_script_dag.py for tasks to queue
[2023-12-13T11:49:44.966+0000] {logging_mixin.py:117} INFO - [2023-12-13T11:49:44.966+0000] {dagbag.py:525} INFO - Filling up the DagBag from /opt/airflow/dags/matching_script_dag.py
[2023-12-13T11:49:44.981+0000] {processor.py:768} INFO - DAG(s) dict_keys(['ucin_matching']) retrieved from /opt/airflow/dags/matching_script_dag.py
[2023-12-13T11:49:45.018+0000] {logging_mixin.py:117} INFO - [2023-12-13T11:49:45.017+0000] {dag.py:2573} INFO - Sync 1 DAGs
[2023-12-13T11:49:45.040+0000] {logging_mixin.py:117} INFO - [2023-12-13T11:49:45.040+0000] {dag.py:3328} INFO - Setting next_dagrun for ucin_matching to 2023-12-12T23:30:00+00:00, run_after=2023-12-13T23:30:00+00:00
[2023-12-13T11:49:45.055+0000] {processor.py:178} INFO - Processing /opt/airflow/dags/matching_script_dag.py took 0.094 seconds
[2023-12-13T11:50:15.291+0000] {processor.py:156} INFO - Started process (PID=848) to work on /opt/airflow/dags/matching_script_dag.py
[2023-12-13T11:50:15.292+0000] {processor.py:758} INFO - Processing file /opt/airflow/dags/matching_script_dag.py for tasks to queue
[2023-12-13T11:50:15.292+0000] {logging_mixin.py:117} INFO - [2023-12-13T11:50:15.292+0000] {dagbag.py:525} INFO - Filling up the DagBag from /opt/airflow/dags/matching_script_dag.py
[2023-12-13T11:50:15.307+0000] {processor.py:768} INFO - DAG(s) dict_keys(['ucin_matching']) retrieved from /opt/airflow/dags/matching_script_dag.py
[2023-12-13T11:50:15.335+0000] {logging_mixin.py:117} INFO - [2023-12-13T11:50:15.335+0000] {dag.py:2573} INFO - Sync 1 DAGs
[2023-12-13T11:50:15.352+0000] {logging_mixin.py:117} INFO - [2023-12-13T11:50:15.352+0000] {dag.py:3328} INFO - Setting next_dagrun for ucin_matching to 2023-12-12T23:30:00+00:00, run_after=2023-12-13T23:30:00+00:00
[2023-12-13T11:50:15.363+0000] {processor.py:178} INFO - Processing /opt/airflow/dags/matching_script_dag.py took 0.076 seconds
[2023-12-13T11:50:45.587+0000] {processor.py:156} INFO - Started process (PID=913) to work on /opt/airflow/dags/matching_script_dag.py
[2023-12-13T11:50:45.587+0000] {processor.py:758} INFO - Processing file /opt/airflow/dags/matching_script_dag.py for tasks to queue
[2023-12-13T11:50:45.588+0000] {logging_mixin.py:117} INFO - [2023-12-13T11:50:45.588+0000] {dagbag.py:525} INFO - Filling up the DagBag from /opt/airflow/dags/matching_script_dag.py
[2023-12-13T11:50:45.603+0000] {processor.py:768} INFO - DAG(s) dict_keys(['ucin_matching']) retrieved from /opt/airflow/dags/matching_script_dag.py
[2023-12-13T11:50:45.632+0000] {logging_mixin.py:117} INFO - [2023-12-13T11:50:45.632+0000] {dag.py:2573} INFO - Sync 1 DAGs
[2023-12-13T11:50:45.650+0000] {logging_mixin.py:117} INFO - [2023-12-13T11:50:45.650+0000] {dag.py:3328} INFO - Setting next_dagrun for ucin_matching to 2023-12-12T23:30:00+00:00, run_after=2023-12-13T23:30:00+00:00
[2023-12-13T11:50:45.661+0000] {processor.py:178} INFO - Processing /opt/airflow/dags/matching_script_dag.py took 0.078 seconds
[2023-12-13T11:51:16.683+0000] {processor.py:156} INFO - Started process (PID=978) to work on /opt/airflow/dags/matching_script_dag.py
[2023-12-13T11:51:16.685+0000] {processor.py:758} INFO - Processing file /opt/airflow/dags/matching_script_dag.py for tasks to queue
[2023-12-13T11:51:16.687+0000] {logging_mixin.py:117} INFO - [2023-12-13T11:51:16.686+0000] {dagbag.py:525} INFO - Filling up the DagBag from /opt/airflow/dags/matching_script_dag.py
[2023-12-13T11:51:16.714+0000] {processor.py:768} INFO - DAG(s) dict_keys(['ucin_matching']) retrieved from /opt/airflow/dags/matching_script_dag.py
[2023-12-13T11:51:16.750+0000] {logging_mixin.py:117} INFO - [2023-12-13T11:51:16.750+0000] {dag.py:2573} INFO - Sync 1 DAGs
[2023-12-13T11:51:16.769+0000] {logging_mixin.py:117} INFO - [2023-12-13T11:51:16.769+0000] {dag.py:3328} INFO - Setting next_dagrun for ucin_matching to 2023-12-12T23:30:00+00:00, run_after=2023-12-13T23:30:00+00:00
[2023-12-13T11:51:16.780+0000] {processor.py:178} INFO - Processing /opt/airflow/dags/matching_script_dag.py took 0.103 seconds
[2023-12-13T11:51:46.853+0000] {processor.py:156} INFO - Started process (PID=1043) to work on /opt/airflow/dags/matching_script_dag.py
[2023-12-13T11:51:46.855+0000] {processor.py:758} INFO - Processing file /opt/airflow/dags/matching_script_dag.py for tasks to queue
[2023-12-13T11:51:46.855+0000] {logging_mixin.py:117} INFO - [2023-12-13T11:51:46.855+0000] {dagbag.py:525} INFO - Filling up the DagBag from /opt/airflow/dags/matching_script_dag.py
[2023-12-13T11:51:46.870+0000] {processor.py:768} INFO - DAG(s) dict_keys(['ucin_matching']) retrieved from /opt/airflow/dags/matching_script_dag.py
[2023-12-13T11:51:46.906+0000] {logging_mixin.py:117} INFO - [2023-12-13T11:51:46.906+0000] {dag.py:2573} INFO - Sync 1 DAGs
[2023-12-13T11:51:46.927+0000] {logging_mixin.py:117} INFO - [2023-12-13T11:51:46.927+0000] {dag.py:3328} INFO - Setting next_dagrun for ucin_matching to 2023-12-12T23:30:00+00:00, run_after=2023-12-13T23:30:00+00:00
[2023-12-13T11:51:46.942+0000] {processor.py:178} INFO - Processing /opt/airflow/dags/matching_script_dag.py took 0.091 seconds
[2023-12-13T11:52:17.128+0000] {processor.py:156} INFO - Started process (PID=1099) to work on /opt/airflow/dags/matching_script_dag.py
[2023-12-13T11:52:17.130+0000] {processor.py:758} INFO - Processing file /opt/airflow/dags/matching_script_dag.py for tasks to queue
[2023-12-13T11:52:17.131+0000] {logging_mixin.py:117} INFO - [2023-12-13T11:52:17.131+0000] {dagbag.py:525} INFO - Filling up the DagBag from /opt/airflow/dags/matching_script_dag.py
[2023-12-13T11:52:17.160+0000] {processor.py:768} INFO - DAG(s) dict_keys(['ucin_matching']) retrieved from /opt/airflow/dags/matching_script_dag.py
[2023-12-13T11:52:17.192+0000] {logging_mixin.py:117} INFO - [2023-12-13T11:52:17.192+0000] {dag.py:2573} INFO - Sync 1 DAGs
[2023-12-13T11:52:17.209+0000] {logging_mixin.py:117} INFO - [2023-12-13T11:52:17.209+0000] {dag.py:3328} INFO - Setting next_dagrun for ucin_matching to 2023-12-12T23:30:00+00:00, run_after=2023-12-13T23:30:00+00:00
[2023-12-13T11:52:17.220+0000] {processor.py:178} INFO - Processing /opt/airflow/dags/matching_script_dag.py took 0.098 seconds
[2023-12-13T11:52:47.531+0000] {processor.py:156} INFO - Started process (PID=1164) to work on /opt/airflow/dags/matching_script_dag.py
[2023-12-13T11:52:47.532+0000] {processor.py:758} INFO - Processing file /opt/airflow/dags/matching_script_dag.py for tasks to queue
[2023-12-13T11:52:47.533+0000] {logging_mixin.py:117} INFO - [2023-12-13T11:52:47.533+0000] {dagbag.py:525} INFO - Filling up the DagBag from /opt/airflow/dags/matching_script_dag.py
[2023-12-13T11:52:47.547+0000] {processor.py:768} INFO - DAG(s) dict_keys(['ucin_matching']) retrieved from /opt/airflow/dags/matching_script_dag.py
[2023-12-13T11:52:47.575+0000] {logging_mixin.py:117} INFO - [2023-12-13T11:52:47.575+0000] {dag.py:2573} INFO - Sync 1 DAGs
[2023-12-13T11:52:47.593+0000] {logging_mixin.py:117} INFO - [2023-12-13T11:52:47.593+0000] {dag.py:3328} INFO - Setting next_dagrun for ucin_matching to 2023-12-12T23:30:00+00:00, run_after=2023-12-13T23:30:00+00:00
[2023-12-13T11:52:47.604+0000] {processor.py:178} INFO - Processing /opt/airflow/dags/matching_script_dag.py took 0.075 seconds
[2023-12-13T11:53:18.002+0000] {processor.py:156} INFO - Started process (PID=1229) to work on /opt/airflow/dags/matching_script_dag.py
[2023-12-13T11:53:18.003+0000] {processor.py:758} INFO - Processing file /opt/airflow/dags/matching_script_dag.py for tasks to queue
[2023-12-13T11:53:18.004+0000] {logging_mixin.py:117} INFO - [2023-12-13T11:53:18.004+0000] {dagbag.py:525} INFO - Filling up the DagBag from /opt/airflow/dags/matching_script_dag.py
[2023-12-13T11:53:18.028+0000] {processor.py:768} INFO - DAG(s) dict_keys(['ucin_matching']) retrieved from /opt/airflow/dags/matching_script_dag.py
[2023-12-13T11:53:18.070+0000] {logging_mixin.py:117} INFO - [2023-12-13T11:53:18.070+0000] {dag.py:2573} INFO - Sync 1 DAGs
[2023-12-13T11:53:18.092+0000] {logging_mixin.py:117} INFO - [2023-12-13T11:53:18.092+0000] {dag.py:3328} INFO - Setting next_dagrun for ucin_matching to 2023-12-12T23:30:00+00:00, run_after=2023-12-13T23:30:00+00:00
[2023-12-13T11:53:18.105+0000] {processor.py:178} INFO - Processing /opt/airflow/dags/matching_script_dag.py took 0.107 seconds
[2023-12-13T11:53:34.206+0000] {processor.py:156} INFO - Started process (PID=1278) to work on /opt/airflow/dags/matching_script_dag.py
[2023-12-13T11:53:34.207+0000] {processor.py:758} INFO - Processing file /opt/airflow/dags/matching_script_dag.py for tasks to queue
[2023-12-13T11:53:34.208+0000] {logging_mixin.py:117} INFO - [2023-12-13T11:53:34.208+0000] {dagbag.py:525} INFO - Filling up the DagBag from /opt/airflow/dags/matching_script_dag.py
[2023-12-13T11:53:34.222+0000] {processor.py:768} INFO - DAG(s) dict_keys(['ucin_matching']) retrieved from /opt/airflow/dags/matching_script_dag.py
[2023-12-13T11:53:34.235+0000] {logging_mixin.py:117} INFO - [2023-12-13T11:53:34.235+0000] {dag.py:1292} INFO - Executing dag callback function: <function task_failure_callback at 0xffff8c3c8d40>
[2023-12-13T11:53:34.370+0000] {logging_mixin.py:117} INFO - [2023-12-13T11:53:34.369+0000] {dag.py:1301} ERROR - failed to invoke dag state update callback
Traceback (most recent call last):
  File "/home/airflow/.local/lib/python3.7/site-packages/airflow/models/dag.py", line 1299, in handle_callback
    callback(context)
  File "/opt/airflow/dags/matching_script_dag.py", line 40, in task_failure_callback
    send_message(context, ":red_circle: Airflow Task Failed.")
  File "/opt/airflow/dags/matching_script_dag.py", line 27, in send_message
    POD_HOST, Variable.get(AIRFLOW_HOST)
  File "/home/airflow/.local/lib/python3.7/site-packages/airflow/models/variable.py", line 141, in get
    raise KeyError(f'Variable {key} does not exist')
KeyError: 'Variable AIRFLOW_HOST does not exist'
[2023-12-13T11:53:34.392+0000] {logging_mixin.py:117} INFO - [2023-12-13T11:53:34.392+0000] {dag.py:2573} INFO - Sync 1 DAGs
[2023-12-13T11:53:34.410+0000] {logging_mixin.py:117} INFO - [2023-12-13T11:53:34.410+0000] {dag.py:3328} INFO - Setting next_dagrun for ucin_matching to 2023-12-12T23:30:00+00:00, run_after=2023-12-13T23:30:00+00:00
[2023-12-13T11:53:34.422+0000] {processor.py:178} INFO - Processing /opt/airflow/dags/matching_script_dag.py took 0.219 seconds
[2023-12-13T11:54:04.476+0000] {processor.py:156} INFO - Started process (PID=1334) to work on /opt/airflow/dags/matching_script_dag.py
[2023-12-13T11:54:04.476+0000] {processor.py:758} INFO - Processing file /opt/airflow/dags/matching_script_dag.py for tasks to queue
[2023-12-13T11:54:04.477+0000] {logging_mixin.py:117} INFO - [2023-12-13T11:54:04.477+0000] {dagbag.py:525} INFO - Filling up the DagBag from /opt/airflow/dags/matching_script_dag.py
[2023-12-13T11:54:04.492+0000] {processor.py:768} INFO - DAG(s) dict_keys(['ucin_matching']) retrieved from /opt/airflow/dags/matching_script_dag.py
[2023-12-13T11:54:04.521+0000] {logging_mixin.py:117} INFO - [2023-12-13T11:54:04.521+0000] {dag.py:2573} INFO - Sync 1 DAGs
[2023-12-13T11:54:04.540+0000] {logging_mixin.py:117} INFO - [2023-12-13T11:54:04.540+0000] {dag.py:3328} INFO - Setting next_dagrun for ucin_matching to 2023-12-12T23:30:00+00:00, run_after=2023-12-13T23:30:00+00:00
[2023-12-13T11:54:04.553+0000] {processor.py:178} INFO - Processing /opt/airflow/dags/matching_script_dag.py took 0.081 seconds
[2023-12-13T11:54:34.640+0000] {processor.py:156} INFO - Started process (PID=1397) to work on /opt/airflow/dags/matching_script_dag.py
[2023-12-13T11:54:34.641+0000] {processor.py:758} INFO - Processing file /opt/airflow/dags/matching_script_dag.py for tasks to queue
[2023-12-13T11:54:34.642+0000] {logging_mixin.py:117} INFO - [2023-12-13T11:54:34.642+0000] {dagbag.py:525} INFO - Filling up the DagBag from /opt/airflow/dags/matching_script_dag.py
[2023-12-13T11:54:34.666+0000] {processor.py:768} INFO - DAG(s) dict_keys(['ucin_matching']) retrieved from /opt/airflow/dags/matching_script_dag.py
[2023-12-13T11:54:34.715+0000] {logging_mixin.py:117} INFO - [2023-12-13T11:54:34.715+0000] {dag.py:2573} INFO - Sync 1 DAGs
[2023-12-13T11:54:34.740+0000] {logging_mixin.py:117} INFO - [2023-12-13T11:54:34.740+0000] {dag.py:3328} INFO - Setting next_dagrun for ucin_matching to 2023-12-12T23:30:00+00:00, run_after=2023-12-13T23:30:00+00:00
[2023-12-13T11:54:34.754+0000] {processor.py:178} INFO - Processing /opt/airflow/dags/matching_script_dag.py took 0.118 seconds
[2023-12-13T11:55:01.895+0000] {processor.py:156} INFO - Started process (PID=1447) to work on /opt/airflow/dags/matching_script_dag.py
[2023-12-13T11:55:01.896+0000] {processor.py:758} INFO - Processing file /opt/airflow/dags/matching_script_dag.py for tasks to queue
[2023-12-13T11:55:01.897+0000] {logging_mixin.py:117} INFO - [2023-12-13T11:55:01.897+0000] {dagbag.py:525} INFO - Filling up the DagBag from /opt/airflow/dags/matching_script_dag.py
[2023-12-13T11:55:01.911+0000] {processor.py:768} INFO - DAG(s) dict_keys(['ucin_matching']) retrieved from /opt/airflow/dags/matching_script_dag.py
[2023-12-13T11:55:01.924+0000] {logging_mixin.py:117} INFO - [2023-12-13T11:55:01.924+0000] {dag.py:1292} INFO - Executing dag callback function: <function task_failure_callback at 0xffff8c3ad320>
[2023-12-13T11:55:02.056+0000] {logging_mixin.py:117} INFO - [2023-12-13T11:55:02.054+0000] {dag.py:1301} ERROR - failed to invoke dag state update callback
Traceback (most recent call last):
  File "/home/airflow/.local/lib/python3.7/site-packages/airflow/models/dag.py", line 1299, in handle_callback
    callback(context)
  File "/opt/airflow/dags/matching_script_dag.py", line 40, in task_failure_callback
    send_message(context, ":red_circle: Airflow Task Failed.")
  File "/opt/airflow/dags/matching_script_dag.py", line 27, in send_message
    POD_HOST, Variable.get(AIRFLOW_HOST)
  File "/home/airflow/.local/lib/python3.7/site-packages/airflow/models/variable.py", line 141, in get
    raise KeyError(f'Variable {key} does not exist')
KeyError: 'Variable AIRFLOW_HOST does not exist'
[2023-12-13T11:55:02.075+0000] {logging_mixin.py:117} INFO - [2023-12-13T11:55:02.075+0000] {dag.py:2573} INFO - Sync 1 DAGs
[2023-12-13T11:55:02.091+0000] {logging_mixin.py:117} INFO - [2023-12-13T11:55:02.091+0000] {dag.py:3328} INFO - Setting next_dagrun for ucin_matching to 2023-12-12T23:30:00+00:00, run_after=2023-12-13T23:30:00+00:00
[2023-12-13T11:55:02.102+0000] {processor.py:178} INFO - Processing /opt/airflow/dags/matching_script_dag.py took 0.209 seconds
[2023-12-13T11:55:32.164+0000] {processor.py:156} INFO - Started process (PID=1510) to work on /opt/airflow/dags/matching_script_dag.py
[2023-12-13T11:55:32.166+0000] {processor.py:758} INFO - Processing file /opt/airflow/dags/matching_script_dag.py for tasks to queue
[2023-12-13T11:55:32.167+0000] {logging_mixin.py:117} INFO - [2023-12-13T11:55:32.167+0000] {dagbag.py:525} INFO - Filling up the DagBag from /opt/airflow/dags/matching_script_dag.py
[2023-12-13T11:55:32.194+0000] {processor.py:768} INFO - DAG(s) dict_keys(['ucin_matching']) retrieved from /opt/airflow/dags/matching_script_dag.py
[2023-12-13T11:55:32.240+0000] {logging_mixin.py:117} INFO - [2023-12-13T11:55:32.239+0000] {dag.py:2573} INFO - Sync 1 DAGs
[2023-12-13T11:55:32.262+0000] {logging_mixin.py:117} INFO - [2023-12-13T11:55:32.262+0000] {dag.py:3328} INFO - Setting next_dagrun for ucin_matching to 2023-12-12T23:30:00+00:00, run_after=2023-12-13T23:30:00+00:00
[2023-12-13T11:55:32.276+0000] {processor.py:178} INFO - Processing /opt/airflow/dags/matching_script_dag.py took 0.120 seconds
[2023-12-13T11:56:02.651+0000] {processor.py:156} INFO - Started process (PID=1575) to work on /opt/airflow/dags/matching_script_dag.py
[2023-12-13T11:56:02.652+0000] {processor.py:758} INFO - Processing file /opt/airflow/dags/matching_script_dag.py for tasks to queue
[2023-12-13T11:56:02.653+0000] {logging_mixin.py:117} INFO - [2023-12-13T11:56:02.653+0000] {dagbag.py:525} INFO - Filling up the DagBag from /opt/airflow/dags/matching_script_dag.py
[2023-12-13T11:56:02.668+0000] {processor.py:768} INFO - DAG(s) dict_keys(['ucin_matching']) retrieved from /opt/airflow/dags/matching_script_dag.py
[2023-12-13T11:56:02.697+0000] {logging_mixin.py:117} INFO - [2023-12-13T11:56:02.697+0000] {dag.py:2573} INFO - Sync 1 DAGs
[2023-12-13T11:56:02.716+0000] {logging_mixin.py:117} INFO - [2023-12-13T11:56:02.716+0000] {dag.py:3328} INFO - Setting next_dagrun for ucin_matching to 2023-12-12T23:30:00+00:00, run_after=2023-12-13T23:30:00+00:00
[2023-12-13T11:56:02.730+0000] {processor.py:178} INFO - Processing /opt/airflow/dags/matching_script_dag.py took 0.081 seconds
[2023-12-13T11:56:33.247+0000] {processor.py:156} INFO - Started process (PID=1640) to work on /opt/airflow/dags/matching_script_dag.py
[2023-12-13T11:56:33.248+0000] {processor.py:758} INFO - Processing file /opt/airflow/dags/matching_script_dag.py for tasks to queue
[2023-12-13T11:56:33.250+0000] {logging_mixin.py:117} INFO - [2023-12-13T11:56:33.250+0000] {dagbag.py:525} INFO - Filling up the DagBag from /opt/airflow/dags/matching_script_dag.py
[2023-12-13T11:56:33.265+0000] {processor.py:768} INFO - DAG(s) dict_keys(['ucin_matching']) retrieved from /opt/airflow/dags/matching_script_dag.py
[2023-12-13T11:56:33.295+0000] {logging_mixin.py:117} INFO - [2023-12-13T11:56:33.295+0000] {dag.py:2573} INFO - Sync 1 DAGs
[2023-12-13T11:56:33.315+0000] {logging_mixin.py:117} INFO - [2023-12-13T11:56:33.315+0000] {dag.py:3328} INFO - Setting next_dagrun for ucin_matching to 2023-12-12T23:30:00+00:00, run_after=2023-12-13T23:30:00+00:00
[2023-12-13T11:56:33.328+0000] {processor.py:178} INFO - Processing /opt/airflow/dags/matching_script_dag.py took 0.085 seconds
[2023-12-13T11:56:43.620+0000] {processor.py:156} INFO - Started process (PID=1666) to work on /opt/airflow/dags/matching_script_dag.py
[2023-12-13T11:56:43.622+0000] {processor.py:758} INFO - Processing file /opt/airflow/dags/matching_script_dag.py for tasks to queue
[2023-12-13T11:56:43.623+0000] {logging_mixin.py:117} INFO - [2023-12-13T11:56:43.623+0000] {dagbag.py:525} INFO - Filling up the DagBag from /opt/airflow/dags/matching_script_dag.py
[2023-12-13T11:56:43.647+0000] {processor.py:768} INFO - DAG(s) dict_keys(['ucin_matching']) retrieved from /opt/airflow/dags/matching_script_dag.py
[2023-12-13T11:56:43.664+0000] {logging_mixin.py:117} INFO - [2023-12-13T11:56:43.664+0000] {dag.py:1292} INFO - Executing dag callback function: <function task_failure_callback at 0xffff8c3a3290>
[2023-12-13T11:56:43.809+0000] {logging_mixin.py:117} INFO - [2023-12-13T11:56:43.807+0000] {dag.py:1301} ERROR - failed to invoke dag state update callback
Traceback (most recent call last):
  File "/home/airflow/.local/lib/python3.7/site-packages/airflow/models/dag.py", line 1299, in handle_callback
    callback(context)
  File "/opt/airflow/dags/matching_script_dag.py", line 40, in task_failure_callback
    send_message(context, ":red_circle: Airflow Task Failed.")
  File "/opt/airflow/dags/matching_script_dag.py", line 27, in send_message
    POD_HOST, Variable.get(AIRFLOW_HOST)
  File "/home/airflow/.local/lib/python3.7/site-packages/airflow/models/variable.py", line 141, in get
    raise KeyError(f'Variable {key} does not exist')
KeyError: 'Variable AIRFLOW_HOST does not exist'
[2023-12-13T11:56:43.856+0000] {logging_mixin.py:117} INFO - [2023-12-13T11:56:43.856+0000] {dag.py:2573} INFO - Sync 1 DAGs
[2023-12-13T11:56:43.873+0000] {logging_mixin.py:117} INFO - [2023-12-13T11:56:43.873+0000] {dag.py:3328} INFO - Setting next_dagrun for ucin_matching to 2023-12-12T23:30:00+00:00, run_after=2023-12-13T23:30:00+00:00
[2023-12-13T11:56:43.886+0000] {processor.py:178} INFO - Processing /opt/airflow/dags/matching_script_dag.py took 0.270 seconds
[2023-12-13T11:57:13.258+0000] {processor.py:156} INFO - Started process (PID=1722) to work on /opt/airflow/dags/matching_script_dag.py
[2023-12-13T11:57:13.260+0000] {processor.py:758} INFO - Processing file /opt/airflow/dags/matching_script_dag.py for tasks to queue
[2023-12-13T11:57:13.261+0000] {logging_mixin.py:117} INFO - [2023-12-13T11:57:13.261+0000] {dagbag.py:525} INFO - Filling up the DagBag from /opt/airflow/dags/matching_script_dag.py
[2023-12-13T11:57:13.286+0000] {processor.py:768} INFO - DAG(s) dict_keys(['ucin_matching']) retrieved from /opt/airflow/dags/matching_script_dag.py
[2023-12-13T11:57:13.304+0000] {logging_mixin.py:117} INFO - [2023-12-13T11:57:13.304+0000] {dag.py:1292} INFO - Executing dag callback function: <function task_failure_callback at 0xffff8c3c8cb0>
[2023-12-13T11:57:13.450+0000] {logging_mixin.py:117} INFO - [2023-12-13T11:57:13.448+0000] {dag.py:1301} ERROR - failed to invoke dag state update callback
Traceback (most recent call last):
  File "/home/airflow/.local/lib/python3.7/site-packages/airflow/models/dag.py", line 1299, in handle_callback
    callback(context)
  File "/opt/airflow/dags/matching_script_dag.py", line 40, in task_failure_callback
    send_message(context, ":red_circle: Airflow Task Failed.")
  File "/opt/airflow/dags/matching_script_dag.py", line 27, in send_message
    POD_HOST, Variable.get(AIRFLOW_HOST)
  File "/home/airflow/.local/lib/python3.7/site-packages/airflow/models/variable.py", line 141, in get
    raise KeyError(f'Variable {key} does not exist')
KeyError: 'Variable AIRFLOW_HOST does not exist'
[2023-12-13T11:57:13.476+0000] {logging_mixin.py:117} INFO - [2023-12-13T11:57:13.476+0000] {dag.py:2573} INFO - Sync 1 DAGs
[2023-12-13T11:57:13.493+0000] {logging_mixin.py:117} INFO - [2023-12-13T11:57:13.493+0000] {dag.py:3328} INFO - Setting next_dagrun for ucin_matching to 2023-12-12T23:30:00+00:00, run_after=2023-12-13T23:30:00+00:00
[2023-12-13T11:57:13.505+0000] {processor.py:178} INFO - Processing /opt/airflow/dags/matching_script_dag.py took 0.252 seconds
[2023-12-13T11:57:43.947+0000] {processor.py:156} INFO - Started process (PID=1787) to work on /opt/airflow/dags/matching_script_dag.py
[2023-12-13T11:57:43.949+0000] {processor.py:758} INFO - Processing file /opt/airflow/dags/matching_script_dag.py for tasks to queue
[2023-12-13T11:57:43.950+0000] {logging_mixin.py:117} INFO - [2023-12-13T11:57:43.950+0000] {dagbag.py:525} INFO - Filling up the DagBag from /opt/airflow/dags/matching_script_dag.py
[2023-12-13T11:57:43.979+0000] {processor.py:768} INFO - DAG(s) dict_keys(['ucin_matching']) retrieved from /opt/airflow/dags/matching_script_dag.py
[2023-12-13T11:57:44.034+0000] {logging_mixin.py:117} INFO - [2023-12-13T11:57:44.034+0000] {dag.py:2573} INFO - Sync 1 DAGs
[2023-12-13T11:57:44.061+0000] {logging_mixin.py:117} INFO - [2023-12-13T11:57:44.061+0000] {dag.py:3328} INFO - Setting next_dagrun for ucin_matching to 2023-12-12T23:30:00+00:00, run_after=2023-12-13T23:30:00+00:00
[2023-12-13T11:57:44.076+0000] {processor.py:178} INFO - Processing /opt/airflow/dags/matching_script_dag.py took 0.138 seconds
