[2023-12-13T11:21:00.396+0000] {processor.py:156} INFO - Started process (PID=53) to work on /home/airflow/.local/lib/python3.7/site-packages/airflow/example_dags/example_branch_datetime_operator.py
[2023-12-13T11:21:00.397+0000] {processor.py:758} INFO - Processing file /home/airflow/.local/lib/python3.7/site-packages/airflow/example_dags/example_branch_datetime_operator.py for tasks to queue
[2023-12-13T11:21:00.398+0000] {logging_mixin.py:117} INFO - [2023-12-13T11:21:00.398+0000] {dagbag.py:525} INFO - Filling up the DagBag from /home/airflow/.local/lib/python3.7/site-packages/airflow/example_dags/example_branch_datetime_operator.py
[2023-12-13T11:21:00.416+0000] {processor.py:768} INFO - DAG(s) dict_keys(['example_branch_datetime_operator', 'example_branch_datetime_operator_3', 'example_branch_datetime_operator_2']) retrieved from /home/airflow/.local/lib/python3.7/site-packages/airflow/example_dags/example_branch_datetime_operator.py
[2023-12-13T11:21:00.472+0000] {logging_mixin.py:117} INFO - [2023-12-13T11:21:00.471+0000] {dag.py:2573} INFO - Sync 3 DAGs
[2023-12-13T11:21:00.491+0000] {logging_mixin.py:117} INFO - [2023-12-13T11:21:00.491+0000] {dag.py:3328} INFO - Setting next_dagrun for example_branch_datetime_operator to 2023-12-12T00:00:00+00:00, run_after=2023-12-13T00:00:00+00:00
[2023-12-13T11:21:00.495+0000] {logging_mixin.py:117} INFO - [2023-12-13T11:21:00.495+0000] {dag.py:3328} INFO - Setting next_dagrun for example_branch_datetime_operator_2 to 2023-12-12T00:00:00+00:00, run_after=2023-12-13T00:00:00+00:00
[2023-12-13T11:21:00.497+0000] {logging_mixin.py:117} INFO - [2023-12-13T11:21:00.497+0000] {dag.py:3328} INFO - Setting next_dagrun for example_branch_datetime_operator_3 to 2023-12-12T00:00:00+00:00, run_after=2023-12-13T00:00:00+00:00
[2023-12-13T11:21:00.511+0000] {processor.py:178} INFO - Processing /home/airflow/.local/lib/python3.7/site-packages/airflow/example_dags/example_branch_datetime_operator.py took 0.118 seconds
[2023-12-13T11:21:30.598+0000] {processor.py:156} INFO - Started process (PID=117) to work on /home/airflow/.local/lib/python3.7/site-packages/airflow/example_dags/example_branch_datetime_operator.py
[2023-12-13T11:21:30.599+0000] {processor.py:758} INFO - Processing file /home/airflow/.local/lib/python3.7/site-packages/airflow/example_dags/example_branch_datetime_operator.py for tasks to queue
[2023-12-13T11:21:30.600+0000] {logging_mixin.py:117} INFO - [2023-12-13T11:21:30.600+0000] {dagbag.py:525} INFO - Filling up the DagBag from /home/airflow/.local/lib/python3.7/site-packages/airflow/example_dags/example_branch_datetime_operator.py
[2023-12-13T11:21:30.614+0000] {processor.py:768} INFO - DAG(s) dict_keys(['example_branch_datetime_operator_3', 'example_branch_datetime_operator_2', 'example_branch_datetime_operator']) retrieved from /home/airflow/.local/lib/python3.7/site-packages/airflow/example_dags/example_branch_datetime_operator.py
[2023-12-13T11:21:30.646+0000] {logging_mixin.py:117} INFO - [2023-12-13T11:21:30.646+0000] {dag.py:2573} INFO - Sync 3 DAGs
[2023-12-13T11:21:30.664+0000] {logging_mixin.py:117} INFO - [2023-12-13T11:21:30.664+0000] {dag.py:3328} INFO - Setting next_dagrun for example_branch_datetime_operator to 2023-12-12T00:00:00+00:00, run_after=2023-12-13T00:00:00+00:00
[2023-12-13T11:21:30.667+0000] {logging_mixin.py:117} INFO - [2023-12-13T11:21:30.667+0000] {dag.py:3328} INFO - Setting next_dagrun for example_branch_datetime_operator_2 to 2023-12-12T00:00:00+00:00, run_after=2023-12-13T00:00:00+00:00
[2023-12-13T11:21:30.668+0000] {logging_mixin.py:117} INFO - [2023-12-13T11:21:30.668+0000] {dag.py:3328} INFO - Setting next_dagrun for example_branch_datetime_operator_3 to 2023-12-12T00:00:00+00:00, run_after=2023-12-13T00:00:00+00:00
[2023-12-13T11:21:30.679+0000] {processor.py:178} INFO - Processing /home/airflow/.local/lib/python3.7/site-packages/airflow/example_dags/example_branch_datetime_operator.py took 0.083 seconds
[2023-12-13T11:22:00.778+0000] {processor.py:156} INFO - Started process (PID=182) to work on /home/airflow/.local/lib/python3.7/site-packages/airflow/example_dags/example_branch_datetime_operator.py
[2023-12-13T11:22:00.779+0000] {processor.py:758} INFO - Processing file /home/airflow/.local/lib/python3.7/site-packages/airflow/example_dags/example_branch_datetime_operator.py for tasks to queue
[2023-12-13T11:22:00.779+0000] {logging_mixin.py:117} INFO - [2023-12-13T11:22:00.779+0000] {dagbag.py:525} INFO - Filling up the DagBag from /home/airflow/.local/lib/python3.7/site-packages/airflow/example_dags/example_branch_datetime_operator.py
[2023-12-13T11:22:00.793+0000] {processor.py:768} INFO - DAG(s) dict_keys(['example_branch_datetime_operator', 'example_branch_datetime_operator_2', 'example_branch_datetime_operator_3']) retrieved from /home/airflow/.local/lib/python3.7/site-packages/airflow/example_dags/example_branch_datetime_operator.py
[2023-12-13T11:22:00.828+0000] {logging_mixin.py:117} INFO - [2023-12-13T11:22:00.828+0000] {dag.py:2573} INFO - Sync 3 DAGs
[2023-12-13T11:22:00.845+0000] {logging_mixin.py:117} INFO - [2023-12-13T11:22:00.845+0000] {dag.py:3328} INFO - Setting next_dagrun for example_branch_datetime_operator to 2023-12-12T00:00:00+00:00, run_after=2023-12-13T00:00:00+00:00
[2023-12-13T11:22:00.848+0000] {logging_mixin.py:117} INFO - [2023-12-13T11:22:00.848+0000] {dag.py:3328} INFO - Setting next_dagrun for example_branch_datetime_operator_2 to 2023-12-12T00:00:00+00:00, run_after=2023-12-13T00:00:00+00:00
[2023-12-13T11:22:00.849+0000] {logging_mixin.py:117} INFO - [2023-12-13T11:22:00.849+0000] {dag.py:3328} INFO - Setting next_dagrun for example_branch_datetime_operator_3 to 2023-12-12T00:00:00+00:00, run_after=2023-12-13T00:00:00+00:00
[2023-12-13T11:22:00.860+0000] {processor.py:178} INFO - Processing /home/airflow/.local/lib/python3.7/site-packages/airflow/example_dags/example_branch_datetime_operator.py took 0.086 seconds
[2023-12-13T11:23:11.688+0000] {processor.py:156} INFO - Started process (PID=53) to work on /home/airflow/.local/lib/python3.7/site-packages/airflow/example_dags/example_branch_datetime_operator.py
[2023-12-13T11:23:11.690+0000] {processor.py:758} INFO - Processing file /home/airflow/.local/lib/python3.7/site-packages/airflow/example_dags/example_branch_datetime_operator.py for tasks to queue
[2023-12-13T11:23:11.691+0000] {logging_mixin.py:117} INFO - [2023-12-13T11:23:11.691+0000] {dagbag.py:525} INFO - Filling up the DagBag from /home/airflow/.local/lib/python3.7/site-packages/airflow/example_dags/example_branch_datetime_operator.py
[2023-12-13T11:23:11.747+0000] {processor.py:768} INFO - DAG(s) dict_keys(['example_branch_datetime_operator_2', 'example_branch_datetime_operator_3', 'example_branch_datetime_operator']) retrieved from /home/airflow/.local/lib/python3.7/site-packages/airflow/example_dags/example_branch_datetime_operator.py
[2023-12-13T11:23:11.800+0000] {logging_mixin.py:117} INFO - [2023-12-13T11:23:11.800+0000] {dag.py:2573} INFO - Sync 3 DAGs
[2023-12-13T11:23:11.848+0000] {logging_mixin.py:117} INFO - [2023-12-13T11:23:11.848+0000] {dag.py:3328} INFO - Setting next_dagrun for example_branch_datetime_operator to 2023-12-12T00:00:00+00:00, run_after=2023-12-13T00:00:00+00:00
[2023-12-13T11:23:11.856+0000] {logging_mixin.py:117} INFO - [2023-12-13T11:23:11.856+0000] {dag.py:3328} INFO - Setting next_dagrun for example_branch_datetime_operator_2 to 2023-12-12T00:00:00+00:00, run_after=2023-12-13T00:00:00+00:00
[2023-12-13T11:23:11.860+0000] {logging_mixin.py:117} INFO - [2023-12-13T11:23:11.860+0000] {dag.py:3328} INFO - Setting next_dagrun for example_branch_datetime_operator_3 to 2023-12-12T00:00:00+00:00, run_after=2023-12-13T00:00:00+00:00
[2023-12-13T11:23:11.889+0000] {processor.py:178} INFO - Processing /home/airflow/.local/lib/python3.7/site-packages/airflow/example_dags/example_branch_datetime_operator.py took 0.205 seconds
[2023-12-13T11:23:42.776+0000] {processor.py:156} INFO - Started process (PID=117) to work on /home/airflow/.local/lib/python3.7/site-packages/airflow/example_dags/example_branch_datetime_operator.py
[2023-12-13T11:23:42.776+0000] {processor.py:758} INFO - Processing file /home/airflow/.local/lib/python3.7/site-packages/airflow/example_dags/example_branch_datetime_operator.py for tasks to queue
[2023-12-13T11:23:42.777+0000] {logging_mixin.py:117} INFO - [2023-12-13T11:23:42.777+0000] {dagbag.py:525} INFO - Filling up the DagBag from /home/airflow/.local/lib/python3.7/site-packages/airflow/example_dags/example_branch_datetime_operator.py
[2023-12-13T11:23:42.793+0000] {processor.py:768} INFO - DAG(s) dict_keys(['example_branch_datetime_operator_3', 'example_branch_datetime_operator_2', 'example_branch_datetime_operator']) retrieved from /home/airflow/.local/lib/python3.7/site-packages/airflow/example_dags/example_branch_datetime_operator.py
[2023-12-13T11:23:42.840+0000] {logging_mixin.py:117} INFO - [2023-12-13T11:23:42.840+0000] {dag.py:2573} INFO - Sync 3 DAGs
[2023-12-13T11:23:42.872+0000] {logging_mixin.py:117} INFO - [2023-12-13T11:23:42.872+0000] {dag.py:3328} INFO - Setting next_dagrun for example_branch_datetime_operator to 2023-12-12T00:00:00+00:00, run_after=2023-12-13T00:00:00+00:00
[2023-12-13T11:23:42.879+0000] {logging_mixin.py:117} INFO - [2023-12-13T11:23:42.879+0000] {dag.py:3328} INFO - Setting next_dagrun for example_branch_datetime_operator_2 to 2023-12-12T00:00:00+00:00, run_after=2023-12-13T00:00:00+00:00
[2023-12-13T11:23:42.881+0000] {logging_mixin.py:117} INFO - [2023-12-13T11:23:42.881+0000] {dag.py:3328} INFO - Setting next_dagrun for example_branch_datetime_operator_3 to 2023-12-12T00:00:00+00:00, run_after=2023-12-13T00:00:00+00:00
[2023-12-13T11:23:42.892+0000] {processor.py:178} INFO - Processing /home/airflow/.local/lib/python3.7/site-packages/airflow/example_dags/example_branch_datetime_operator.py took 0.121 seconds
[2023-12-13T11:24:13.690+0000] {processor.py:156} INFO - Started process (PID=182) to work on /home/airflow/.local/lib/python3.7/site-packages/airflow/example_dags/example_branch_datetime_operator.py
[2023-12-13T11:24:13.691+0000] {processor.py:758} INFO - Processing file /home/airflow/.local/lib/python3.7/site-packages/airflow/example_dags/example_branch_datetime_operator.py for tasks to queue
[2023-12-13T11:24:13.692+0000] {logging_mixin.py:117} INFO - [2023-12-13T11:24:13.691+0000] {dagbag.py:525} INFO - Filling up the DagBag from /home/airflow/.local/lib/python3.7/site-packages/airflow/example_dags/example_branch_datetime_operator.py
[2023-12-13T11:24:13.704+0000] {processor.py:768} INFO - DAG(s) dict_keys(['example_branch_datetime_operator_2', 'example_branch_datetime_operator', 'example_branch_datetime_operator_3']) retrieved from /home/airflow/.local/lib/python3.7/site-packages/airflow/example_dags/example_branch_datetime_operator.py
[2023-12-13T11:24:13.738+0000] {logging_mixin.py:117} INFO - [2023-12-13T11:24:13.738+0000] {dag.py:2573} INFO - Sync 3 DAGs
[2023-12-13T11:24:13.757+0000] {logging_mixin.py:117} INFO - [2023-12-13T11:24:13.757+0000] {dag.py:3328} INFO - Setting next_dagrun for example_branch_datetime_operator to 2023-12-12T00:00:00+00:00, run_after=2023-12-13T00:00:00+00:00
[2023-12-13T11:24:13.760+0000] {logging_mixin.py:117} INFO - [2023-12-13T11:24:13.760+0000] {dag.py:3328} INFO - Setting next_dagrun for example_branch_datetime_operator_2 to 2023-12-12T00:00:00+00:00, run_after=2023-12-13T00:00:00+00:00
[2023-12-13T11:24:13.761+0000] {logging_mixin.py:117} INFO - [2023-12-13T11:24:13.761+0000] {dag.py:3328} INFO - Setting next_dagrun for example_branch_datetime_operator_3 to 2023-12-12T00:00:00+00:00, run_after=2023-12-13T00:00:00+00:00
[2023-12-13T11:24:13.775+0000] {processor.py:178} INFO - Processing /home/airflow/.local/lib/python3.7/site-packages/airflow/example_dags/example_branch_datetime_operator.py took 0.087 seconds
[2023-12-13T11:24:44.644+0000] {processor.py:156} INFO - Started process (PID=245) to work on /home/airflow/.local/lib/python3.7/site-packages/airflow/example_dags/example_branch_datetime_operator.py
[2023-12-13T11:24:44.645+0000] {processor.py:758} INFO - Processing file /home/airflow/.local/lib/python3.7/site-packages/airflow/example_dags/example_branch_datetime_operator.py for tasks to queue
[2023-12-13T11:24:44.645+0000] {logging_mixin.py:117} INFO - [2023-12-13T11:24:44.645+0000] {dagbag.py:525} INFO - Filling up the DagBag from /home/airflow/.local/lib/python3.7/site-packages/airflow/example_dags/example_branch_datetime_operator.py
[2023-12-13T11:24:44.658+0000] {processor.py:768} INFO - DAG(s) dict_keys(['example_branch_datetime_operator', 'example_branch_datetime_operator_3', 'example_branch_datetime_operator_2']) retrieved from /home/airflow/.local/lib/python3.7/site-packages/airflow/example_dags/example_branch_datetime_operator.py
[2023-12-13T11:24:44.691+0000] {logging_mixin.py:117} INFO - [2023-12-13T11:24:44.691+0000] {dag.py:2573} INFO - Sync 3 DAGs
[2023-12-13T11:24:44.709+0000] {logging_mixin.py:117} INFO - [2023-12-13T11:24:44.709+0000] {dag.py:3328} INFO - Setting next_dagrun for example_branch_datetime_operator to 2023-12-12T00:00:00+00:00, run_after=2023-12-13T00:00:00+00:00
[2023-12-13T11:24:44.712+0000] {logging_mixin.py:117} INFO - [2023-12-13T11:24:44.712+0000] {dag.py:3328} INFO - Setting next_dagrun for example_branch_datetime_operator_2 to 2023-12-12T00:00:00+00:00, run_after=2023-12-13T00:00:00+00:00
[2023-12-13T11:24:44.714+0000] {logging_mixin.py:117} INFO - [2023-12-13T11:24:44.714+0000] {dag.py:3328} INFO - Setting next_dagrun for example_branch_datetime_operator_3 to 2023-12-12T00:00:00+00:00, run_after=2023-12-13T00:00:00+00:00
[2023-12-13T11:24:44.725+0000] {processor.py:178} INFO - Processing /home/airflow/.local/lib/python3.7/site-packages/airflow/example_dags/example_branch_datetime_operator.py took 0.083 seconds
[2023-12-13T11:25:15.463+0000] {processor.py:156} INFO - Started process (PID=309) to work on /home/airflow/.local/lib/python3.7/site-packages/airflow/example_dags/example_branch_datetime_operator.py
[2023-12-13T11:25:15.464+0000] {processor.py:758} INFO - Processing file /home/airflow/.local/lib/python3.7/site-packages/airflow/example_dags/example_branch_datetime_operator.py for tasks to queue
[2023-12-13T11:25:15.465+0000] {logging_mixin.py:117} INFO - [2023-12-13T11:25:15.465+0000] {dagbag.py:525} INFO - Filling up the DagBag from /home/airflow/.local/lib/python3.7/site-packages/airflow/example_dags/example_branch_datetime_operator.py
[2023-12-13T11:25:15.477+0000] {processor.py:768} INFO - DAG(s) dict_keys(['example_branch_datetime_operator_2', 'example_branch_datetime_operator', 'example_branch_datetime_operator_3']) retrieved from /home/airflow/.local/lib/python3.7/site-packages/airflow/example_dags/example_branch_datetime_operator.py
[2023-12-13T11:25:15.556+0000] {logging_mixin.py:117} INFO - [2023-12-13T11:25:15.556+0000] {dag.py:2573} INFO - Sync 3 DAGs
[2023-12-13T11:25:15.580+0000] {logging_mixin.py:117} INFO - [2023-12-13T11:25:15.580+0000] {dag.py:3328} INFO - Setting next_dagrun for example_branch_datetime_operator to 2023-12-12T00:00:00+00:00, run_after=2023-12-13T00:00:00+00:00
[2023-12-13T11:25:15.584+0000] {logging_mixin.py:117} INFO - [2023-12-13T11:25:15.584+0000] {dag.py:3328} INFO - Setting next_dagrun for example_branch_datetime_operator_2 to 2023-12-12T00:00:00+00:00, run_after=2023-12-13T00:00:00+00:00
[2023-12-13T11:25:15.586+0000] {logging_mixin.py:117} INFO - [2023-12-13T11:25:15.586+0000] {dag.py:3328} INFO - Setting next_dagrun for example_branch_datetime_operator_3 to 2023-12-12T00:00:00+00:00, run_after=2023-12-13T00:00:00+00:00
[2023-12-13T11:25:15.599+0000] {processor.py:178} INFO - Processing /home/airflow/.local/lib/python3.7/site-packages/airflow/example_dags/example_branch_datetime_operator.py took 0.138 seconds
[2023-12-13T11:25:46.293+0000] {processor.py:156} INFO - Started process (PID=364) to work on /home/airflow/.local/lib/python3.7/site-packages/airflow/example_dags/example_branch_datetime_operator.py
[2023-12-13T11:25:46.294+0000] {processor.py:758} INFO - Processing file /home/airflow/.local/lib/python3.7/site-packages/airflow/example_dags/example_branch_datetime_operator.py for tasks to queue
[2023-12-13T11:25:46.295+0000] {logging_mixin.py:117} INFO - [2023-12-13T11:25:46.295+0000] {dagbag.py:525} INFO - Filling up the DagBag from /home/airflow/.local/lib/python3.7/site-packages/airflow/example_dags/example_branch_datetime_operator.py
[2023-12-13T11:25:46.315+0000] {processor.py:768} INFO - DAG(s) dict_keys(['example_branch_datetime_operator_2', 'example_branch_datetime_operator', 'example_branch_datetime_operator_3']) retrieved from /home/airflow/.local/lib/python3.7/site-packages/airflow/example_dags/example_branch_datetime_operator.py
[2023-12-13T11:25:46.360+0000] {logging_mixin.py:117} INFO - [2023-12-13T11:25:46.360+0000] {dag.py:2573} INFO - Sync 3 DAGs
[2023-12-13T11:25:46.382+0000] {logging_mixin.py:117} INFO - [2023-12-13T11:25:46.381+0000] {dag.py:3328} INFO - Setting next_dagrun for example_branch_datetime_operator to 2023-12-12T00:00:00+00:00, run_after=2023-12-13T00:00:00+00:00
[2023-12-13T11:25:46.385+0000] {logging_mixin.py:117} INFO - [2023-12-13T11:25:46.385+0000] {dag.py:3328} INFO - Setting next_dagrun for example_branch_datetime_operator_2 to 2023-12-12T00:00:00+00:00, run_after=2023-12-13T00:00:00+00:00
[2023-12-13T11:25:46.387+0000] {logging_mixin.py:117} INFO - [2023-12-13T11:25:46.387+0000] {dag.py:3328} INFO - Setting next_dagrun for example_branch_datetime_operator_3 to 2023-12-12T00:00:00+00:00, run_after=2023-12-13T00:00:00+00:00
[2023-12-13T11:25:46.403+0000] {processor.py:178} INFO - Processing /home/airflow/.local/lib/python3.7/site-packages/airflow/example_dags/example_branch_datetime_operator.py took 0.113 seconds
[2023-12-13T11:26:16.834+0000] {processor.py:156} INFO - Started process (PID=428) to work on /home/airflow/.local/lib/python3.7/site-packages/airflow/example_dags/example_branch_datetime_operator.py
[2023-12-13T11:26:16.835+0000] {processor.py:758} INFO - Processing file /home/airflow/.local/lib/python3.7/site-packages/airflow/example_dags/example_branch_datetime_operator.py for tasks to queue
[2023-12-13T11:26:16.835+0000] {logging_mixin.py:117} INFO - [2023-12-13T11:26:16.835+0000] {dagbag.py:525} INFO - Filling up the DagBag from /home/airflow/.local/lib/python3.7/site-packages/airflow/example_dags/example_branch_datetime_operator.py
[2023-12-13T11:26:16.848+0000] {processor.py:768} INFO - DAG(s) dict_keys(['example_branch_datetime_operator_3', 'example_branch_datetime_operator_2', 'example_branch_datetime_operator']) retrieved from /home/airflow/.local/lib/python3.7/site-packages/airflow/example_dags/example_branch_datetime_operator.py
[2023-12-13T11:26:16.882+0000] {logging_mixin.py:117} INFO - [2023-12-13T11:26:16.882+0000] {dag.py:2573} INFO - Sync 3 DAGs
[2023-12-13T11:26:16.899+0000] {logging_mixin.py:117} INFO - [2023-12-13T11:26:16.899+0000] {dag.py:3328} INFO - Setting next_dagrun for example_branch_datetime_operator to 2023-12-12T00:00:00+00:00, run_after=2023-12-13T00:00:00+00:00
[2023-12-13T11:26:16.903+0000] {logging_mixin.py:117} INFO - [2023-12-13T11:26:16.903+0000] {dag.py:3328} INFO - Setting next_dagrun for example_branch_datetime_operator_2 to 2023-12-12T00:00:00+00:00, run_after=2023-12-13T00:00:00+00:00
[2023-12-13T11:26:16.904+0000] {logging_mixin.py:117} INFO - [2023-12-13T11:26:16.904+0000] {dag.py:3328} INFO - Setting next_dagrun for example_branch_datetime_operator_3 to 2023-12-12T00:00:00+00:00, run_after=2023-12-13T00:00:00+00:00
[2023-12-13T11:26:16.915+0000] {processor.py:178} INFO - Processing /home/airflow/.local/lib/python3.7/site-packages/airflow/example_dags/example_branch_datetime_operator.py took 0.084 seconds
