[2023-12-13T11:20:58.945+0000] {processor.py:156} INFO - Started process (PID=42) to work on /home/airflow/.local/lib/python3.7/site-packages/airflow/example_dags/example_xcom.py
[2023-12-13T11:20:58.947+0000] {processor.py:758} INFO - Processing file /home/airflow/.local/lib/python3.7/site-packages/airflow/example_dags/example_xcom.py for tasks to queue
[2023-12-13T11:20:58.948+0000] {logging_mixin.py:117} INFO - [2023-12-13T11:20:58.947+0000] {dagbag.py:525} INFO - Filling up the DagBag from /home/airflow/.local/lib/python3.7/site-packages/airflow/example_dags/example_xcom.py
[2023-12-13T11:20:58.981+0000] {processor.py:768} INFO - DAG(s) dict_keys(['example_xcom']) retrieved from /home/airflow/.local/lib/python3.7/site-packages/airflow/example_dags/example_xcom.py
[2023-12-13T11:20:59.017+0000] {logging_mixin.py:117} INFO - [2023-12-13T11:20:59.017+0000] {dag.py:2573} INFO - Sync 1 DAGs
[2023-12-13T11:20:59.053+0000] {logging_mixin.py:117} INFO - [2023-12-13T11:20:59.053+0000] {dag.py:3328} INFO - Setting next_dagrun for example_xcom to None, run_after=None
[2023-12-13T11:20:59.103+0000] {processor.py:178} INFO - Processing /home/airflow/.local/lib/python3.7/site-packages/airflow/example_dags/example_xcom.py took 0.161 seconds
[2023-12-13T11:21:29.903+0000] {processor.py:156} INFO - Started process (PID=106) to work on /home/airflow/.local/lib/python3.7/site-packages/airflow/example_dags/example_xcom.py
[2023-12-13T11:21:29.904+0000] {processor.py:758} INFO - Processing file /home/airflow/.local/lib/python3.7/site-packages/airflow/example_dags/example_xcom.py for tasks to queue
[2023-12-13T11:21:29.905+0000] {logging_mixin.py:117} INFO - [2023-12-13T11:21:29.905+0000] {dagbag.py:525} INFO - Filling up the DagBag from /home/airflow/.local/lib/python3.7/site-packages/airflow/example_dags/example_xcom.py
[2023-12-13T11:21:29.924+0000] {processor.py:768} INFO - DAG(s) dict_keys(['example_xcom']) retrieved from /home/airflow/.local/lib/python3.7/site-packages/airflow/example_dags/example_xcom.py
[2023-12-13T11:21:29.950+0000] {logging_mixin.py:117} INFO - [2023-12-13T11:21:29.950+0000] {dag.py:2573} INFO - Sync 1 DAGs
[2023-12-13T11:21:29.967+0000] {logging_mixin.py:117} INFO - [2023-12-13T11:21:29.966+0000] {dag.py:3328} INFO - Setting next_dagrun for example_xcom to None, run_after=None
[2023-12-13T11:21:29.978+0000] {processor.py:178} INFO - Processing /home/airflow/.local/lib/python3.7/site-packages/airflow/example_dags/example_xcom.py took 0.078 seconds
[2023-12-13T11:22:00.185+0000] {processor.py:156} INFO - Started process (PID=171) to work on /home/airflow/.local/lib/python3.7/site-packages/airflow/example_dags/example_xcom.py
[2023-12-13T11:22:00.186+0000] {processor.py:758} INFO - Processing file /home/airflow/.local/lib/python3.7/site-packages/airflow/example_dags/example_xcom.py for tasks to queue
[2023-12-13T11:22:00.187+0000] {logging_mixin.py:117} INFO - [2023-12-13T11:22:00.187+0000] {dagbag.py:525} INFO - Filling up the DagBag from /home/airflow/.local/lib/python3.7/site-packages/airflow/example_dags/example_xcom.py
[2023-12-13T11:22:00.204+0000] {processor.py:768} INFO - DAG(s) dict_keys(['example_xcom']) retrieved from /home/airflow/.local/lib/python3.7/site-packages/airflow/example_dags/example_xcom.py
[2023-12-13T11:22:00.234+0000] {logging_mixin.py:117} INFO - [2023-12-13T11:22:00.234+0000] {dag.py:2573} INFO - Sync 1 DAGs
[2023-12-13T11:22:00.250+0000] {logging_mixin.py:117} INFO - [2023-12-13T11:22:00.250+0000] {dag.py:3328} INFO - Setting next_dagrun for example_xcom to None, run_after=None
[2023-12-13T11:22:00.262+0000] {processor.py:178} INFO - Processing /home/airflow/.local/lib/python3.7/site-packages/airflow/example_dags/example_xcom.py took 0.080 seconds
[2023-12-13T11:23:10.882+0000] {processor.py:156} INFO - Started process (PID=42) to work on /home/airflow/.local/lib/python3.7/site-packages/airflow/example_dags/example_xcom.py
[2023-12-13T11:23:10.883+0000] {processor.py:758} INFO - Processing file /home/airflow/.local/lib/python3.7/site-packages/airflow/example_dags/example_xcom.py for tasks to queue
[2023-12-13T11:23:10.883+0000] {logging_mixin.py:117} INFO - [2023-12-13T11:23:10.883+0000] {dagbag.py:525} INFO - Filling up the DagBag from /home/airflow/.local/lib/python3.7/site-packages/airflow/example_dags/example_xcom.py
[2023-12-13T11:23:10.918+0000] {processor.py:768} INFO - DAG(s) dict_keys(['example_xcom']) retrieved from /home/airflow/.local/lib/python3.7/site-packages/airflow/example_dags/example_xcom.py
[2023-12-13T11:23:11.022+0000] {logging_mixin.py:117} INFO - [2023-12-13T11:23:11.022+0000] {dag.py:2573} INFO - Sync 1 DAGs
[2023-12-13T11:23:11.052+0000] {logging_mixin.py:117} INFO - [2023-12-13T11:23:11.051+0000] {dag.py:3328} INFO - Setting next_dagrun for example_xcom to None, run_after=None
[2023-12-13T11:23:11.081+0000] {processor.py:178} INFO - Processing /home/airflow/.local/lib/python3.7/site-packages/airflow/example_dags/example_xcom.py took 0.204 seconds
[2023-12-13T11:23:41.162+0000] {processor.py:156} INFO - Started process (PID=106) to work on /home/airflow/.local/lib/python3.7/site-packages/airflow/example_dags/example_xcom.py
[2023-12-13T11:23:41.163+0000] {processor.py:758} INFO - Processing file /home/airflow/.local/lib/python3.7/site-packages/airflow/example_dags/example_xcom.py for tasks to queue
[2023-12-13T11:23:41.163+0000] {logging_mixin.py:117} INFO - [2023-12-13T11:23:41.163+0000] {dagbag.py:525} INFO - Filling up the DagBag from /home/airflow/.local/lib/python3.7/site-packages/airflow/example_dags/example_xcom.py
[2023-12-13T11:23:41.183+0000] {processor.py:768} INFO - DAG(s) dict_keys(['example_xcom']) retrieved from /home/airflow/.local/lib/python3.7/site-packages/airflow/example_dags/example_xcom.py
[2023-12-13T11:23:41.212+0000] {logging_mixin.py:117} INFO - [2023-12-13T11:23:41.211+0000] {dag.py:2573} INFO - Sync 1 DAGs
[2023-12-13T11:23:41.229+0000] {logging_mixin.py:117} INFO - [2023-12-13T11:23:41.229+0000] {dag.py:3328} INFO - Setting next_dagrun for example_xcom to None, run_after=None
[2023-12-13T11:23:41.241+0000] {processor.py:178} INFO - Processing /home/airflow/.local/lib/python3.7/site-packages/airflow/example_dags/example_xcom.py took 0.082 seconds
[2023-12-13T11:24:12.135+0000] {processor.py:156} INFO - Started process (PID=171) to work on /home/airflow/.local/lib/python3.7/site-packages/airflow/example_dags/example_xcom.py
[2023-12-13T11:24:12.136+0000] {processor.py:758} INFO - Processing file /home/airflow/.local/lib/python3.7/site-packages/airflow/example_dags/example_xcom.py for tasks to queue
[2023-12-13T11:24:12.137+0000] {logging_mixin.py:117} INFO - [2023-12-13T11:24:12.137+0000] {dagbag.py:525} INFO - Filling up the DagBag from /home/airflow/.local/lib/python3.7/site-packages/airflow/example_dags/example_xcom.py
[2023-12-13T11:24:12.154+0000] {processor.py:768} INFO - DAG(s) dict_keys(['example_xcom']) retrieved from /home/airflow/.local/lib/python3.7/site-packages/airflow/example_dags/example_xcom.py
[2023-12-13T11:24:12.184+0000] {logging_mixin.py:117} INFO - [2023-12-13T11:24:12.183+0000] {dag.py:2573} INFO - Sync 1 DAGs
[2023-12-13T11:24:12.199+0000] {logging_mixin.py:117} INFO - [2023-12-13T11:24:12.199+0000] {dag.py:3328} INFO - Setting next_dagrun for example_xcom to None, run_after=None
[2023-12-13T11:24:12.215+0000] {processor.py:178} INFO - Processing /home/airflow/.local/lib/python3.7/site-packages/airflow/example_dags/example_xcom.py took 0.082 seconds
[2023-12-13T11:24:43.065+0000] {processor.py:156} INFO - Started process (PID=234) to work on /home/airflow/.local/lib/python3.7/site-packages/airflow/example_dags/example_xcom.py
[2023-12-13T11:24:43.066+0000] {processor.py:758} INFO - Processing file /home/airflow/.local/lib/python3.7/site-packages/airflow/example_dags/example_xcom.py for tasks to queue
[2023-12-13T11:24:43.067+0000] {logging_mixin.py:117} INFO - [2023-12-13T11:24:43.067+0000] {dagbag.py:525} INFO - Filling up the DagBag from /home/airflow/.local/lib/python3.7/site-packages/airflow/example_dags/example_xcom.py
[2023-12-13T11:24:43.084+0000] {processor.py:768} INFO - DAG(s) dict_keys(['example_xcom']) retrieved from /home/airflow/.local/lib/python3.7/site-packages/airflow/example_dags/example_xcom.py
[2023-12-13T11:24:43.118+0000] {logging_mixin.py:117} INFO - [2023-12-13T11:24:43.117+0000] {dag.py:2573} INFO - Sync 1 DAGs
[2023-12-13T11:24:43.137+0000] {logging_mixin.py:117} INFO - [2023-12-13T11:24:43.137+0000] {dag.py:3328} INFO - Setting next_dagrun for example_xcom to None, run_after=None
[2023-12-13T11:24:43.151+0000] {processor.py:178} INFO - Processing /home/airflow/.local/lib/python3.7/site-packages/airflow/example_dags/example_xcom.py took 0.088 seconds
[2023-12-13T11:25:13.799+0000] {processor.py:156} INFO - Started process (PID=289) to work on /home/airflow/.local/lib/python3.7/site-packages/airflow/example_dags/example_xcom.py
[2023-12-13T11:25:13.800+0000] {processor.py:758} INFO - Processing file /home/airflow/.local/lib/python3.7/site-packages/airflow/example_dags/example_xcom.py for tasks to queue
[2023-12-13T11:25:13.801+0000] {logging_mixin.py:117} INFO - [2023-12-13T11:25:13.800+0000] {dagbag.py:525} INFO - Filling up the DagBag from /home/airflow/.local/lib/python3.7/site-packages/airflow/example_dags/example_xcom.py
[2023-12-13T11:25:13.819+0000] {processor.py:768} INFO - DAG(s) dict_keys(['example_xcom']) retrieved from /home/airflow/.local/lib/python3.7/site-packages/airflow/example_dags/example_xcom.py
[2023-12-13T11:25:13.846+0000] {logging_mixin.py:117} INFO - [2023-12-13T11:25:13.846+0000] {dag.py:2573} INFO - Sync 1 DAGs
[2023-12-13T11:25:13.862+0000] {logging_mixin.py:117} INFO - [2023-12-13T11:25:13.862+0000] {dag.py:3328} INFO - Setting next_dagrun for example_xcom to None, run_after=None
[2023-12-13T11:25:13.874+0000] {processor.py:178} INFO - Processing /home/airflow/.local/lib/python3.7/site-packages/airflow/example_dags/example_xcom.py took 0.077 seconds
[2023-12-13T11:25:44.697+0000] {processor.py:156} INFO - Started process (PID=353) to work on /home/airflow/.local/lib/python3.7/site-packages/airflow/example_dags/example_xcom.py
[2023-12-13T11:25:44.697+0000] {processor.py:758} INFO - Processing file /home/airflow/.local/lib/python3.7/site-packages/airflow/example_dags/example_xcom.py for tasks to queue
[2023-12-13T11:25:44.698+0000] {logging_mixin.py:117} INFO - [2023-12-13T11:25:44.698+0000] {dagbag.py:525} INFO - Filling up the DagBag from /home/airflow/.local/lib/python3.7/site-packages/airflow/example_dags/example_xcom.py
[2023-12-13T11:25:44.719+0000] {processor.py:768} INFO - DAG(s) dict_keys(['example_xcom']) retrieved from /home/airflow/.local/lib/python3.7/site-packages/airflow/example_dags/example_xcom.py
[2023-12-13T11:25:44.749+0000] {logging_mixin.py:117} INFO - [2023-12-13T11:25:44.749+0000] {dag.py:2573} INFO - Sync 1 DAGs
[2023-12-13T11:25:44.766+0000] {logging_mixin.py:117} INFO - [2023-12-13T11:25:44.766+0000] {dag.py:3328} INFO - Setting next_dagrun for example_xcom to None, run_after=None
[2023-12-13T11:25:44.777+0000] {processor.py:178} INFO - Processing /home/airflow/.local/lib/python3.7/site-packages/airflow/example_dags/example_xcom.py took 0.083 seconds
[2023-12-13T11:26:15.131+0000] {processor.py:156} INFO - Started process (PID=417) to work on /home/airflow/.local/lib/python3.7/site-packages/airflow/example_dags/example_xcom.py
[2023-12-13T11:26:15.132+0000] {processor.py:758} INFO - Processing file /home/airflow/.local/lib/python3.7/site-packages/airflow/example_dags/example_xcom.py for tasks to queue
[2023-12-13T11:26:15.132+0000] {logging_mixin.py:117} INFO - [2023-12-13T11:26:15.132+0000] {dagbag.py:525} INFO - Filling up the DagBag from /home/airflow/.local/lib/python3.7/site-packages/airflow/example_dags/example_xcom.py
[2023-12-13T11:26:15.154+0000] {processor.py:768} INFO - DAG(s) dict_keys(['example_xcom']) retrieved from /home/airflow/.local/lib/python3.7/site-packages/airflow/example_dags/example_xcom.py
[2023-12-13T11:26:15.190+0000] {logging_mixin.py:117} INFO - [2023-12-13T11:26:15.189+0000] {dag.py:2573} INFO - Sync 1 DAGs
[2023-12-13T11:26:15.212+0000] {logging_mixin.py:117} INFO - [2023-12-13T11:26:15.211+0000] {dag.py:3328} INFO - Setting next_dagrun for example_xcom to None, run_after=None
[2023-12-13T11:26:15.228+0000] {processor.py:178} INFO - Processing /home/airflow/.local/lib/python3.7/site-packages/airflow/example_dags/example_xcom.py took 0.100 seconds
