[2023-12-13T11:20:59.395+0000] {processor.py:156} INFO - Started process (PID=45) to work on /home/airflow/.local/lib/python3.7/site-packages/airflow/example_dags/example_trigger_controller_dag.py
[2023-12-13T11:20:59.396+0000] {processor.py:758} INFO - Processing file /home/airflow/.local/lib/python3.7/site-packages/airflow/example_dags/example_trigger_controller_dag.py for tasks to queue
[2023-12-13T11:20:59.397+0000] {logging_mixin.py:117} INFO - [2023-12-13T11:20:59.397+0000] {dagbag.py:525} INFO - Filling up the DagBag from /home/airflow/.local/lib/python3.7/site-packages/airflow/example_dags/example_trigger_controller_dag.py
[2023-12-13T11:20:59.422+0000] {processor.py:768} INFO - DAG(s) dict_keys(['example_trigger_controller_dag']) retrieved from /home/airflow/.local/lib/python3.7/site-packages/airflow/example_dags/example_trigger_controller_dag.py
[2023-12-13T11:20:59.546+0000] {logging_mixin.py:117} INFO - [2023-12-13T11:20:59.546+0000] {dag.py:2573} INFO - Sync 1 DAGs
[2023-12-13T11:20:59.578+0000] {logging_mixin.py:117} INFO - [2023-12-13T11:20:59.578+0000] {dag.py:3328} INFO - Setting next_dagrun for example_trigger_controller_dag to 2021-01-01T00:00:00+00:00, run_after=2021-01-01T00:00:00+00:00
[2023-12-13T11:20:59.603+0000] {processor.py:178} INFO - Processing /home/airflow/.local/lib/python3.7/site-packages/airflow/example_dags/example_trigger_controller_dag.py took 0.214 seconds
[2023-12-13T11:21:30.091+0000] {processor.py:156} INFO - Started process (PID=109) to work on /home/airflow/.local/lib/python3.7/site-packages/airflow/example_dags/example_trigger_controller_dag.py
[2023-12-13T11:21:30.092+0000] {processor.py:758} INFO - Processing file /home/airflow/.local/lib/python3.7/site-packages/airflow/example_dags/example_trigger_controller_dag.py for tasks to queue
[2023-12-13T11:21:30.092+0000] {logging_mixin.py:117} INFO - [2023-12-13T11:21:30.092+0000] {dagbag.py:525} INFO - Filling up the DagBag from /home/airflow/.local/lib/python3.7/site-packages/airflow/example_dags/example_trigger_controller_dag.py
[2023-12-13T11:21:30.103+0000] {processor.py:768} INFO - DAG(s) dict_keys(['example_trigger_controller_dag']) retrieved from /home/airflow/.local/lib/python3.7/site-packages/airflow/example_dags/example_trigger_controller_dag.py
[2023-12-13T11:21:30.139+0000] {logging_mixin.py:117} INFO - [2023-12-13T11:21:30.139+0000] {dag.py:2573} INFO - Sync 1 DAGs
[2023-12-13T11:21:30.167+0000] {logging_mixin.py:117} INFO - [2023-12-13T11:21:30.167+0000] {dag.py:3328} INFO - Setting next_dagrun for example_trigger_controller_dag to 2021-01-01T00:00:00+00:00, run_after=2021-01-01T00:00:00+00:00
[2023-12-13T11:21:30.181+0000] {processor.py:178} INFO - Processing /home/airflow/.local/lib/python3.7/site-packages/airflow/example_dags/example_trigger_controller_dag.py took 0.093 seconds
[2023-12-13T11:22:00.405+0000] {processor.py:156} INFO - Started process (PID=174) to work on /home/airflow/.local/lib/python3.7/site-packages/airflow/example_dags/example_trigger_controller_dag.py
[2023-12-13T11:22:00.406+0000] {processor.py:758} INFO - Processing file /home/airflow/.local/lib/python3.7/site-packages/airflow/example_dags/example_trigger_controller_dag.py for tasks to queue
[2023-12-13T11:22:00.407+0000] {logging_mixin.py:117} INFO - [2023-12-13T11:22:00.407+0000] {dagbag.py:525} INFO - Filling up the DagBag from /home/airflow/.local/lib/python3.7/site-packages/airflow/example_dags/example_trigger_controller_dag.py
[2023-12-13T11:22:00.417+0000] {processor.py:768} INFO - DAG(s) dict_keys(['example_trigger_controller_dag']) retrieved from /home/airflow/.local/lib/python3.7/site-packages/airflow/example_dags/example_trigger_controller_dag.py
[2023-12-13T11:22:00.449+0000] {logging_mixin.py:117} INFO - [2023-12-13T11:22:00.449+0000] {dag.py:2573} INFO - Sync 1 DAGs
[2023-12-13T11:22:00.466+0000] {logging_mixin.py:117} INFO - [2023-12-13T11:22:00.466+0000] {dag.py:3328} INFO - Setting next_dagrun for example_trigger_controller_dag to 2021-01-01T00:00:00+00:00, run_after=2021-01-01T00:00:00+00:00
[2023-12-13T11:22:00.479+0000] {processor.py:178} INFO - Processing /home/airflow/.local/lib/python3.7/site-packages/airflow/example_dags/example_trigger_controller_dag.py took 0.078 seconds
[2023-12-13T11:23:11.158+0000] {processor.py:156} INFO - Started process (PID=45) to work on /home/airflow/.local/lib/python3.7/site-packages/airflow/example_dags/example_trigger_controller_dag.py
[2023-12-13T11:23:11.159+0000] {processor.py:758} INFO - Processing file /home/airflow/.local/lib/python3.7/site-packages/airflow/example_dags/example_trigger_controller_dag.py for tasks to queue
[2023-12-13T11:23:11.160+0000] {logging_mixin.py:117} INFO - [2023-12-13T11:23:11.160+0000] {dagbag.py:525} INFO - Filling up the DagBag from /home/airflow/.local/lib/python3.7/site-packages/airflow/example_dags/example_trigger_controller_dag.py
[2023-12-13T11:23:11.170+0000] {processor.py:768} INFO - DAG(s) dict_keys(['example_trigger_controller_dag']) retrieved from /home/airflow/.local/lib/python3.7/site-packages/airflow/example_dags/example_trigger_controller_dag.py
[2023-12-13T11:23:11.195+0000] {logging_mixin.py:117} INFO - [2023-12-13T11:23:11.195+0000] {dag.py:2573} INFO - Sync 1 DAGs
[2023-12-13T11:23:11.220+0000] {logging_mixin.py:117} INFO - [2023-12-13T11:23:11.220+0000] {dag.py:3328} INFO - Setting next_dagrun for example_trigger_controller_dag to 2021-01-01T00:00:00+00:00, run_after=2021-01-01T00:00:00+00:00
[2023-12-13T11:23:11.235+0000] {processor.py:178} INFO - Processing /home/airflow/.local/lib/python3.7/site-packages/airflow/example_dags/example_trigger_controller_dag.py took 0.079 seconds
[2023-12-13T11:23:41.365+0000] {processor.py:156} INFO - Started process (PID=109) to work on /home/airflow/.local/lib/python3.7/site-packages/airflow/example_dags/example_trigger_controller_dag.py
[2023-12-13T11:23:41.365+0000] {processor.py:758} INFO - Processing file /home/airflow/.local/lib/python3.7/site-packages/airflow/example_dags/example_trigger_controller_dag.py for tasks to queue
[2023-12-13T11:23:41.366+0000] {logging_mixin.py:117} INFO - [2023-12-13T11:23:41.366+0000] {dagbag.py:525} INFO - Filling up the DagBag from /home/airflow/.local/lib/python3.7/site-packages/airflow/example_dags/example_trigger_controller_dag.py
[2023-12-13T11:23:41.380+0000] {processor.py:768} INFO - DAG(s) dict_keys(['example_trigger_controller_dag']) retrieved from /home/airflow/.local/lib/python3.7/site-packages/airflow/example_dags/example_trigger_controller_dag.py
[2023-12-13T11:23:41.419+0000] {logging_mixin.py:117} INFO - [2023-12-13T11:23:41.419+0000] {dag.py:2573} INFO - Sync 1 DAGs
[2023-12-13T11:23:41.439+0000] {logging_mixin.py:117} INFO - [2023-12-13T11:23:41.439+0000] {dag.py:3328} INFO - Setting next_dagrun for example_trigger_controller_dag to 2021-01-01T00:00:00+00:00, run_after=2021-01-01T00:00:00+00:00
[2023-12-13T11:23:41.452+0000] {processor.py:178} INFO - Processing /home/airflow/.local/lib/python3.7/site-packages/airflow/example_dags/example_trigger_controller_dag.py took 0.090 seconds
[2023-12-13T11:24:12.334+0000] {processor.py:156} INFO - Started process (PID=174) to work on /home/airflow/.local/lib/python3.7/site-packages/airflow/example_dags/example_trigger_controller_dag.py
[2023-12-13T11:24:12.335+0000] {processor.py:758} INFO - Processing file /home/airflow/.local/lib/python3.7/site-packages/airflow/example_dags/example_trigger_controller_dag.py for tasks to queue
[2023-12-13T11:24:12.336+0000] {logging_mixin.py:117} INFO - [2023-12-13T11:24:12.336+0000] {dagbag.py:525} INFO - Filling up the DagBag from /home/airflow/.local/lib/python3.7/site-packages/airflow/example_dags/example_trigger_controller_dag.py
[2023-12-13T11:24:12.345+0000] {processor.py:768} INFO - DAG(s) dict_keys(['example_trigger_controller_dag']) retrieved from /home/airflow/.local/lib/python3.7/site-packages/airflow/example_dags/example_trigger_controller_dag.py
[2023-12-13T11:24:12.381+0000] {logging_mixin.py:117} INFO - [2023-12-13T11:24:12.381+0000] {dag.py:2573} INFO - Sync 1 DAGs
[2023-12-13T11:24:12.399+0000] {logging_mixin.py:117} INFO - [2023-12-13T11:24:12.399+0000] {dag.py:3328} INFO - Setting next_dagrun for example_trigger_controller_dag to 2021-01-01T00:00:00+00:00, run_after=2021-01-01T00:00:00+00:00
[2023-12-13T11:24:12.412+0000] {processor.py:178} INFO - Processing /home/airflow/.local/lib/python3.7/site-packages/airflow/example_dags/example_trigger_controller_dag.py took 0.080 seconds
[2023-12-13T11:24:43.284+0000] {processor.py:156} INFO - Started process (PID=237) to work on /home/airflow/.local/lib/python3.7/site-packages/airflow/example_dags/example_trigger_controller_dag.py
[2023-12-13T11:24:43.285+0000] {processor.py:758} INFO - Processing file /home/airflow/.local/lib/python3.7/site-packages/airflow/example_dags/example_trigger_controller_dag.py for tasks to queue
[2023-12-13T11:24:43.286+0000] {logging_mixin.py:117} INFO - [2023-12-13T11:24:43.286+0000] {dagbag.py:525} INFO - Filling up the DagBag from /home/airflow/.local/lib/python3.7/site-packages/airflow/example_dags/example_trigger_controller_dag.py
[2023-12-13T11:24:43.297+0000] {processor.py:768} INFO - DAG(s) dict_keys(['example_trigger_controller_dag']) retrieved from /home/airflow/.local/lib/python3.7/site-packages/airflow/example_dags/example_trigger_controller_dag.py
[2023-12-13T11:24:43.334+0000] {logging_mixin.py:117} INFO - [2023-12-13T11:24:43.334+0000] {dag.py:2573} INFO - Sync 1 DAGs
[2023-12-13T11:24:43.352+0000] {logging_mixin.py:117} INFO - [2023-12-13T11:24:43.352+0000] {dag.py:3328} INFO - Setting next_dagrun for example_trigger_controller_dag to 2021-01-01T00:00:00+00:00, run_after=2021-01-01T00:00:00+00:00
[2023-12-13T11:24:43.368+0000] {processor.py:178} INFO - Processing /home/airflow/.local/lib/python3.7/site-packages/airflow/example_dags/example_trigger_controller_dag.py took 0.087 seconds
[2023-12-13T11:25:14.000+0000] {processor.py:156} INFO - Started process (PID=292) to work on /home/airflow/.local/lib/python3.7/site-packages/airflow/example_dags/example_trigger_controller_dag.py
[2023-12-13T11:25:14.000+0000] {processor.py:758} INFO - Processing file /home/airflow/.local/lib/python3.7/site-packages/airflow/example_dags/example_trigger_controller_dag.py for tasks to queue
[2023-12-13T11:25:14.001+0000] {logging_mixin.py:117} INFO - [2023-12-13T11:25:14.001+0000] {dagbag.py:525} INFO - Filling up the DagBag from /home/airflow/.local/lib/python3.7/site-packages/airflow/example_dags/example_trigger_controller_dag.py
[2023-12-13T11:25:14.011+0000] {processor.py:768} INFO - DAG(s) dict_keys(['example_trigger_controller_dag']) retrieved from /home/airflow/.local/lib/python3.7/site-packages/airflow/example_dags/example_trigger_controller_dag.py
[2023-12-13T11:25:14.042+0000] {logging_mixin.py:117} INFO - [2023-12-13T11:25:14.042+0000] {dag.py:2573} INFO - Sync 1 DAGs
[2023-12-13T11:25:14.061+0000] {logging_mixin.py:117} INFO - [2023-12-13T11:25:14.060+0000] {dag.py:3328} INFO - Setting next_dagrun for example_trigger_controller_dag to 2021-01-01T00:00:00+00:00, run_after=2021-01-01T00:00:00+00:00
[2023-12-13T11:25:14.075+0000] {processor.py:178} INFO - Processing /home/airflow/.local/lib/python3.7/site-packages/airflow/example_dags/example_trigger_controller_dag.py took 0.078 seconds
[2023-12-13T11:25:44.918+0000] {processor.py:156} INFO - Started process (PID=356) to work on /home/airflow/.local/lib/python3.7/site-packages/airflow/example_dags/example_trigger_controller_dag.py
[2023-12-13T11:25:44.920+0000] {processor.py:758} INFO - Processing file /home/airflow/.local/lib/python3.7/site-packages/airflow/example_dags/example_trigger_controller_dag.py for tasks to queue
[2023-12-13T11:25:44.922+0000] {logging_mixin.py:117} INFO - [2023-12-13T11:25:44.922+0000] {dagbag.py:525} INFO - Filling up the DagBag from /home/airflow/.local/lib/python3.7/site-packages/airflow/example_dags/example_trigger_controller_dag.py
[2023-12-13T11:25:44.941+0000] {processor.py:768} INFO - DAG(s) dict_keys(['example_trigger_controller_dag']) retrieved from /home/airflow/.local/lib/python3.7/site-packages/airflow/example_dags/example_trigger_controller_dag.py
[2023-12-13T11:25:44.971+0000] {logging_mixin.py:117} INFO - [2023-12-13T11:25:44.971+0000] {dag.py:2573} INFO - Sync 1 DAGs
[2023-12-13T11:25:44.989+0000] {logging_mixin.py:117} INFO - [2023-12-13T11:25:44.989+0000] {dag.py:3328} INFO - Setting next_dagrun for example_trigger_controller_dag to 2021-01-01T00:00:00+00:00, run_after=2021-01-01T00:00:00+00:00
[2023-12-13T11:25:45.000+0000] {processor.py:178} INFO - Processing /home/airflow/.local/lib/python3.7/site-packages/airflow/example_dags/example_trigger_controller_dag.py took 0.086 seconds
[2023-12-13T11:26:15.346+0000] {processor.py:156} INFO - Started process (PID=420) to work on /home/airflow/.local/lib/python3.7/site-packages/airflow/example_dags/example_trigger_controller_dag.py
[2023-12-13T11:26:15.347+0000] {processor.py:758} INFO - Processing file /home/airflow/.local/lib/python3.7/site-packages/airflow/example_dags/example_trigger_controller_dag.py for tasks to queue
[2023-12-13T11:26:15.348+0000] {logging_mixin.py:117} INFO - [2023-12-13T11:26:15.348+0000] {dagbag.py:525} INFO - Filling up the DagBag from /home/airflow/.local/lib/python3.7/site-packages/airflow/example_dags/example_trigger_controller_dag.py
[2023-12-13T11:26:15.356+0000] {processor.py:768} INFO - DAG(s) dict_keys(['example_trigger_controller_dag']) retrieved from /home/airflow/.local/lib/python3.7/site-packages/airflow/example_dags/example_trigger_controller_dag.py
[2023-12-13T11:26:15.387+0000] {logging_mixin.py:117} INFO - [2023-12-13T11:26:15.387+0000] {dag.py:2573} INFO - Sync 1 DAGs
[2023-12-13T11:26:15.404+0000] {logging_mixin.py:117} INFO - [2023-12-13T11:26:15.404+0000] {dag.py:3328} INFO - Setting next_dagrun for example_trigger_controller_dag to 2021-01-01T00:00:00+00:00, run_after=2021-01-01T00:00:00+00:00
[2023-12-13T11:26:15.417+0000] {processor.py:178} INFO - Processing /home/airflow/.local/lib/python3.7/site-packages/airflow/example_dags/example_trigger_controller_dag.py took 0.073 seconds
