[2023-12-13T11:21:00.065+0000] {processor.py:156} INFO - Started process (PID=51) to work on /home/airflow/.local/lib/python3.7/site-packages/airflow/example_dags/example_local_kubernetes_executor.py
[2023-12-13T11:21:00.067+0000] {processor.py:758} INFO - Processing file /home/airflow/.local/lib/python3.7/site-packages/airflow/example_dags/example_local_kubernetes_executor.py for tasks to queue
[2023-12-13T11:21:00.068+0000] {logging_mixin.py:117} INFO - [2023-12-13T11:21:00.068+0000] {dagbag.py:525} INFO - Filling up the DagBag from /home/airflow/.local/lib/python3.7/site-packages/airflow/example_dags/example_local_kubernetes_executor.py
[2023-12-13T11:21:00.095+0000] {processor.py:768} INFO - DAG(s) dict_keys(['example_local_kubernetes_executor']) retrieved from /home/airflow/.local/lib/python3.7/site-packages/airflow/example_dags/example_local_kubernetes_executor.py
[2023-12-13T11:21:00.133+0000] {logging_mixin.py:117} INFO - [2023-12-13T11:21:00.133+0000] {dag.py:2573} INFO - Sync 1 DAGs
[2023-12-13T11:21:00.154+0000] {logging_mixin.py:117} INFO - [2023-12-13T11:21:00.154+0000] {dag.py:3328} INFO - Setting next_dagrun for example_local_kubernetes_executor to None, run_after=None
[2023-12-13T11:21:00.180+0000] {processor.py:178} INFO - Processing /home/airflow/.local/lib/python3.7/site-packages/airflow/example_dags/example_local_kubernetes_executor.py took 0.120 seconds
[2023-12-13T11:21:30.415+0000] {processor.py:156} INFO - Started process (PID=115) to work on /home/airflow/.local/lib/python3.7/site-packages/airflow/example_dags/example_local_kubernetes_executor.py
[2023-12-13T11:21:30.416+0000] {processor.py:758} INFO - Processing file /home/airflow/.local/lib/python3.7/site-packages/airflow/example_dags/example_local_kubernetes_executor.py for tasks to queue
[2023-12-13T11:21:30.417+0000] {logging_mixin.py:117} INFO - [2023-12-13T11:21:30.416+0000] {dagbag.py:525} INFO - Filling up the DagBag from /home/airflow/.local/lib/python3.7/site-packages/airflow/example_dags/example_local_kubernetes_executor.py
[2023-12-13T11:21:30.441+0000] {processor.py:768} INFO - DAG(s) dict_keys(['example_local_kubernetes_executor']) retrieved from /home/airflow/.local/lib/python3.7/site-packages/airflow/example_dags/example_local_kubernetes_executor.py
[2023-12-13T11:21:30.468+0000] {logging_mixin.py:117} INFO - [2023-12-13T11:21:30.468+0000] {dag.py:2573} INFO - Sync 1 DAGs
[2023-12-13T11:21:30.484+0000] {logging_mixin.py:117} INFO - [2023-12-13T11:21:30.483+0000] {dag.py:3328} INFO - Setting next_dagrun for example_local_kubernetes_executor to None, run_after=None
[2023-12-13T11:21:30.494+0000] {processor.py:178} INFO - Processing /home/airflow/.local/lib/python3.7/site-packages/airflow/example_dags/example_local_kubernetes_executor.py took 0.082 seconds
[2023-12-13T11:22:00.685+0000] {processor.py:156} INFO - Started process (PID=180) to work on /home/airflow/.local/lib/python3.7/site-packages/airflow/example_dags/example_local_kubernetes_executor.py
[2023-12-13T11:22:00.686+0000] {processor.py:758} INFO - Processing file /home/airflow/.local/lib/python3.7/site-packages/airflow/example_dags/example_local_kubernetes_executor.py for tasks to queue
[2023-12-13T11:22:00.687+0000] {logging_mixin.py:117} INFO - [2023-12-13T11:22:00.686+0000] {dagbag.py:525} INFO - Filling up the DagBag from /home/airflow/.local/lib/python3.7/site-packages/airflow/example_dags/example_local_kubernetes_executor.py
[2023-12-13T11:22:00.704+0000] {processor.py:768} INFO - DAG(s) dict_keys(['example_local_kubernetes_executor']) retrieved from /home/airflow/.local/lib/python3.7/site-packages/airflow/example_dags/example_local_kubernetes_executor.py
[2023-12-13T11:22:00.728+0000] {logging_mixin.py:117} INFO - [2023-12-13T11:22:00.728+0000] {dag.py:2573} INFO - Sync 1 DAGs
[2023-12-13T11:22:00.744+0000] {logging_mixin.py:117} INFO - [2023-12-13T11:22:00.744+0000] {dag.py:3328} INFO - Setting next_dagrun for example_local_kubernetes_executor to None, run_after=None
[2023-12-13T11:22:00.755+0000] {processor.py:178} INFO - Processing /home/airflow/.local/lib/python3.7/site-packages/airflow/example_dags/example_local_kubernetes_executor.py took 0.073 seconds
[2023-12-13T11:23:11.515+0000] {processor.py:156} INFO - Started process (PID=51) to work on /home/airflow/.local/lib/python3.7/site-packages/airflow/example_dags/example_local_kubernetes_executor.py
[2023-12-13T11:23:11.518+0000] {processor.py:758} INFO - Processing file /home/airflow/.local/lib/python3.7/site-packages/airflow/example_dags/example_local_kubernetes_executor.py for tasks to queue
[2023-12-13T11:23:11.521+0000] {logging_mixin.py:117} INFO - [2023-12-13T11:23:11.520+0000] {dagbag.py:525} INFO - Filling up the DagBag from /home/airflow/.local/lib/python3.7/site-packages/airflow/example_dags/example_local_kubernetes_executor.py
[2023-12-13T11:23:11.568+0000] {processor.py:768} INFO - DAG(s) dict_keys(['example_local_kubernetes_executor']) retrieved from /home/airflow/.local/lib/python3.7/site-packages/airflow/example_dags/example_local_kubernetes_executor.py
[2023-12-13T11:23:11.601+0000] {logging_mixin.py:117} INFO - [2023-12-13T11:23:11.601+0000] {dag.py:2573} INFO - Sync 1 DAGs
[2023-12-13T11:23:11.622+0000] {logging_mixin.py:117} INFO - [2023-12-13T11:23:11.622+0000] {dag.py:3328} INFO - Setting next_dagrun for example_local_kubernetes_executor to None, run_after=None
[2023-12-13T11:23:11.653+0000] {processor.py:178} INFO - Processing /home/airflow/.local/lib/python3.7/site-packages/airflow/example_dags/example_local_kubernetes_executor.py took 0.143 seconds
[2023-12-13T11:23:41.689+0000] {processor.py:156} INFO - Started process (PID=115) to work on /home/airflow/.local/lib/python3.7/site-packages/airflow/example_dags/example_local_kubernetes_executor.py
[2023-12-13T11:23:41.690+0000] {processor.py:758} INFO - Processing file /home/airflow/.local/lib/python3.7/site-packages/airflow/example_dags/example_local_kubernetes_executor.py for tasks to queue
[2023-12-13T11:23:41.693+0000] {logging_mixin.py:117} INFO - [2023-12-13T11:23:41.693+0000] {dagbag.py:525} INFO - Filling up the DagBag from /home/airflow/.local/lib/python3.7/site-packages/airflow/example_dags/example_local_kubernetes_executor.py
[2023-12-13T11:23:41.711+0000] {processor.py:768} INFO - DAG(s) dict_keys(['example_local_kubernetes_executor']) retrieved from /home/airflow/.local/lib/python3.7/site-packages/airflow/example_dags/example_local_kubernetes_executor.py
[2023-12-13T11:23:41.738+0000] {logging_mixin.py:117} INFO - [2023-12-13T11:23:41.738+0000] {dag.py:2573} INFO - Sync 1 DAGs
[2023-12-13T11:23:41.755+0000] {logging_mixin.py:117} INFO - [2023-12-13T11:23:41.755+0000] {dag.py:3328} INFO - Setting next_dagrun for example_local_kubernetes_executor to None, run_after=None
[2023-12-13T11:23:41.767+0000] {processor.py:178} INFO - Processing /home/airflow/.local/lib/python3.7/site-packages/airflow/example_dags/example_local_kubernetes_executor.py took 0.081 seconds
[2023-12-13T11:24:12.628+0000] {processor.py:156} INFO - Started process (PID=180) to work on /home/airflow/.local/lib/python3.7/site-packages/airflow/example_dags/example_local_kubernetes_executor.py
[2023-12-13T11:24:12.629+0000] {processor.py:758} INFO - Processing file /home/airflow/.local/lib/python3.7/site-packages/airflow/example_dags/example_local_kubernetes_executor.py for tasks to queue
[2023-12-13T11:24:12.630+0000] {logging_mixin.py:117} INFO - [2023-12-13T11:24:12.630+0000] {dagbag.py:525} INFO - Filling up the DagBag from /home/airflow/.local/lib/python3.7/site-packages/airflow/example_dags/example_local_kubernetes_executor.py
[2023-12-13T11:24:12.647+0000] {processor.py:768} INFO - DAG(s) dict_keys(['example_local_kubernetes_executor']) retrieved from /home/airflow/.local/lib/python3.7/site-packages/airflow/example_dags/example_local_kubernetes_executor.py
[2023-12-13T11:24:12.675+0000] {logging_mixin.py:117} INFO - [2023-12-13T11:24:12.675+0000] {dag.py:2573} INFO - Sync 1 DAGs
[2023-12-13T11:24:12.692+0000] {logging_mixin.py:117} INFO - [2023-12-13T11:24:12.691+0000] {dag.py:3328} INFO - Setting next_dagrun for example_local_kubernetes_executor to None, run_after=None
[2023-12-13T11:24:12.703+0000] {processor.py:178} INFO - Processing /home/airflow/.local/lib/python3.7/site-packages/airflow/example_dags/example_local_kubernetes_executor.py took 0.077 seconds
[2023-12-13T11:24:43.578+0000] {processor.py:156} INFO - Started process (PID=243) to work on /home/airflow/.local/lib/python3.7/site-packages/airflow/example_dags/example_local_kubernetes_executor.py
[2023-12-13T11:24:43.579+0000] {processor.py:758} INFO - Processing file /home/airflow/.local/lib/python3.7/site-packages/airflow/example_dags/example_local_kubernetes_executor.py for tasks to queue
[2023-12-13T11:24:43.579+0000] {logging_mixin.py:117} INFO - [2023-12-13T11:24:43.579+0000] {dagbag.py:525} INFO - Filling up the DagBag from /home/airflow/.local/lib/python3.7/site-packages/airflow/example_dags/example_local_kubernetes_executor.py
[2023-12-13T11:24:43.597+0000] {processor.py:768} INFO - DAG(s) dict_keys(['example_local_kubernetes_executor']) retrieved from /home/airflow/.local/lib/python3.7/site-packages/airflow/example_dags/example_local_kubernetes_executor.py
[2023-12-13T11:24:43.623+0000] {logging_mixin.py:117} INFO - [2023-12-13T11:24:43.623+0000] {dag.py:2573} INFO - Sync 1 DAGs
[2023-12-13T11:24:43.639+0000] {logging_mixin.py:117} INFO - [2023-12-13T11:24:43.638+0000] {dag.py:3328} INFO - Setting next_dagrun for example_local_kubernetes_executor to None, run_after=None
[2023-12-13T11:24:43.650+0000] {processor.py:178} INFO - Processing /home/airflow/.local/lib/python3.7/site-packages/airflow/example_dags/example_local_kubernetes_executor.py took 0.075 seconds
[2023-12-13T11:25:14.362+0000] {processor.py:156} INFO - Started process (PID=298) to work on /home/airflow/.local/lib/python3.7/site-packages/airflow/example_dags/example_local_kubernetes_executor.py
[2023-12-13T11:25:14.363+0000] {processor.py:758} INFO - Processing file /home/airflow/.local/lib/python3.7/site-packages/airflow/example_dags/example_local_kubernetes_executor.py for tasks to queue
[2023-12-13T11:25:14.364+0000] {logging_mixin.py:117} INFO - [2023-12-13T11:25:14.364+0000] {dagbag.py:525} INFO - Filling up the DagBag from /home/airflow/.local/lib/python3.7/site-packages/airflow/example_dags/example_local_kubernetes_executor.py
[2023-12-13T11:25:14.381+0000] {processor.py:768} INFO - DAG(s) dict_keys(['example_local_kubernetes_executor']) retrieved from /home/airflow/.local/lib/python3.7/site-packages/airflow/example_dags/example_local_kubernetes_executor.py
[2023-12-13T11:25:14.424+0000] {logging_mixin.py:117} INFO - [2023-12-13T11:25:14.424+0000] {dag.py:2573} INFO - Sync 1 DAGs
[2023-12-13T11:25:14.446+0000] {logging_mixin.py:117} INFO - [2023-12-13T11:25:14.446+0000] {dag.py:3328} INFO - Setting next_dagrun for example_local_kubernetes_executor to None, run_after=None
[2023-12-13T11:25:14.465+0000] {processor.py:178} INFO - Processing /home/airflow/.local/lib/python3.7/site-packages/airflow/example_dags/example_local_kubernetes_executor.py took 0.106 seconds
[2023-12-13T11:25:45.217+0000] {processor.py:156} INFO - Started process (PID=362) to work on /home/airflow/.local/lib/python3.7/site-packages/airflow/example_dags/example_local_kubernetes_executor.py
[2023-12-13T11:25:45.217+0000] {processor.py:758} INFO - Processing file /home/airflow/.local/lib/python3.7/site-packages/airflow/example_dags/example_local_kubernetes_executor.py for tasks to queue
[2023-12-13T11:25:45.218+0000] {logging_mixin.py:117} INFO - [2023-12-13T11:25:45.218+0000] {dagbag.py:525} INFO - Filling up the DagBag from /home/airflow/.local/lib/python3.7/site-packages/airflow/example_dags/example_local_kubernetes_executor.py
[2023-12-13T11:25:45.236+0000] {processor.py:768} INFO - DAG(s) dict_keys(['example_local_kubernetes_executor']) retrieved from /home/airflow/.local/lib/python3.7/site-packages/airflow/example_dags/example_local_kubernetes_executor.py
[2023-12-13T11:25:45.263+0000] {logging_mixin.py:117} INFO - [2023-12-13T11:25:45.263+0000] {dag.py:2573} INFO - Sync 1 DAGs
[2023-12-13T11:25:45.284+0000] {logging_mixin.py:117} INFO - [2023-12-13T11:25:45.284+0000] {dag.py:3328} INFO - Setting next_dagrun for example_local_kubernetes_executor to None, run_after=None
[2023-12-13T11:25:45.301+0000] {processor.py:178} INFO - Processing /home/airflow/.local/lib/python3.7/site-packages/airflow/example_dags/example_local_kubernetes_executor.py took 0.087 seconds
[2023-12-13T11:26:15.818+0000] {processor.py:156} INFO - Started process (PID=426) to work on /home/airflow/.local/lib/python3.7/site-packages/airflow/example_dags/example_local_kubernetes_executor.py
[2023-12-13T11:26:15.819+0000] {processor.py:758} INFO - Processing file /home/airflow/.local/lib/python3.7/site-packages/airflow/example_dags/example_local_kubernetes_executor.py for tasks to queue
[2023-12-13T11:26:15.819+0000] {logging_mixin.py:117} INFO - [2023-12-13T11:26:15.819+0000] {dagbag.py:525} INFO - Filling up the DagBag from /home/airflow/.local/lib/python3.7/site-packages/airflow/example_dags/example_local_kubernetes_executor.py
[2023-12-13T11:26:15.837+0000] {processor.py:768} INFO - DAG(s) dict_keys(['example_local_kubernetes_executor']) retrieved from /home/airflow/.local/lib/python3.7/site-packages/airflow/example_dags/example_local_kubernetes_executor.py
[2023-12-13T11:26:15.866+0000] {logging_mixin.py:117} INFO - [2023-12-13T11:26:15.866+0000] {dag.py:2573} INFO - Sync 1 DAGs
[2023-12-13T11:26:15.882+0000] {logging_mixin.py:117} INFO - [2023-12-13T11:26:15.882+0000] {dag.py:3328} INFO - Setting next_dagrun for example_local_kubernetes_executor to None, run_after=None
[2023-12-13T11:26:15.894+0000] {processor.py:178} INFO - Processing /home/airflow/.local/lib/python3.7/site-packages/airflow/example_dags/example_local_kubernetes_executor.py took 0.079 seconds
