[2023-12-13T11:20:58.981+0000] {processor.py:156} INFO - Started process (PID=43) to work on /home/airflow/.local/lib/python3.7/site-packages/airflow/example_dags/example_time_delta_sensor_async.py
[2023-12-13T11:20:58.982+0000] {processor.py:758} INFO - Processing file /home/airflow/.local/lib/python3.7/site-packages/airflow/example_dags/example_time_delta_sensor_async.py for tasks to queue
[2023-12-13T11:20:58.983+0000] {logging_mixin.py:117} INFO - [2023-12-13T11:20:58.983+0000] {dagbag.py:525} INFO - Filling up the DagBag from /home/airflow/.local/lib/python3.7/site-packages/airflow/example_dags/example_time_delta_sensor_async.py
[2023-12-13T11:20:58.998+0000] {processor.py:768} INFO - DAG(s) dict_keys(['example_time_delta_sensor_async']) retrieved from /home/airflow/.local/lib/python3.7/site-packages/airflow/example_dags/example_time_delta_sensor_async.py
[2023-12-13T11:20:59.433+0000] {logging_mixin.py:117} INFO - [2023-12-13T11:20:59.433+0000] {dag.py:2573} INFO - Sync 1 DAGs
[2023-12-13T11:20:59.459+0000] {logging_mixin.py:117} INFO - [2023-12-13T11:20:59.459+0000] {dag.py:3328} INFO - Setting next_dagrun for example_time_delta_sensor_async to None, run_after=None
[2023-12-13T11:20:59.546+0000] {processor.py:178} INFO - Processing /home/airflow/.local/lib/python3.7/site-packages/airflow/example_dags/example_time_delta_sensor_async.py took 0.568 seconds
[2023-12-13T11:21:29.932+0000] {processor.py:156} INFO - Started process (PID=107) to work on /home/airflow/.local/lib/python3.7/site-packages/airflow/example_dags/example_time_delta_sensor_async.py
[2023-12-13T11:21:29.933+0000] {processor.py:758} INFO - Processing file /home/airflow/.local/lib/python3.7/site-packages/airflow/example_dags/example_time_delta_sensor_async.py for tasks to queue
[2023-12-13T11:21:29.933+0000] {logging_mixin.py:117} INFO - [2023-12-13T11:21:29.933+0000] {dagbag.py:525} INFO - Filling up the DagBag from /home/airflow/.local/lib/python3.7/site-packages/airflow/example_dags/example_time_delta_sensor_async.py
[2023-12-13T11:21:29.945+0000] {processor.py:768} INFO - DAG(s) dict_keys(['example_time_delta_sensor_async']) retrieved from /home/airflow/.local/lib/python3.7/site-packages/airflow/example_dags/example_time_delta_sensor_async.py
[2023-12-13T11:21:30.087+0000] {logging_mixin.py:117} INFO - [2023-12-13T11:21:30.087+0000] {dag.py:2573} INFO - Sync 1 DAGs
[2023-12-13T11:21:30.103+0000] {logging_mixin.py:117} INFO - [2023-12-13T11:21:30.103+0000] {dag.py:3328} INFO - Setting next_dagrun for example_time_delta_sensor_async to None, run_after=None
[2023-12-13T11:21:30.114+0000] {processor.py:178} INFO - Processing /home/airflow/.local/lib/python3.7/site-packages/airflow/example_dags/example_time_delta_sensor_async.py took 0.185 seconds
[2023-12-13T11:22:00.232+0000] {processor.py:156} INFO - Started process (PID=172) to work on /home/airflow/.local/lib/python3.7/site-packages/airflow/example_dags/example_time_delta_sensor_async.py
[2023-12-13T11:22:00.233+0000] {processor.py:758} INFO - Processing file /home/airflow/.local/lib/python3.7/site-packages/airflow/example_dags/example_time_delta_sensor_async.py for tasks to queue
[2023-12-13T11:22:00.234+0000] {logging_mixin.py:117} INFO - [2023-12-13T11:22:00.233+0000] {dagbag.py:525} INFO - Filling up the DagBag from /home/airflow/.local/lib/python3.7/site-packages/airflow/example_dags/example_time_delta_sensor_async.py
[2023-12-13T11:22:00.243+0000] {processor.py:768} INFO - DAG(s) dict_keys(['example_time_delta_sensor_async']) retrieved from /home/airflow/.local/lib/python3.7/site-packages/airflow/example_dags/example_time_delta_sensor_async.py
[2023-12-13T11:22:00.407+0000] {logging_mixin.py:117} INFO - [2023-12-13T11:22:00.407+0000] {dag.py:2573} INFO - Sync 1 DAGs
[2023-12-13T11:22:00.426+0000] {logging_mixin.py:117} INFO - [2023-12-13T11:22:00.426+0000] {dag.py:3328} INFO - Setting next_dagrun for example_time_delta_sensor_async to None, run_after=None
[2023-12-13T11:22:00.439+0000] {processor.py:178} INFO - Processing /home/airflow/.local/lib/python3.7/site-packages/airflow/example_dags/example_time_delta_sensor_async.py took 0.209 seconds
[2023-12-13T11:23:11.033+0000] {processor.py:156} INFO - Started process (PID=43) to work on /home/airflow/.local/lib/python3.7/site-packages/airflow/example_dags/example_time_delta_sensor_async.py
[2023-12-13T11:23:11.046+0000] {processor.py:758} INFO - Processing file /home/airflow/.local/lib/python3.7/site-packages/airflow/example_dags/example_time_delta_sensor_async.py for tasks to queue
[2023-12-13T11:23:11.047+0000] {logging_mixin.py:117} INFO - [2023-12-13T11:23:11.047+0000] {dagbag.py:525} INFO - Filling up the DagBag from /home/airflow/.local/lib/python3.7/site-packages/airflow/example_dags/example_time_delta_sensor_async.py
[2023-12-13T11:23:11.066+0000] {processor.py:768} INFO - DAG(s) dict_keys(['example_time_delta_sensor_async']) retrieved from /home/airflow/.local/lib/python3.7/site-packages/airflow/example_dags/example_time_delta_sensor_async.py
[2023-12-13T11:23:11.103+0000] {logging_mixin.py:117} INFO - [2023-12-13T11:23:11.103+0000] {dag.py:2573} INFO - Sync 1 DAGs
[2023-12-13T11:23:11.123+0000] {logging_mixin.py:117} INFO - [2023-12-13T11:23:11.123+0000] {dag.py:3328} INFO - Setting next_dagrun for example_time_delta_sensor_async to None, run_after=None
[2023-12-13T11:23:11.138+0000] {processor.py:178} INFO - Processing /home/airflow/.local/lib/python3.7/site-packages/airflow/example_dags/example_time_delta_sensor_async.py took 0.108 seconds
[2023-12-13T11:23:41.165+0000] {processor.py:156} INFO - Started process (PID=107) to work on /home/airflow/.local/lib/python3.7/site-packages/airflow/example_dags/example_time_delta_sensor_async.py
[2023-12-13T11:23:41.166+0000] {processor.py:758} INFO - Processing file /home/airflow/.local/lib/python3.7/site-packages/airflow/example_dags/example_time_delta_sensor_async.py for tasks to queue
[2023-12-13T11:23:41.166+0000] {logging_mixin.py:117} INFO - [2023-12-13T11:23:41.166+0000] {dagbag.py:525} INFO - Filling up the DagBag from /home/airflow/.local/lib/python3.7/site-packages/airflow/example_dags/example_time_delta_sensor_async.py
[2023-12-13T11:23:41.179+0000] {processor.py:768} INFO - DAG(s) dict_keys(['example_time_delta_sensor_async']) retrieved from /home/airflow/.local/lib/python3.7/site-packages/airflow/example_dags/example_time_delta_sensor_async.py
[2023-12-13T11:23:41.339+0000] {logging_mixin.py:117} INFO - [2023-12-13T11:23:41.339+0000] {dag.py:2573} INFO - Sync 1 DAGs
[2023-12-13T11:23:41.363+0000] {logging_mixin.py:117} INFO - [2023-12-13T11:23:41.363+0000] {dag.py:3328} INFO - Setting next_dagrun for example_time_delta_sensor_async to None, run_after=None
[2023-12-13T11:23:41.377+0000] {processor.py:178} INFO - Processing /home/airflow/.local/lib/python3.7/site-packages/airflow/example_dags/example_time_delta_sensor_async.py took 0.215 seconds
[2023-12-13T11:24:12.140+0000] {processor.py:156} INFO - Started process (PID=172) to work on /home/airflow/.local/lib/python3.7/site-packages/airflow/example_dags/example_time_delta_sensor_async.py
[2023-12-13T11:24:12.141+0000] {processor.py:758} INFO - Processing file /home/airflow/.local/lib/python3.7/site-packages/airflow/example_dags/example_time_delta_sensor_async.py for tasks to queue
[2023-12-13T11:24:12.142+0000] {logging_mixin.py:117} INFO - [2023-12-13T11:24:12.142+0000] {dagbag.py:525} INFO - Filling up the DagBag from /home/airflow/.local/lib/python3.7/site-packages/airflow/example_dags/example_time_delta_sensor_async.py
[2023-12-13T11:24:12.152+0000] {processor.py:768} INFO - DAG(s) dict_keys(['example_time_delta_sensor_async']) retrieved from /home/airflow/.local/lib/python3.7/site-packages/airflow/example_dags/example_time_delta_sensor_async.py
[2023-12-13T11:24:12.306+0000] {logging_mixin.py:117} INFO - [2023-12-13T11:24:12.306+0000] {dag.py:2573} INFO - Sync 1 DAGs
[2023-12-13T11:24:12.323+0000] {logging_mixin.py:117} INFO - [2023-12-13T11:24:12.322+0000] {dag.py:3328} INFO - Setting next_dagrun for example_time_delta_sensor_async to None, run_after=None
[2023-12-13T11:24:12.336+0000] {processor.py:178} INFO - Processing /home/airflow/.local/lib/python3.7/site-packages/airflow/example_dags/example_time_delta_sensor_async.py took 0.198 seconds
[2023-12-13T11:24:43.067+0000] {processor.py:156} INFO - Started process (PID=235) to work on /home/airflow/.local/lib/python3.7/site-packages/airflow/example_dags/example_time_delta_sensor_async.py
[2023-12-13T11:24:43.068+0000] {processor.py:758} INFO - Processing file /home/airflow/.local/lib/python3.7/site-packages/airflow/example_dags/example_time_delta_sensor_async.py for tasks to queue
[2023-12-13T11:24:43.069+0000] {logging_mixin.py:117} INFO - [2023-12-13T11:24:43.069+0000] {dagbag.py:525} INFO - Filling up the DagBag from /home/airflow/.local/lib/python3.7/site-packages/airflow/example_dags/example_time_delta_sensor_async.py
[2023-12-13T11:24:43.079+0000] {processor.py:768} INFO - DAG(s) dict_keys(['example_time_delta_sensor_async']) retrieved from /home/airflow/.local/lib/python3.7/site-packages/airflow/example_dags/example_time_delta_sensor_async.py
[2023-12-13T11:24:43.251+0000] {logging_mixin.py:117} INFO - [2023-12-13T11:24:43.251+0000] {dag.py:2573} INFO - Sync 1 DAGs
[2023-12-13T11:24:43.273+0000] {logging_mixin.py:117} INFO - [2023-12-13T11:24:43.273+0000] {dag.py:3328} INFO - Setting next_dagrun for example_time_delta_sensor_async to None, run_after=None
[2023-12-13T11:24:43.288+0000] {processor.py:178} INFO - Processing /home/airflow/.local/lib/python3.7/site-packages/airflow/example_dags/example_time_delta_sensor_async.py took 0.222 seconds
[2023-12-13T11:25:13.804+0000] {processor.py:156} INFO - Started process (PID=290) to work on /home/airflow/.local/lib/python3.7/site-packages/airflow/example_dags/example_time_delta_sensor_async.py
[2023-12-13T11:25:13.805+0000] {processor.py:758} INFO - Processing file /home/airflow/.local/lib/python3.7/site-packages/airflow/example_dags/example_time_delta_sensor_async.py for tasks to queue
[2023-12-13T11:25:13.805+0000] {logging_mixin.py:117} INFO - [2023-12-13T11:25:13.805+0000] {dagbag.py:525} INFO - Filling up the DagBag from /home/airflow/.local/lib/python3.7/site-packages/airflow/example_dags/example_time_delta_sensor_async.py
[2023-12-13T11:25:13.816+0000] {processor.py:768} INFO - DAG(s) dict_keys(['example_time_delta_sensor_async']) retrieved from /home/airflow/.local/lib/python3.7/site-packages/airflow/example_dags/example_time_delta_sensor_async.py
[2023-12-13T11:25:13.970+0000] {logging_mixin.py:117} INFO - [2023-12-13T11:25:13.969+0000] {dag.py:2573} INFO - Sync 1 DAGs
[2023-12-13T11:25:13.987+0000] {logging_mixin.py:117} INFO - [2023-12-13T11:25:13.987+0000] {dag.py:3328} INFO - Setting next_dagrun for example_time_delta_sensor_async to None, run_after=None
[2023-12-13T11:25:14.008+0000] {processor.py:178} INFO - Processing /home/airflow/.local/lib/python3.7/site-packages/airflow/example_dags/example_time_delta_sensor_async.py took 0.207 seconds
[2023-12-13T11:25:44.700+0000] {processor.py:156} INFO - Started process (PID=354) to work on /home/airflow/.local/lib/python3.7/site-packages/airflow/example_dags/example_time_delta_sensor_async.py
[2023-12-13T11:25:44.701+0000] {processor.py:758} INFO - Processing file /home/airflow/.local/lib/python3.7/site-packages/airflow/example_dags/example_time_delta_sensor_async.py for tasks to queue
[2023-12-13T11:25:44.702+0000] {logging_mixin.py:117} INFO - [2023-12-13T11:25:44.702+0000] {dagbag.py:525} INFO - Filling up the DagBag from /home/airflow/.local/lib/python3.7/site-packages/airflow/example_dags/example_time_delta_sensor_async.py
[2023-12-13T11:25:44.713+0000] {processor.py:768} INFO - DAG(s) dict_keys(['example_time_delta_sensor_async']) retrieved from /home/airflow/.local/lib/python3.7/site-packages/airflow/example_dags/example_time_delta_sensor_async.py
[2023-12-13T11:25:44.876+0000] {logging_mixin.py:117} INFO - [2023-12-13T11:25:44.876+0000] {dag.py:2573} INFO - Sync 1 DAGs
[2023-12-13T11:25:44.898+0000] {logging_mixin.py:117} INFO - [2023-12-13T11:25:44.898+0000] {dag.py:3328} INFO - Setting next_dagrun for example_time_delta_sensor_async to None, run_after=None
[2023-12-13T11:25:44.915+0000] {processor.py:178} INFO - Processing /home/airflow/.local/lib/python3.7/site-packages/airflow/example_dags/example_time_delta_sensor_async.py took 0.217 seconds
[2023-12-13T11:26:15.249+0000] {processor.py:156} INFO - Started process (PID=418) to work on /home/airflow/.local/lib/python3.7/site-packages/airflow/example_dags/example_time_delta_sensor_async.py
[2023-12-13T11:26:15.249+0000] {processor.py:758} INFO - Processing file /home/airflow/.local/lib/python3.7/site-packages/airflow/example_dags/example_time_delta_sensor_async.py for tasks to queue
[2023-12-13T11:26:15.250+0000] {logging_mixin.py:117} INFO - [2023-12-13T11:26:15.250+0000] {dagbag.py:525} INFO - Filling up the DagBag from /home/airflow/.local/lib/python3.7/site-packages/airflow/example_dags/example_time_delta_sensor_async.py
[2023-12-13T11:26:15.261+0000] {processor.py:768} INFO - DAG(s) dict_keys(['example_time_delta_sensor_async']) retrieved from /home/airflow/.local/lib/python3.7/site-packages/airflow/example_dags/example_time_delta_sensor_async.py
[2023-12-13T11:26:15.414+0000] {logging_mixin.py:117} INFO - [2023-12-13T11:26:15.414+0000] {dag.py:2573} INFO - Sync 1 DAGs
[2023-12-13T11:26:15.433+0000] {logging_mixin.py:117} INFO - [2023-12-13T11:26:15.432+0000] {dag.py:3328} INFO - Setting next_dagrun for example_time_delta_sensor_async to None, run_after=None
[2023-12-13T11:26:15.446+0000] {processor.py:178} INFO - Processing /home/airflow/.local/lib/python3.7/site-packages/airflow/example_dags/example_time_delta_sensor_async.py took 0.200 seconds
