[2023-12-13T11:20:59.576+0000] {processor.py:156} INFO - Started process (PID=46) to work on /home/airflow/.local/lib/python3.7/site-packages/airflow/example_dags/example_latest_only_with_trigger.py
[2023-12-13T11:20:59.577+0000] {processor.py:758} INFO - Processing file /home/airflow/.local/lib/python3.7/site-packages/airflow/example_dags/example_latest_only_with_trigger.py for tasks to queue
[2023-12-13T11:20:59.578+0000] {logging_mixin.py:117} INFO - [2023-12-13T11:20:59.578+0000] {dagbag.py:525} INFO - Filling up the DagBag from /home/airflow/.local/lib/python3.7/site-packages/airflow/example_dags/example_latest_only_with_trigger.py
[2023-12-13T11:20:59.598+0000] {processor.py:768} INFO - DAG(s) dict_keys(['latest_only_with_trigger']) retrieved from /home/airflow/.local/lib/python3.7/site-packages/airflow/example_dags/example_latest_only_with_trigger.py
[2023-12-13T11:20:59.692+0000] {logging_mixin.py:117} INFO - [2023-12-13T11:20:59.692+0000] {dag.py:2573} INFO - Sync 1 DAGs
[2023-12-13T11:20:59.724+0000] {logging_mixin.py:117} INFO - [2023-12-13T11:20:59.724+0000] {dag.py:3328} INFO - Setting next_dagrun for latest_only_with_trigger to 2023-12-13T07:20:59.724439+00:00, run_after=2023-12-13T11:20:59.724439+00:00
[2023-12-13T11:20:59.758+0000] {processor.py:178} INFO - Processing /home/airflow/.local/lib/python3.7/site-packages/airflow/example_dags/example_latest_only_with_trigger.py took 0.185 seconds
[2023-12-13T11:21:30.148+0000] {processor.py:156} INFO - Started process (PID=110) to work on /home/airflow/.local/lib/python3.7/site-packages/airflow/example_dags/example_latest_only_with_trigger.py
[2023-12-13T11:21:30.149+0000] {processor.py:758} INFO - Processing file /home/airflow/.local/lib/python3.7/site-packages/airflow/example_dags/example_latest_only_with_trigger.py for tasks to queue
[2023-12-13T11:21:30.150+0000] {logging_mixin.py:117} INFO - [2023-12-13T11:21:30.149+0000] {dagbag.py:525} INFO - Filling up the DagBag from /home/airflow/.local/lib/python3.7/site-packages/airflow/example_dags/example_latest_only_with_trigger.py
[2023-12-13T11:21:30.168+0000] {processor.py:768} INFO - DAG(s) dict_keys(['latest_only_with_trigger']) retrieved from /home/airflow/.local/lib/python3.7/site-packages/airflow/example_dags/example_latest_only_with_trigger.py
[2023-12-13T11:21:30.201+0000] {logging_mixin.py:117} INFO - [2023-12-13T11:21:30.201+0000] {dag.py:2573} INFO - Sync 1 DAGs
[2023-12-13T11:21:30.219+0000] {logging_mixin.py:117} INFO - [2023-12-13T11:21:30.219+0000] {dag.py:3328} INFO - Setting next_dagrun for latest_only_with_trigger to 2023-12-13T07:21:30.219373+00:00, run_after=2023-12-13T11:21:30.219373+00:00
[2023-12-13T11:21:30.231+0000] {processor.py:178} INFO - Processing /home/airflow/.local/lib/python3.7/site-packages/airflow/example_dags/example_latest_only_with_trigger.py took 0.086 seconds
[2023-12-13T11:22:00.457+0000] {processor.py:156} INFO - Started process (PID=175) to work on /home/airflow/.local/lib/python3.7/site-packages/airflow/example_dags/example_latest_only_with_trigger.py
[2023-12-13T11:22:00.458+0000] {processor.py:758} INFO - Processing file /home/airflow/.local/lib/python3.7/site-packages/airflow/example_dags/example_latest_only_with_trigger.py for tasks to queue
[2023-12-13T11:22:00.459+0000] {logging_mixin.py:117} INFO - [2023-12-13T11:22:00.459+0000] {dagbag.py:525} INFO - Filling up the DagBag from /home/airflow/.local/lib/python3.7/site-packages/airflow/example_dags/example_latest_only_with_trigger.py
[2023-12-13T11:22:00.470+0000] {processor.py:768} INFO - DAG(s) dict_keys(['latest_only_with_trigger']) retrieved from /home/airflow/.local/lib/python3.7/site-packages/airflow/example_dags/example_latest_only_with_trigger.py
[2023-12-13T11:22:00.499+0000] {logging_mixin.py:117} INFO - [2023-12-13T11:22:00.499+0000] {dag.py:2573} INFO - Sync 1 DAGs
[2023-12-13T11:22:00.515+0000] {logging_mixin.py:117} INFO - [2023-12-13T11:22:00.515+0000] {dag.py:3328} INFO - Setting next_dagrun for latest_only_with_trigger to 2023-12-13T07:22:00.514876+00:00, run_after=2023-12-13T11:22:00.514876+00:00
[2023-12-13T11:22:00.527+0000] {processor.py:178} INFO - Processing /home/airflow/.local/lib/python3.7/site-packages/airflow/example_dags/example_latest_only_with_trigger.py took 0.072 seconds
[2023-12-13T11:23:11.219+0000] {processor.py:156} INFO - Started process (PID=46) to work on /home/airflow/.local/lib/python3.7/site-packages/airflow/example_dags/example_latest_only_with_trigger.py
[2023-12-13T11:23:11.220+0000] {processor.py:758} INFO - Processing file /home/airflow/.local/lib/python3.7/site-packages/airflow/example_dags/example_latest_only_with_trigger.py for tasks to queue
[2023-12-13T11:23:11.221+0000] {logging_mixin.py:117} INFO - [2023-12-13T11:23:11.220+0000] {dagbag.py:525} INFO - Filling up the DagBag from /home/airflow/.local/lib/python3.7/site-packages/airflow/example_dags/example_latest_only_with_trigger.py
[2023-12-13T11:23:11.235+0000] {processor.py:768} INFO - DAG(s) dict_keys(['latest_only_with_trigger']) retrieved from /home/airflow/.local/lib/python3.7/site-packages/airflow/example_dags/example_latest_only_with_trigger.py
[2023-12-13T11:23:11.254+0000] {logging_mixin.py:117} INFO - [2023-12-13T11:23:11.254+0000] {dag.py:2573} INFO - Sync 1 DAGs
[2023-12-13T11:23:11.276+0000] {logging_mixin.py:117} INFO - [2023-12-13T11:23:11.276+0000] {dag.py:3328} INFO - Setting next_dagrun for latest_only_with_trigger to 2023-12-13T07:23:11.275868+00:00, run_after=2023-12-13T11:23:11.275868+00:00
[2023-12-13T11:23:11.289+0000] {processor.py:178} INFO - Processing /home/airflow/.local/lib/python3.7/site-packages/airflow/example_dags/example_latest_only_with_trigger.py took 0.073 seconds
[2023-12-13T11:23:41.402+0000] {processor.py:156} INFO - Started process (PID=110) to work on /home/airflow/.local/lib/python3.7/site-packages/airflow/example_dags/example_latest_only_with_trigger.py
[2023-12-13T11:23:41.404+0000] {processor.py:758} INFO - Processing file /home/airflow/.local/lib/python3.7/site-packages/airflow/example_dags/example_latest_only_with_trigger.py for tasks to queue
[2023-12-13T11:23:41.404+0000] {logging_mixin.py:117} INFO - [2023-12-13T11:23:41.404+0000] {dagbag.py:525} INFO - Filling up the DagBag from /home/airflow/.local/lib/python3.7/site-packages/airflow/example_dags/example_latest_only_with_trigger.py
[2023-12-13T11:23:41.420+0000] {processor.py:768} INFO - DAG(s) dict_keys(['latest_only_with_trigger']) retrieved from /home/airflow/.local/lib/python3.7/site-packages/airflow/example_dags/example_latest_only_with_trigger.py
[2023-12-13T11:23:41.452+0000] {logging_mixin.py:117} INFO - [2023-12-13T11:23:41.452+0000] {dag.py:2573} INFO - Sync 1 DAGs
[2023-12-13T11:23:41.471+0000] {logging_mixin.py:117} INFO - [2023-12-13T11:23:41.471+0000] {dag.py:3328} INFO - Setting next_dagrun for latest_only_with_trigger to 2023-12-13T07:23:41.471586+00:00, run_after=2023-12-13T11:23:41.471586+00:00
[2023-12-13T11:23:41.484+0000] {processor.py:178} INFO - Processing /home/airflow/.local/lib/python3.7/site-packages/airflow/example_dags/example_latest_only_with_trigger.py took 0.085 seconds
[2023-12-13T11:24:12.358+0000] {processor.py:156} INFO - Started process (PID=175) to work on /home/airflow/.local/lib/python3.7/site-packages/airflow/example_dags/example_latest_only_with_trigger.py
[2023-12-13T11:24:12.359+0000] {processor.py:758} INFO - Processing file /home/airflow/.local/lib/python3.7/site-packages/airflow/example_dags/example_latest_only_with_trigger.py for tasks to queue
[2023-12-13T11:24:12.360+0000] {logging_mixin.py:117} INFO - [2023-12-13T11:24:12.360+0000] {dagbag.py:525} INFO - Filling up the DagBag from /home/airflow/.local/lib/python3.7/site-packages/airflow/example_dags/example_latest_only_with_trigger.py
[2023-12-13T11:24:12.373+0000] {processor.py:768} INFO - DAG(s) dict_keys(['latest_only_with_trigger']) retrieved from /home/airflow/.local/lib/python3.7/site-packages/airflow/example_dags/example_latest_only_with_trigger.py
[2023-12-13T11:24:12.402+0000] {logging_mixin.py:117} INFO - [2023-12-13T11:24:12.402+0000] {dag.py:2573} INFO - Sync 1 DAGs
[2023-12-13T11:24:12.419+0000] {logging_mixin.py:117} INFO - [2023-12-13T11:24:12.418+0000] {dag.py:3328} INFO - Setting next_dagrun for latest_only_with_trigger to 2023-12-13T07:24:12.418778+00:00, run_after=2023-12-13T11:24:12.418778+00:00
[2023-12-13T11:24:12.433+0000] {processor.py:178} INFO - Processing /home/airflow/.local/lib/python3.7/site-packages/airflow/example_dags/example_latest_only_with_trigger.py took 0.078 seconds
[2023-12-13T11:24:43.312+0000] {processor.py:156} INFO - Started process (PID=238) to work on /home/airflow/.local/lib/python3.7/site-packages/airflow/example_dags/example_latest_only_with_trigger.py
[2023-12-13T11:24:43.313+0000] {processor.py:758} INFO - Processing file /home/airflow/.local/lib/python3.7/site-packages/airflow/example_dags/example_latest_only_with_trigger.py for tasks to queue
[2023-12-13T11:24:43.313+0000] {logging_mixin.py:117} INFO - [2023-12-13T11:24:43.313+0000] {dagbag.py:525} INFO - Filling up the DagBag from /home/airflow/.local/lib/python3.7/site-packages/airflow/example_dags/example_latest_only_with_trigger.py
[2023-12-13T11:24:43.328+0000] {processor.py:768} INFO - DAG(s) dict_keys(['latest_only_with_trigger']) retrieved from /home/airflow/.local/lib/python3.7/site-packages/airflow/example_dags/example_latest_only_with_trigger.py
[2023-12-13T11:24:43.363+0000] {logging_mixin.py:117} INFO - [2023-12-13T11:24:43.363+0000] {dag.py:2573} INFO - Sync 1 DAGs
[2023-12-13T11:24:43.379+0000] {logging_mixin.py:117} INFO - [2023-12-13T11:24:43.379+0000] {dag.py:3328} INFO - Setting next_dagrun for latest_only_with_trigger to 2023-12-13T07:24:43.379207+00:00, run_after=2023-12-13T11:24:43.379207+00:00
[2023-12-13T11:24:43.391+0000] {processor.py:178} INFO - Processing /home/airflow/.local/lib/python3.7/site-packages/airflow/example_dags/example_latest_only_with_trigger.py took 0.082 seconds
[2023-12-13T11:25:14.029+0000] {processor.py:156} INFO - Started process (PID=293) to work on /home/airflow/.local/lib/python3.7/site-packages/airflow/example_dags/example_latest_only_with_trigger.py
[2023-12-13T11:25:14.030+0000] {processor.py:758} INFO - Processing file /home/airflow/.local/lib/python3.7/site-packages/airflow/example_dags/example_latest_only_with_trigger.py for tasks to queue
[2023-12-13T11:25:14.030+0000] {logging_mixin.py:117} INFO - [2023-12-13T11:25:14.030+0000] {dagbag.py:525} INFO - Filling up the DagBag from /home/airflow/.local/lib/python3.7/site-packages/airflow/example_dags/example_latest_only_with_trigger.py
[2023-12-13T11:25:14.042+0000] {processor.py:768} INFO - DAG(s) dict_keys(['latest_only_with_trigger']) retrieved from /home/airflow/.local/lib/python3.7/site-packages/airflow/example_dags/example_latest_only_with_trigger.py
[2023-12-13T11:25:14.072+0000] {logging_mixin.py:117} INFO - [2023-12-13T11:25:14.072+0000] {dag.py:2573} INFO - Sync 1 DAGs
[2023-12-13T11:25:14.089+0000] {logging_mixin.py:117} INFO - [2023-12-13T11:25:14.089+0000] {dag.py:3328} INFO - Setting next_dagrun for latest_only_with_trigger to 2023-12-13T07:25:14.089270+00:00, run_after=2023-12-13T11:25:14.089270+00:00
[2023-12-13T11:25:14.108+0000] {processor.py:178} INFO - Processing /home/airflow/.local/lib/python3.7/site-packages/airflow/example_dags/example_latest_only_with_trigger.py took 0.082 seconds
[2023-12-13T11:25:44.945+0000] {processor.py:156} INFO - Started process (PID=357) to work on /home/airflow/.local/lib/python3.7/site-packages/airflow/example_dags/example_latest_only_with_trigger.py
[2023-12-13T11:25:44.946+0000] {processor.py:758} INFO - Processing file /home/airflow/.local/lib/python3.7/site-packages/airflow/example_dags/example_latest_only_with_trigger.py for tasks to queue
[2023-12-13T11:25:44.947+0000] {logging_mixin.py:117} INFO - [2023-12-13T11:25:44.947+0000] {dagbag.py:525} INFO - Filling up the DagBag from /home/airflow/.local/lib/python3.7/site-packages/airflow/example_dags/example_latest_only_with_trigger.py
[2023-12-13T11:25:44.959+0000] {processor.py:768} INFO - DAG(s) dict_keys(['latest_only_with_trigger']) retrieved from /home/airflow/.local/lib/python3.7/site-packages/airflow/example_dags/example_latest_only_with_trigger.py
[2023-12-13T11:25:44.986+0000] {logging_mixin.py:117} INFO - [2023-12-13T11:25:44.986+0000] {dag.py:2573} INFO - Sync 1 DAGs
[2023-12-13T11:25:45.003+0000] {logging_mixin.py:117} INFO - [2023-12-13T11:25:45.002+0000] {dag.py:3328} INFO - Setting next_dagrun for latest_only_with_trigger to 2023-12-13T07:25:45.002839+00:00, run_after=2023-12-13T11:25:45.002839+00:00
[2023-12-13T11:25:45.014+0000] {processor.py:178} INFO - Processing /home/airflow/.local/lib/python3.7/site-packages/airflow/example_dags/example_latest_only_with_trigger.py took 0.073 seconds
[2023-12-13T11:26:15.437+0000] {processor.py:156} INFO - Started process (PID=421) to work on /home/airflow/.local/lib/python3.7/site-packages/airflow/example_dags/example_latest_only_with_trigger.py
[2023-12-13T11:26:15.437+0000] {processor.py:758} INFO - Processing file /home/airflow/.local/lib/python3.7/site-packages/airflow/example_dags/example_latest_only_with_trigger.py for tasks to queue
[2023-12-13T11:26:15.438+0000] {logging_mixin.py:117} INFO - [2023-12-13T11:26:15.438+0000] {dagbag.py:525} INFO - Filling up the DagBag from /home/airflow/.local/lib/python3.7/site-packages/airflow/example_dags/example_latest_only_with_trigger.py
[2023-12-13T11:26:15.452+0000] {processor.py:768} INFO - DAG(s) dict_keys(['latest_only_with_trigger']) retrieved from /home/airflow/.local/lib/python3.7/site-packages/airflow/example_dags/example_latest_only_with_trigger.py
[2023-12-13T11:26:15.484+0000] {logging_mixin.py:117} INFO - [2023-12-13T11:26:15.484+0000] {dag.py:2573} INFO - Sync 1 DAGs
[2023-12-13T11:26:15.502+0000] {logging_mixin.py:117} INFO - [2023-12-13T11:26:15.502+0000] {dag.py:3328} INFO - Setting next_dagrun for latest_only_with_trigger to 2023-12-13T07:26:15.501953+00:00, run_after=2023-12-13T11:26:15.501953+00:00
[2023-12-13T11:26:15.514+0000] {processor.py:178} INFO - Processing /home/airflow/.local/lib/python3.7/site-packages/airflow/example_dags/example_latest_only_with_trigger.py took 0.080 seconds
