[2023-12-13T11:20:58.752+0000] {processor.py:156} INFO - Started process (PID=40) to work on /home/airflow/.local/lib/python3.7/site-packages/airflow/example_dags/example_branch_day_of_week_operator.py
[2023-12-13T11:20:58.754+0000] {processor.py:758} INFO - Processing file /home/airflow/.local/lib/python3.7/site-packages/airflow/example_dags/example_branch_day_of_week_operator.py for tasks to queue
[2023-12-13T11:20:58.755+0000] {logging_mixin.py:117} INFO - [2023-12-13T11:20:58.755+0000] {dagbag.py:525} INFO - Filling up the DagBag from /home/airflow/.local/lib/python3.7/site-packages/airflow/example_dags/example_branch_day_of_week_operator.py
[2023-12-13T11:20:58.800+0000] {processor.py:768} INFO - DAG(s) dict_keys(['example_weekday_branch_operator']) retrieved from /home/airflow/.local/lib/python3.7/site-packages/airflow/example_dags/example_branch_day_of_week_operator.py
[2023-12-13T11:20:58.860+0000] {logging_mixin.py:117} INFO - [2023-12-13T11:20:58.859+0000] {dag.py:2573} INFO - Sync 1 DAGs
[2023-12-13T11:20:58.890+0000] {logging_mixin.py:117} INFO - [2023-12-13T11:20:58.890+0000] {dag.py:3328} INFO - Setting next_dagrun for example_weekday_branch_operator to 2023-12-12T00:00:00+00:00, run_after=2023-12-13T00:00:00+00:00
[2023-12-13T11:20:58.918+0000] {processor.py:178} INFO - Processing /home/airflow/.local/lib/python3.7/site-packages/airflow/example_dags/example_branch_day_of_week_operator.py took 0.169 seconds
[2023-12-13T11:21:29.775+0000] {processor.py:156} INFO - Started process (PID=104) to work on /home/airflow/.local/lib/python3.7/site-packages/airflow/example_dags/example_branch_day_of_week_operator.py
[2023-12-13T11:21:29.777+0000] {processor.py:758} INFO - Processing file /home/airflow/.local/lib/python3.7/site-packages/airflow/example_dags/example_branch_day_of_week_operator.py for tasks to queue
[2023-12-13T11:21:29.777+0000] {logging_mixin.py:117} INFO - [2023-12-13T11:21:29.777+0000] {dagbag.py:525} INFO - Filling up the DagBag from /home/airflow/.local/lib/python3.7/site-packages/airflow/example_dags/example_branch_day_of_week_operator.py
[2023-12-13T11:21:29.802+0000] {processor.py:768} INFO - DAG(s) dict_keys(['example_weekday_branch_operator']) retrieved from /home/airflow/.local/lib/python3.7/site-packages/airflow/example_dags/example_branch_day_of_week_operator.py
[2023-12-13T11:21:29.842+0000] {logging_mixin.py:117} INFO - [2023-12-13T11:21:29.842+0000] {dag.py:2573} INFO - Sync 1 DAGs
[2023-12-13T11:21:29.871+0000] {logging_mixin.py:117} INFO - [2023-12-13T11:21:29.871+0000] {dag.py:3328} INFO - Setting next_dagrun for example_weekday_branch_operator to 2023-12-12T00:00:00+00:00, run_after=2023-12-13T00:00:00+00:00
[2023-12-13T11:21:29.885+0000] {processor.py:178} INFO - Processing /home/airflow/.local/lib/python3.7/site-packages/airflow/example_dags/example_branch_day_of_week_operator.py took 0.112 seconds
[2023-12-13T11:22:00.075+0000] {processor.py:156} INFO - Started process (PID=169) to work on /home/airflow/.local/lib/python3.7/site-packages/airflow/example_dags/example_branch_day_of_week_operator.py
[2023-12-13T11:22:00.076+0000] {processor.py:758} INFO - Processing file /home/airflow/.local/lib/python3.7/site-packages/airflow/example_dags/example_branch_day_of_week_operator.py for tasks to queue
[2023-12-13T11:22:00.077+0000] {logging_mixin.py:117} INFO - [2023-12-13T11:22:00.077+0000] {dagbag.py:525} INFO - Filling up the DagBag from /home/airflow/.local/lib/python3.7/site-packages/airflow/example_dags/example_branch_day_of_week_operator.py
[2023-12-13T11:22:00.097+0000] {processor.py:768} INFO - DAG(s) dict_keys(['example_weekday_branch_operator']) retrieved from /home/airflow/.local/lib/python3.7/site-packages/airflow/example_dags/example_branch_day_of_week_operator.py
[2023-12-13T11:22:00.132+0000] {logging_mixin.py:117} INFO - [2023-12-13T11:22:00.132+0000] {dag.py:2573} INFO - Sync 1 DAGs
[2023-12-13T11:22:00.154+0000] {logging_mixin.py:117} INFO - [2023-12-13T11:22:00.154+0000] {dag.py:3328} INFO - Setting next_dagrun for example_weekday_branch_operator to 2023-12-12T00:00:00+00:00, run_after=2023-12-13T00:00:00+00:00
[2023-12-13T11:22:00.169+0000] {processor.py:178} INFO - Processing /home/airflow/.local/lib/python3.7/site-packages/airflow/example_dags/example_branch_day_of_week_operator.py took 0.102 seconds
[2023-12-13T11:23:10.741+0000] {processor.py:156} INFO - Started process (PID=40) to work on /home/airflow/.local/lib/python3.7/site-packages/airflow/example_dags/example_branch_day_of_week_operator.py
[2023-12-13T11:23:10.743+0000] {processor.py:758} INFO - Processing file /home/airflow/.local/lib/python3.7/site-packages/airflow/example_dags/example_branch_day_of_week_operator.py for tasks to queue
[2023-12-13T11:23:10.744+0000] {logging_mixin.py:117} INFO - [2023-12-13T11:23:10.744+0000] {dagbag.py:525} INFO - Filling up the DagBag from /home/airflow/.local/lib/python3.7/site-packages/airflow/example_dags/example_branch_day_of_week_operator.py
[2023-12-13T11:23:10.780+0000] {processor.py:768} INFO - DAG(s) dict_keys(['example_weekday_branch_operator']) retrieved from /home/airflow/.local/lib/python3.7/site-packages/airflow/example_dags/example_branch_day_of_week_operator.py
[2023-12-13T11:23:10.809+0000] {logging_mixin.py:117} INFO - [2023-12-13T11:23:10.808+0000] {dag.py:2573} INFO - Sync 1 DAGs
[2023-12-13T11:23:10.832+0000] {logging_mixin.py:117} INFO - [2023-12-13T11:23:10.832+0000] {dag.py:3328} INFO - Setting next_dagrun for example_weekday_branch_operator to 2023-12-12T00:00:00+00:00, run_after=2023-12-13T00:00:00+00:00
[2023-12-13T11:23:10.858+0000] {processor.py:178} INFO - Processing /home/airflow/.local/lib/python3.7/site-packages/airflow/example_dags/example_branch_day_of_week_operator.py took 0.128 seconds
[2023-12-13T11:23:40.918+0000] {processor.py:156} INFO - Started process (PID=104) to work on /home/airflow/.local/lib/python3.7/site-packages/airflow/example_dags/example_branch_day_of_week_operator.py
[2023-12-13T11:23:40.919+0000] {processor.py:758} INFO - Processing file /home/airflow/.local/lib/python3.7/site-packages/airflow/example_dags/example_branch_day_of_week_operator.py for tasks to queue
[2023-12-13T11:23:40.920+0000] {logging_mixin.py:117} INFO - [2023-12-13T11:23:40.920+0000] {dagbag.py:525} INFO - Filling up the DagBag from /home/airflow/.local/lib/python3.7/site-packages/airflow/example_dags/example_branch_day_of_week_operator.py
[2023-12-13T11:23:40.942+0000] {processor.py:768} INFO - DAG(s) dict_keys(['example_weekday_branch_operator']) retrieved from /home/airflow/.local/lib/python3.7/site-packages/airflow/example_dags/example_branch_day_of_week_operator.py
[2023-12-13T11:23:40.986+0000] {logging_mixin.py:117} INFO - [2023-12-13T11:23:40.986+0000] {dag.py:2573} INFO - Sync 1 DAGs
[2023-12-13T11:23:41.015+0000] {logging_mixin.py:117} INFO - [2023-12-13T11:23:41.015+0000] {dag.py:3328} INFO - Setting next_dagrun for example_weekday_branch_operator to 2023-12-12T00:00:00+00:00, run_after=2023-12-13T00:00:00+00:00
[2023-12-13T11:23:41.027+0000] {processor.py:178} INFO - Processing /home/airflow/.local/lib/python3.7/site-packages/airflow/example_dags/example_branch_day_of_week_operator.py took 0.112 seconds
[2023-12-13T11:24:11.914+0000] {processor.py:156} INFO - Started process (PID=169) to work on /home/airflow/.local/lib/python3.7/site-packages/airflow/example_dags/example_branch_day_of_week_operator.py
[2023-12-13T11:24:11.915+0000] {processor.py:758} INFO - Processing file /home/airflow/.local/lib/python3.7/site-packages/airflow/example_dags/example_branch_day_of_week_operator.py for tasks to queue
[2023-12-13T11:24:11.917+0000] {logging_mixin.py:117} INFO - [2023-12-13T11:24:11.917+0000] {dagbag.py:525} INFO - Filling up the DagBag from /home/airflow/.local/lib/python3.7/site-packages/airflow/example_dags/example_branch_day_of_week_operator.py
[2023-12-13T11:24:11.937+0000] {processor.py:768} INFO - DAG(s) dict_keys(['example_weekday_branch_operator']) retrieved from /home/airflow/.local/lib/python3.7/site-packages/airflow/example_dags/example_branch_day_of_week_operator.py
[2023-12-13T11:24:11.990+0000] {logging_mixin.py:117} INFO - [2023-12-13T11:24:11.990+0000] {dag.py:2573} INFO - Sync 1 DAGs
[2023-12-13T11:24:12.015+0000] {logging_mixin.py:117} INFO - [2023-12-13T11:24:12.015+0000] {dag.py:3328} INFO - Setting next_dagrun for example_weekday_branch_operator to 2023-12-12T00:00:00+00:00, run_after=2023-12-13T00:00:00+00:00
[2023-12-13T11:24:12.028+0000] {processor.py:178} INFO - Processing /home/airflow/.local/lib/python3.7/site-packages/airflow/example_dags/example_branch_day_of_week_operator.py took 0.120 seconds
[2023-12-13T11:24:42.826+0000] {processor.py:156} INFO - Started process (PID=232) to work on /home/airflow/.local/lib/python3.7/site-packages/airflow/example_dags/example_branch_day_of_week_operator.py
[2023-12-13T11:24:42.827+0000] {processor.py:758} INFO - Processing file /home/airflow/.local/lib/python3.7/site-packages/airflow/example_dags/example_branch_day_of_week_operator.py for tasks to queue
[2023-12-13T11:24:42.827+0000] {logging_mixin.py:117} INFO - [2023-12-13T11:24:42.827+0000] {dagbag.py:525} INFO - Filling up the DagBag from /home/airflow/.local/lib/python3.7/site-packages/airflow/example_dags/example_branch_day_of_week_operator.py
[2023-12-13T11:24:42.846+0000] {processor.py:768} INFO - DAG(s) dict_keys(['example_weekday_branch_operator']) retrieved from /home/airflow/.local/lib/python3.7/site-packages/airflow/example_dags/example_branch_day_of_week_operator.py
[2023-12-13T11:24:42.899+0000] {logging_mixin.py:117} INFO - [2023-12-13T11:24:42.898+0000] {dag.py:2573} INFO - Sync 1 DAGs
[2023-12-13T11:24:42.920+0000] {logging_mixin.py:117} INFO - [2023-12-13T11:24:42.920+0000] {dag.py:3328} INFO - Setting next_dagrun for example_weekday_branch_operator to 2023-12-12T00:00:00+00:00, run_after=2023-12-13T00:00:00+00:00
[2023-12-13T11:24:42.935+0000] {processor.py:178} INFO - Processing /home/airflow/.local/lib/python3.7/site-packages/airflow/example_dags/example_branch_day_of_week_operator.py took 0.111 seconds
[2023-12-13T11:25:13.531+0000] {processor.py:156} INFO - Started process (PID=287) to work on /home/airflow/.local/lib/python3.7/site-packages/airflow/example_dags/example_branch_day_of_week_operator.py
[2023-12-13T11:25:13.532+0000] {processor.py:758} INFO - Processing file /home/airflow/.local/lib/python3.7/site-packages/airflow/example_dags/example_branch_day_of_week_operator.py for tasks to queue
[2023-12-13T11:25:13.533+0000] {logging_mixin.py:117} INFO - [2023-12-13T11:25:13.533+0000] {dagbag.py:525} INFO - Filling up the DagBag from /home/airflow/.local/lib/python3.7/site-packages/airflow/example_dags/example_branch_day_of_week_operator.py
[2023-12-13T11:25:13.576+0000] {processor.py:768} INFO - DAG(s) dict_keys(['example_weekday_branch_operator']) retrieved from /home/airflow/.local/lib/python3.7/site-packages/airflow/example_dags/example_branch_day_of_week_operator.py
[2023-12-13T11:25:13.629+0000] {logging_mixin.py:117} INFO - [2023-12-13T11:25:13.629+0000] {dag.py:2573} INFO - Sync 1 DAGs
[2023-12-13T11:25:13.653+0000] {logging_mixin.py:117} INFO - [2023-12-13T11:25:13.653+0000] {dag.py:3328} INFO - Setting next_dagrun for example_weekday_branch_operator to 2023-12-12T00:00:00+00:00, run_after=2023-12-13T00:00:00+00:00
[2023-12-13T11:25:13.671+0000] {processor.py:178} INFO - Processing /home/airflow/.local/lib/python3.7/site-packages/airflow/example_dags/example_branch_day_of_week_operator.py took 0.145 seconds
[2023-12-13T11:25:44.471+0000] {processor.py:156} INFO - Started process (PID=351) to work on /home/airflow/.local/lib/python3.7/site-packages/airflow/example_dags/example_branch_day_of_week_operator.py
[2023-12-13T11:25:44.471+0000] {processor.py:758} INFO - Processing file /home/airflow/.local/lib/python3.7/site-packages/airflow/example_dags/example_branch_day_of_week_operator.py for tasks to queue
[2023-12-13T11:25:44.472+0000] {logging_mixin.py:117} INFO - [2023-12-13T11:25:44.472+0000] {dagbag.py:525} INFO - Filling up the DagBag from /home/airflow/.local/lib/python3.7/site-packages/airflow/example_dags/example_branch_day_of_week_operator.py
[2023-12-13T11:25:44.494+0000] {processor.py:768} INFO - DAG(s) dict_keys(['example_weekday_branch_operator']) retrieved from /home/airflow/.local/lib/python3.7/site-packages/airflow/example_dags/example_branch_day_of_week_operator.py
[2023-12-13T11:25:44.535+0000] {logging_mixin.py:117} INFO - [2023-12-13T11:25:44.535+0000] {dag.py:2573} INFO - Sync 1 DAGs
[2023-12-13T11:25:44.555+0000] {logging_mixin.py:117} INFO - [2023-12-13T11:25:44.555+0000] {dag.py:3328} INFO - Setting next_dagrun for example_weekday_branch_operator to 2023-12-12T00:00:00+00:00, run_after=2023-12-13T00:00:00+00:00
[2023-12-13T11:25:44.570+0000] {processor.py:178} INFO - Processing /home/airflow/.local/lib/python3.7/site-packages/airflow/example_dags/example_branch_day_of_week_operator.py took 0.103 seconds
[2023-12-13T11:26:14.911+0000] {processor.py:156} INFO - Started process (PID=415) to work on /home/airflow/.local/lib/python3.7/site-packages/airflow/example_dags/example_branch_day_of_week_operator.py
[2023-12-13T11:26:14.912+0000] {processor.py:758} INFO - Processing file /home/airflow/.local/lib/python3.7/site-packages/airflow/example_dags/example_branch_day_of_week_operator.py for tasks to queue
[2023-12-13T11:26:14.913+0000] {logging_mixin.py:117} INFO - [2023-12-13T11:26:14.913+0000] {dagbag.py:525} INFO - Filling up the DagBag from /home/airflow/.local/lib/python3.7/site-packages/airflow/example_dags/example_branch_day_of_week_operator.py
[2023-12-13T11:26:14.934+0000] {processor.py:768} INFO - DAG(s) dict_keys(['example_weekday_branch_operator']) retrieved from /home/airflow/.local/lib/python3.7/site-packages/airflow/example_dags/example_branch_day_of_week_operator.py
[2023-12-13T11:26:14.979+0000] {logging_mixin.py:117} INFO - [2023-12-13T11:26:14.979+0000] {dag.py:2573} INFO - Sync 1 DAGs
[2023-12-13T11:26:15.005+0000] {logging_mixin.py:117} INFO - [2023-12-13T11:26:15.005+0000] {dag.py:3328} INFO - Setting next_dagrun for example_weekday_branch_operator to 2023-12-12T00:00:00+00:00, run_after=2023-12-13T00:00:00+00:00
[2023-12-13T11:26:15.018+0000] {processor.py:178} INFO - Processing /home/airflow/.local/lib/python3.7/site-packages/airflow/example_dags/example_branch_day_of_week_operator.py took 0.110 seconds
