[2023-12-13T11:21:00.398+0000] {processor.py:156} INFO - Started process (PID=54) to work on /home/airflow/.local/lib/python3.7/site-packages/airflow/example_dags/example_branch_python_dop_operator_3.py
[2023-12-13T11:21:00.399+0000] {processor.py:758} INFO - Processing file /home/airflow/.local/lib/python3.7/site-packages/airflow/example_dags/example_branch_python_dop_operator_3.py for tasks to queue
[2023-12-13T11:21:00.400+0000] {logging_mixin.py:117} INFO - [2023-12-13T11:21:00.400+0000] {dagbag.py:525} INFO - Filling up the DagBag from /home/airflow/.local/lib/python3.7/site-packages/airflow/example_dags/example_branch_python_dop_operator_3.py
[2023-12-13T11:21:00.425+0000] {processor.py:768} INFO - DAG(s) dict_keys(['example_branch_dop_operator_v3']) retrieved from /home/airflow/.local/lib/python3.7/site-packages/airflow/example_dags/example_branch_python_dop_operator_3.py
[2023-12-13T11:21:00.469+0000] {logging_mixin.py:117} INFO - [2023-12-13T11:21:00.469+0000] {dag.py:2573} INFO - Sync 1 DAGs
[2023-12-13T11:21:00.492+0000] {logging_mixin.py:117} INFO - [2023-12-13T11:21:00.492+0000] {dag.py:3328} INFO - Setting next_dagrun for example_branch_dop_operator_v3 to 2023-12-13T11:20:00+00:00, run_after=2023-12-13T11:21:00+00:00
[2023-12-13T11:21:00.506+0000] {processor.py:178} INFO - Processing /home/airflow/.local/lib/python3.7/site-packages/airflow/example_dags/example_branch_python_dop_operator_3.py took 0.111 seconds
[2023-12-13T11:21:30.601+0000] {processor.py:156} INFO - Started process (PID=118) to work on /home/airflow/.local/lib/python3.7/site-packages/airflow/example_dags/example_branch_python_dop_operator_3.py
[2023-12-13T11:21:30.602+0000] {processor.py:758} INFO - Processing file /home/airflow/.local/lib/python3.7/site-packages/airflow/example_dags/example_branch_python_dop_operator_3.py for tasks to queue
[2023-12-13T11:21:30.602+0000] {logging_mixin.py:117} INFO - [2023-12-13T11:21:30.602+0000] {dagbag.py:525} INFO - Filling up the DagBag from /home/airflow/.local/lib/python3.7/site-packages/airflow/example_dags/example_branch_python_dop_operator_3.py
[2023-12-13T11:21:30.620+0000] {processor.py:768} INFO - DAG(s) dict_keys(['example_branch_dop_operator_v3']) retrieved from /home/airflow/.local/lib/python3.7/site-packages/airflow/example_dags/example_branch_python_dop_operator_3.py
[2023-12-13T11:21:30.647+0000] {logging_mixin.py:117} INFO - [2023-12-13T11:21:30.647+0000] {dag.py:2573} INFO - Sync 1 DAGs
[2023-12-13T11:21:30.665+0000] {logging_mixin.py:117} INFO - [2023-12-13T11:21:30.665+0000] {dag.py:3328} INFO - Setting next_dagrun for example_branch_dop_operator_v3 to 2023-12-13T11:20:00+00:00, run_after=2023-12-13T11:21:00+00:00
[2023-12-13T11:21:30.677+0000] {processor.py:178} INFO - Processing /home/airflow/.local/lib/python3.7/site-packages/airflow/example_dags/example_branch_python_dop_operator_3.py took 0.078 seconds
[2023-12-13T11:22:00.869+0000] {processor.py:156} INFO - Started process (PID=183) to work on /home/airflow/.local/lib/python3.7/site-packages/airflow/example_dags/example_branch_python_dop_operator_3.py
[2023-12-13T11:22:00.870+0000] {processor.py:758} INFO - Processing file /home/airflow/.local/lib/python3.7/site-packages/airflow/example_dags/example_branch_python_dop_operator_3.py for tasks to queue
[2023-12-13T11:22:00.871+0000] {logging_mixin.py:117} INFO - [2023-12-13T11:22:00.871+0000] {dagbag.py:525} INFO - Filling up the DagBag from /home/airflow/.local/lib/python3.7/site-packages/airflow/example_dags/example_branch_python_dop_operator_3.py
[2023-12-13T11:22:00.888+0000] {processor.py:768} INFO - DAG(s) dict_keys(['example_branch_dop_operator_v3']) retrieved from /home/airflow/.local/lib/python3.7/site-packages/airflow/example_dags/example_branch_python_dop_operator_3.py
[2023-12-13T11:22:00.918+0000] {logging_mixin.py:117} INFO - [2023-12-13T11:22:00.918+0000] {dag.py:2573} INFO - Sync 1 DAGs
[2023-12-13T11:22:00.937+0000] {logging_mixin.py:117} INFO - [2023-12-13T11:22:00.936+0000] {dag.py:3328} INFO - Setting next_dagrun for example_branch_dop_operator_v3 to 2023-12-13T11:21:00+00:00, run_after=2023-12-13T11:22:00+00:00
[2023-12-13T11:22:00.948+0000] {processor.py:178} INFO - Processing /home/airflow/.local/lib/python3.7/site-packages/airflow/example_dags/example_branch_python_dop_operator_3.py took 0.082 seconds
[2023-12-13T11:23:11.892+0000] {processor.py:156} INFO - Started process (PID=54) to work on /home/airflow/.local/lib/python3.7/site-packages/airflow/example_dags/example_branch_python_dop_operator_3.py
[2023-12-13T11:23:11.894+0000] {processor.py:758} INFO - Processing file /home/airflow/.local/lib/python3.7/site-packages/airflow/example_dags/example_branch_python_dop_operator_3.py for tasks to queue
[2023-12-13T11:23:11.895+0000] {logging_mixin.py:117} INFO - [2023-12-13T11:23:11.895+0000] {dagbag.py:525} INFO - Filling up the DagBag from /home/airflow/.local/lib/python3.7/site-packages/airflow/example_dags/example_branch_python_dop_operator_3.py
[2023-12-13T11:23:11.932+0000] {processor.py:768} INFO - DAG(s) dict_keys(['example_branch_dop_operator_v3']) retrieved from /home/airflow/.local/lib/python3.7/site-packages/airflow/example_dags/example_branch_python_dop_operator_3.py
[2023-12-13T11:23:11.987+0000] {logging_mixin.py:117} INFO - [2023-12-13T11:23:11.987+0000] {dag.py:2573} INFO - Sync 1 DAGs
[2023-12-13T11:23:12.037+0000] {logging_mixin.py:117} INFO - [2023-12-13T11:23:12.036+0000] {dag.py:3328} INFO - Setting next_dagrun for example_branch_dop_operator_v3 to 2023-12-13T11:22:00+00:00, run_after=2023-12-13T11:23:00+00:00
[2023-12-13T11:23:12.055+0000] {processor.py:178} INFO - Processing /home/airflow/.local/lib/python3.7/site-packages/airflow/example_dags/example_branch_python_dop_operator_3.py took 0.166 seconds
[2023-12-13T11:23:42.907+0000] {processor.py:156} INFO - Started process (PID=118) to work on /home/airflow/.local/lib/python3.7/site-packages/airflow/example_dags/example_branch_python_dop_operator_3.py
[2023-12-13T11:23:42.908+0000] {processor.py:758} INFO - Processing file /home/airflow/.local/lib/python3.7/site-packages/airflow/example_dags/example_branch_python_dop_operator_3.py for tasks to queue
[2023-12-13T11:23:42.909+0000] {logging_mixin.py:117} INFO - [2023-12-13T11:23:42.909+0000] {dagbag.py:525} INFO - Filling up the DagBag from /home/airflow/.local/lib/python3.7/site-packages/airflow/example_dags/example_branch_python_dop_operator_3.py
[2023-12-13T11:23:42.925+0000] {processor.py:768} INFO - DAG(s) dict_keys(['example_branch_dop_operator_v3']) retrieved from /home/airflow/.local/lib/python3.7/site-packages/airflow/example_dags/example_branch_python_dop_operator_3.py
[2023-12-13T11:23:42.955+0000] {logging_mixin.py:117} INFO - [2023-12-13T11:23:42.955+0000] {dag.py:2573} INFO - Sync 1 DAGs
[2023-12-13T11:23:42.974+0000] {logging_mixin.py:117} INFO - [2023-12-13T11:23:42.974+0000] {dag.py:3328} INFO - Setting next_dagrun for example_branch_dop_operator_v3 to 2023-12-13T11:22:00+00:00, run_after=2023-12-13T11:23:00+00:00
[2023-12-13T11:23:42.986+0000] {processor.py:178} INFO - Processing /home/airflow/.local/lib/python3.7/site-packages/airflow/example_dags/example_branch_python_dop_operator_3.py took 0.082 seconds
[2023-12-13T11:24:13.789+0000] {processor.py:156} INFO - Started process (PID=183) to work on /home/airflow/.local/lib/python3.7/site-packages/airflow/example_dags/example_branch_python_dop_operator_3.py
[2023-12-13T11:24:13.790+0000] {processor.py:758} INFO - Processing file /home/airflow/.local/lib/python3.7/site-packages/airflow/example_dags/example_branch_python_dop_operator_3.py for tasks to queue
[2023-12-13T11:24:13.791+0000] {logging_mixin.py:117} INFO - [2023-12-13T11:24:13.790+0000] {dagbag.py:525} INFO - Filling up the DagBag from /home/airflow/.local/lib/python3.7/site-packages/airflow/example_dags/example_branch_python_dop_operator_3.py
[2023-12-13T11:24:13.808+0000] {processor.py:768} INFO - DAG(s) dict_keys(['example_branch_dop_operator_v3']) retrieved from /home/airflow/.local/lib/python3.7/site-packages/airflow/example_dags/example_branch_python_dop_operator_3.py
[2023-12-13T11:24:13.836+0000] {logging_mixin.py:117} INFO - [2023-12-13T11:24:13.836+0000] {dag.py:2573} INFO - Sync 1 DAGs
[2023-12-13T11:24:13.857+0000] {logging_mixin.py:117} INFO - [2023-12-13T11:24:13.857+0000] {dag.py:3328} INFO - Setting next_dagrun for example_branch_dop_operator_v3 to 2023-12-13T11:23:00+00:00, run_after=2023-12-13T11:24:00+00:00
[2023-12-13T11:24:13.871+0000] {processor.py:178} INFO - Processing /home/airflow/.local/lib/python3.7/site-packages/airflow/example_dags/example_branch_python_dop_operator_3.py took 0.084 seconds
[2023-12-13T11:24:44.739+0000] {processor.py:156} INFO - Started process (PID=246) to work on /home/airflow/.local/lib/python3.7/site-packages/airflow/example_dags/example_branch_python_dop_operator_3.py
[2023-12-13T11:24:44.740+0000] {processor.py:758} INFO - Processing file /home/airflow/.local/lib/python3.7/site-packages/airflow/example_dags/example_branch_python_dop_operator_3.py for tasks to queue
[2023-12-13T11:24:44.741+0000] {logging_mixin.py:117} INFO - [2023-12-13T11:24:44.741+0000] {dagbag.py:525} INFO - Filling up the DagBag from /home/airflow/.local/lib/python3.7/site-packages/airflow/example_dags/example_branch_python_dop_operator_3.py
[2023-12-13T11:24:44.757+0000] {processor.py:768} INFO - DAG(s) dict_keys(['example_branch_dop_operator_v3']) retrieved from /home/airflow/.local/lib/python3.7/site-packages/airflow/example_dags/example_branch_python_dop_operator_3.py
[2023-12-13T11:24:44.791+0000] {logging_mixin.py:117} INFO - [2023-12-13T11:24:44.791+0000] {dag.py:2573} INFO - Sync 1 DAGs
[2023-12-13T11:24:44.811+0000] {logging_mixin.py:117} INFO - [2023-12-13T11:24:44.811+0000] {dag.py:3328} INFO - Setting next_dagrun for example_branch_dop_operator_v3 to 2023-12-13T11:23:00+00:00, run_after=2023-12-13T11:24:00+00:00
[2023-12-13T11:24:44.825+0000] {processor.py:178} INFO - Processing /home/airflow/.local/lib/python3.7/site-packages/airflow/example_dags/example_branch_python_dop_operator_3.py took 0.088 seconds
[2023-12-13T11:25:15.615+0000] {processor.py:156} INFO - Started process (PID=310) to work on /home/airflow/.local/lib/python3.7/site-packages/airflow/example_dags/example_branch_python_dop_operator_3.py
[2023-12-13T11:25:15.615+0000] {processor.py:758} INFO - Processing file /home/airflow/.local/lib/python3.7/site-packages/airflow/example_dags/example_branch_python_dop_operator_3.py for tasks to queue
[2023-12-13T11:25:15.616+0000] {logging_mixin.py:117} INFO - [2023-12-13T11:25:15.616+0000] {dagbag.py:525} INFO - Filling up the DagBag from /home/airflow/.local/lib/python3.7/site-packages/airflow/example_dags/example_branch_python_dop_operator_3.py
[2023-12-13T11:25:15.634+0000] {processor.py:768} INFO - DAG(s) dict_keys(['example_branch_dop_operator_v3']) retrieved from /home/airflow/.local/lib/python3.7/site-packages/airflow/example_dags/example_branch_python_dop_operator_3.py
[2023-12-13T11:25:15.664+0000] {logging_mixin.py:117} INFO - [2023-12-13T11:25:15.664+0000] {dag.py:2573} INFO - Sync 1 DAGs
[2023-12-13T11:25:15.684+0000] {logging_mixin.py:117} INFO - [2023-12-13T11:25:15.684+0000] {dag.py:3328} INFO - Setting next_dagrun for example_branch_dop_operator_v3 to 2023-12-13T11:24:00+00:00, run_after=2023-12-13T11:25:00+00:00
[2023-12-13T11:25:15.696+0000] {processor.py:178} INFO - Processing /home/airflow/.local/lib/python3.7/site-packages/airflow/example_dags/example_branch_python_dop_operator_3.py took 0.084 seconds
[2023-12-13T11:25:46.415+0000] {processor.py:156} INFO - Started process (PID=365) to work on /home/airflow/.local/lib/python3.7/site-packages/airflow/example_dags/example_branch_python_dop_operator_3.py
[2023-12-13T11:25:46.416+0000] {processor.py:758} INFO - Processing file /home/airflow/.local/lib/python3.7/site-packages/airflow/example_dags/example_branch_python_dop_operator_3.py for tasks to queue
[2023-12-13T11:25:46.416+0000] {logging_mixin.py:117} INFO - [2023-12-13T11:25:46.416+0000] {dagbag.py:525} INFO - Filling up the DagBag from /home/airflow/.local/lib/python3.7/site-packages/airflow/example_dags/example_branch_python_dop_operator_3.py
[2023-12-13T11:25:46.434+0000] {processor.py:768} INFO - DAG(s) dict_keys(['example_branch_dop_operator_v3']) retrieved from /home/airflow/.local/lib/python3.7/site-packages/airflow/example_dags/example_branch_python_dop_operator_3.py
[2023-12-13T11:25:46.473+0000] {logging_mixin.py:117} INFO - [2023-12-13T11:25:46.473+0000] {dag.py:2573} INFO - Sync 1 DAGs
[2023-12-13T11:25:46.494+0000] {logging_mixin.py:117} INFO - [2023-12-13T11:25:46.494+0000] {dag.py:3328} INFO - Setting next_dagrun for example_branch_dop_operator_v3 to 2023-12-13T11:24:00+00:00, run_after=2023-12-13T11:25:00+00:00
[2023-12-13T11:25:46.506+0000] {processor.py:178} INFO - Processing /home/airflow/.local/lib/python3.7/site-packages/airflow/example_dags/example_branch_python_dop_operator_3.py took 0.095 seconds
[2023-12-13T11:26:16.941+0000] {processor.py:156} INFO - Started process (PID=429) to work on /home/airflow/.local/lib/python3.7/site-packages/airflow/example_dags/example_branch_python_dop_operator_3.py
[2023-12-13T11:26:16.941+0000] {processor.py:758} INFO - Processing file /home/airflow/.local/lib/python3.7/site-packages/airflow/example_dags/example_branch_python_dop_operator_3.py for tasks to queue
[2023-12-13T11:26:16.942+0000] {logging_mixin.py:117} INFO - [2023-12-13T11:26:16.942+0000] {dagbag.py:525} INFO - Filling up the DagBag from /home/airflow/.local/lib/python3.7/site-packages/airflow/example_dags/example_branch_python_dop_operator_3.py
[2023-12-13T11:26:16.959+0000] {processor.py:768} INFO - DAG(s) dict_keys(['example_branch_dop_operator_v3']) retrieved from /home/airflow/.local/lib/python3.7/site-packages/airflow/example_dags/example_branch_python_dop_operator_3.py
[2023-12-13T11:26:16.989+0000] {logging_mixin.py:117} INFO - [2023-12-13T11:26:16.989+0000] {dag.py:2573} INFO - Sync 1 DAGs
[2023-12-13T11:26:17.010+0000] {logging_mixin.py:117} INFO - [2023-12-13T11:26:17.010+0000] {dag.py:3328} INFO - Setting next_dagrun for example_branch_dop_operator_v3 to 2023-12-13T11:25:00+00:00, run_after=2023-12-13T11:26:00+00:00
[2023-12-13T11:26:17.030+0000] {processor.py:178} INFO - Processing /home/airflow/.local/lib/python3.7/site-packages/airflow/example_dags/example_branch_python_dop_operator_3.py took 0.092 seconds
