[2023-12-13T11:21:00.628+0000] {processor.py:156} INFO - Started process (PID=57) to work on /home/airflow/.local/lib/python3.7/site-packages/airflow/example_dags/example_task_group.py
[2023-12-13T11:21:00.629+0000] {processor.py:758} INFO - Processing file /home/airflow/.local/lib/python3.7/site-packages/airflow/example_dags/example_task_group.py for tasks to queue
[2023-12-13T11:21:00.629+0000] {logging_mixin.py:117} INFO - [2023-12-13T11:21:00.629+0000] {dagbag.py:525} INFO - Filling up the DagBag from /home/airflow/.local/lib/python3.7/site-packages/airflow/example_dags/example_task_group.py
[2023-12-13T11:21:00.644+0000] {processor.py:768} INFO - DAG(s) dict_keys(['example_task_group']) retrieved from /home/airflow/.local/lib/python3.7/site-packages/airflow/example_dags/example_task_group.py
[2023-12-13T11:21:00.680+0000] {logging_mixin.py:117} INFO - [2023-12-13T11:21:00.680+0000] {dag.py:2573} INFO - Sync 1 DAGs
[2023-12-13T11:21:00.698+0000] {logging_mixin.py:117} INFO - [2023-12-13T11:21:00.698+0000] {dag.py:3328} INFO - Setting next_dagrun for example_task_group to 2023-12-12T11:21:00.698448+00:00, run_after=2023-12-13T11:21:00.698448+00:00
[2023-12-13T11:21:00.712+0000] {processor.py:178} INFO - Processing /home/airflow/.local/lib/python3.7/site-packages/airflow/example_dags/example_task_group.py took 0.087 seconds
[2023-12-13T11:21:30.794+0000] {processor.py:156} INFO - Started process (PID=121) to work on /home/airflow/.local/lib/python3.7/site-packages/airflow/example_dags/example_task_group.py
[2023-12-13T11:21:30.794+0000] {processor.py:758} INFO - Processing file /home/airflow/.local/lib/python3.7/site-packages/airflow/example_dags/example_task_group.py for tasks to queue
[2023-12-13T11:21:30.795+0000] {logging_mixin.py:117} INFO - [2023-12-13T11:21:30.795+0000] {dagbag.py:525} INFO - Filling up the DagBag from /home/airflow/.local/lib/python3.7/site-packages/airflow/example_dags/example_task_group.py
[2023-12-13T11:21:30.807+0000] {processor.py:768} INFO - DAG(s) dict_keys(['example_task_group']) retrieved from /home/airflow/.local/lib/python3.7/site-packages/airflow/example_dags/example_task_group.py
[2023-12-13T11:21:30.833+0000] {logging_mixin.py:117} INFO - [2023-12-13T11:21:30.833+0000] {dag.py:2573} INFO - Sync 1 DAGs
[2023-12-13T11:21:30.849+0000] {logging_mixin.py:117} INFO - [2023-12-13T11:21:30.849+0000] {dag.py:3328} INFO - Setting next_dagrun for example_task_group to 2023-12-12T11:21:30.849514+00:00, run_after=2023-12-13T11:21:30.849514+00:00
[2023-12-13T11:21:30.861+0000] {processor.py:178} INFO - Processing /home/airflow/.local/lib/python3.7/site-packages/airflow/example_dags/example_task_group.py took 0.070 seconds
[2023-12-13T11:22:00.964+0000] {processor.py:156} INFO - Started process (PID=185) to work on /home/airflow/.local/lib/python3.7/site-packages/airflow/example_dags/example_task_group.py
[2023-12-13T11:22:00.965+0000] {processor.py:758} INFO - Processing file /home/airflow/.local/lib/python3.7/site-packages/airflow/example_dags/example_task_group.py for tasks to queue
[2023-12-13T11:22:00.966+0000] {logging_mixin.py:117} INFO - [2023-12-13T11:22:00.966+0000] {dagbag.py:525} INFO - Filling up the DagBag from /home/airflow/.local/lib/python3.7/site-packages/airflow/example_dags/example_task_group.py
[2023-12-13T11:22:00.977+0000] {processor.py:768} INFO - DAG(s) dict_keys(['example_task_group']) retrieved from /home/airflow/.local/lib/python3.7/site-packages/airflow/example_dags/example_task_group.py
[2023-12-13T11:22:01.006+0000] {logging_mixin.py:117} INFO - [2023-12-13T11:22:01.006+0000] {dag.py:2573} INFO - Sync 1 DAGs
[2023-12-13T11:22:01.022+0000] {logging_mixin.py:117} INFO - [2023-12-13T11:22:01.022+0000] {dag.py:3328} INFO - Setting next_dagrun for example_task_group to 2023-12-12T11:22:01.022064+00:00, run_after=2023-12-13T11:22:01.022064+00:00
[2023-12-13T11:22:01.034+0000] {processor.py:178} INFO - Processing /home/airflow/.local/lib/python3.7/site-packages/airflow/example_dags/example_task_group.py took 0.072 seconds
[2023-12-13T11:23:12.104+0000] {processor.py:156} INFO - Started process (PID=57) to work on /home/airflow/.local/lib/python3.7/site-packages/airflow/example_dags/example_task_group.py
[2023-12-13T11:23:12.108+0000] {processor.py:758} INFO - Processing file /home/airflow/.local/lib/python3.7/site-packages/airflow/example_dags/example_task_group.py for tasks to queue
[2023-12-13T11:23:12.111+0000] {logging_mixin.py:117} INFO - [2023-12-13T11:23:12.111+0000] {dagbag.py:525} INFO - Filling up the DagBag from /home/airflow/.local/lib/python3.7/site-packages/airflow/example_dags/example_task_group.py
[2023-12-13T11:23:12.135+0000] {processor.py:768} INFO - DAG(s) dict_keys(['example_task_group']) retrieved from /home/airflow/.local/lib/python3.7/site-packages/airflow/example_dags/example_task_group.py
[2023-12-13T11:23:12.163+0000] {logging_mixin.py:117} INFO - [2023-12-13T11:23:12.163+0000] {dag.py:2573} INFO - Sync 1 DAGs
[2023-12-13T11:23:12.188+0000] {logging_mixin.py:117} INFO - [2023-12-13T11:23:12.187+0000] {dag.py:3328} INFO - Setting next_dagrun for example_task_group to 2023-12-12T11:23:12.187740+00:00, run_after=2023-12-13T11:23:12.187740+00:00
[2023-12-13T11:23:12.208+0000] {processor.py:178} INFO - Processing /home/airflow/.local/lib/python3.7/site-packages/airflow/example_dags/example_task_group.py took 0.119 seconds
[2023-12-13T11:23:43.100+0000] {processor.py:156} INFO - Started process (PID=121) to work on /home/airflow/.local/lib/python3.7/site-packages/airflow/example_dags/example_task_group.py
[2023-12-13T11:23:43.101+0000] {processor.py:758} INFO - Processing file /home/airflow/.local/lib/python3.7/site-packages/airflow/example_dags/example_task_group.py for tasks to queue
[2023-12-13T11:23:43.101+0000] {logging_mixin.py:117} INFO - [2023-12-13T11:23:43.101+0000] {dagbag.py:525} INFO - Filling up the DagBag from /home/airflow/.local/lib/python3.7/site-packages/airflow/example_dags/example_task_group.py
[2023-12-13T11:23:43.113+0000] {processor.py:768} INFO - DAG(s) dict_keys(['example_task_group']) retrieved from /home/airflow/.local/lib/python3.7/site-packages/airflow/example_dags/example_task_group.py
[2023-12-13T11:23:43.141+0000] {logging_mixin.py:117} INFO - [2023-12-13T11:23:43.141+0000] {dag.py:2573} INFO - Sync 1 DAGs
[2023-12-13T11:23:43.159+0000] {logging_mixin.py:117} INFO - [2023-12-13T11:23:43.158+0000] {dag.py:3328} INFO - Setting next_dagrun for example_task_group to 2023-12-12T11:23:43.158733+00:00, run_after=2023-12-13T11:23:43.158733+00:00
[2023-12-13T11:23:43.170+0000] {processor.py:178} INFO - Processing /home/airflow/.local/lib/python3.7/site-packages/airflow/example_dags/example_task_group.py took 0.074 seconds
[2023-12-13T11:24:14.016+0000] {processor.py:156} INFO - Started process (PID=186) to work on /home/airflow/.local/lib/python3.7/site-packages/airflow/example_dags/example_task_group.py
[2023-12-13T11:24:14.017+0000] {processor.py:758} INFO - Processing file /home/airflow/.local/lib/python3.7/site-packages/airflow/example_dags/example_task_group.py for tasks to queue
[2023-12-13T11:24:14.019+0000] {logging_mixin.py:117} INFO - [2023-12-13T11:24:14.018+0000] {dagbag.py:525} INFO - Filling up the DagBag from /home/airflow/.local/lib/python3.7/site-packages/airflow/example_dags/example_task_group.py
[2023-12-13T11:24:14.033+0000] {processor.py:768} INFO - DAG(s) dict_keys(['example_task_group']) retrieved from /home/airflow/.local/lib/python3.7/site-packages/airflow/example_dags/example_task_group.py
[2023-12-13T11:24:14.067+0000] {logging_mixin.py:117} INFO - [2023-12-13T11:24:14.067+0000] {dag.py:2573} INFO - Sync 1 DAGs
[2023-12-13T11:24:14.084+0000] {logging_mixin.py:117} INFO - [2023-12-13T11:24:14.084+0000] {dag.py:3328} INFO - Setting next_dagrun for example_task_group to 2023-12-12T11:24:14.084304+00:00, run_after=2023-12-13T11:24:14.084304+00:00
[2023-12-13T11:24:14.096+0000] {processor.py:178} INFO - Processing /home/airflow/.local/lib/python3.7/site-packages/airflow/example_dags/example_task_group.py took 0.084 seconds
[2023-12-13T11:24:44.958+0000] {processor.py:156} INFO - Started process (PID=249) to work on /home/airflow/.local/lib/python3.7/site-packages/airflow/example_dags/example_task_group.py
[2023-12-13T11:24:44.959+0000] {processor.py:758} INFO - Processing file /home/airflow/.local/lib/python3.7/site-packages/airflow/example_dags/example_task_group.py for tasks to queue
[2023-12-13T11:24:44.960+0000] {logging_mixin.py:117} INFO - [2023-12-13T11:24:44.960+0000] {dagbag.py:525} INFO - Filling up the DagBag from /home/airflow/.local/lib/python3.7/site-packages/airflow/example_dags/example_task_group.py
[2023-12-13T11:24:44.973+0000] {processor.py:768} INFO - DAG(s) dict_keys(['example_task_group']) retrieved from /home/airflow/.local/lib/python3.7/site-packages/airflow/example_dags/example_task_group.py
[2023-12-13T11:24:45.009+0000] {logging_mixin.py:117} INFO - [2023-12-13T11:24:45.009+0000] {dag.py:2573} INFO - Sync 1 DAGs
[2023-12-13T11:24:45.026+0000] {logging_mixin.py:117} INFO - [2023-12-13T11:24:45.026+0000] {dag.py:3328} INFO - Setting next_dagrun for example_task_group to 2023-12-12T11:24:45.026434+00:00, run_after=2023-12-13T11:24:45.026434+00:00
[2023-12-13T11:24:45.038+0000] {processor.py:178} INFO - Processing /home/airflow/.local/lib/python3.7/site-packages/airflow/example_dags/example_task_group.py took 0.083 seconds
[2023-12-13T11:25:15.820+0000] {processor.py:156} INFO - Started process (PID=313) to work on /home/airflow/.local/lib/python3.7/site-packages/airflow/example_dags/example_task_group.py
[2023-12-13T11:25:15.823+0000] {processor.py:758} INFO - Processing file /home/airflow/.local/lib/python3.7/site-packages/airflow/example_dags/example_task_group.py for tasks to queue
[2023-12-13T11:25:15.824+0000] {logging_mixin.py:117} INFO - [2023-12-13T11:25:15.824+0000] {dagbag.py:525} INFO - Filling up the DagBag from /home/airflow/.local/lib/python3.7/site-packages/airflow/example_dags/example_task_group.py
[2023-12-13T11:25:15.840+0000] {processor.py:768} INFO - DAG(s) dict_keys(['example_task_group']) retrieved from /home/airflow/.local/lib/python3.7/site-packages/airflow/example_dags/example_task_group.py
[2023-12-13T11:25:15.889+0000] {logging_mixin.py:117} INFO - [2023-12-13T11:25:15.889+0000] {dag.py:2573} INFO - Sync 1 DAGs
[2023-12-13T11:25:15.916+0000] {logging_mixin.py:117} INFO - [2023-12-13T11:25:15.916+0000] {dag.py:3328} INFO - Setting next_dagrun for example_task_group to 2023-12-12T11:25:15.915989+00:00, run_after=2023-12-13T11:25:15.915989+00:00
[2023-12-13T11:25:15.942+0000] {processor.py:178} INFO - Processing /home/airflow/.local/lib/python3.7/site-packages/airflow/example_dags/example_task_group.py took 0.124 seconds
[2023-12-13T11:25:46.611+0000] {processor.py:156} INFO - Started process (PID=368) to work on /home/airflow/.local/lib/python3.7/site-packages/airflow/example_dags/example_task_group.py
[2023-12-13T11:25:46.612+0000] {processor.py:758} INFO - Processing file /home/airflow/.local/lib/python3.7/site-packages/airflow/example_dags/example_task_group.py for tasks to queue
[2023-12-13T11:25:46.612+0000] {logging_mixin.py:117} INFO - [2023-12-13T11:25:46.612+0000] {dagbag.py:525} INFO - Filling up the DagBag from /home/airflow/.local/lib/python3.7/site-packages/airflow/example_dags/example_task_group.py
[2023-12-13T11:25:46.625+0000] {processor.py:768} INFO - DAG(s) dict_keys(['example_task_group']) retrieved from /home/airflow/.local/lib/python3.7/site-packages/airflow/example_dags/example_task_group.py
[2023-12-13T11:25:46.653+0000] {logging_mixin.py:117} INFO - [2023-12-13T11:25:46.653+0000] {dag.py:2573} INFO - Sync 1 DAGs
[2023-12-13T11:25:46.670+0000] {logging_mixin.py:117} INFO - [2023-12-13T11:25:46.669+0000] {dag.py:3328} INFO - Setting next_dagrun for example_task_group to 2023-12-12T11:25:46.669767+00:00, run_after=2023-12-13T11:25:46.669767+00:00
[2023-12-13T11:25:46.682+0000] {processor.py:178} INFO - Processing /home/airflow/.local/lib/python3.7/site-packages/airflow/example_dags/example_task_group.py took 0.074 seconds
[2023-12-13T11:26:17.176+0000] {processor.py:156} INFO - Started process (PID=432) to work on /home/airflow/.local/lib/python3.7/site-packages/airflow/example_dags/example_task_group.py
[2023-12-13T11:26:17.176+0000] {processor.py:758} INFO - Processing file /home/airflow/.local/lib/python3.7/site-packages/airflow/example_dags/example_task_group.py for tasks to queue
[2023-12-13T11:26:17.177+0000] {logging_mixin.py:117} INFO - [2023-12-13T11:26:17.177+0000] {dagbag.py:525} INFO - Filling up the DagBag from /home/airflow/.local/lib/python3.7/site-packages/airflow/example_dags/example_task_group.py
[2023-12-13T11:26:17.189+0000] {processor.py:768} INFO - DAG(s) dict_keys(['example_task_group']) retrieved from /home/airflow/.local/lib/python3.7/site-packages/airflow/example_dags/example_task_group.py
[2023-12-13T11:26:17.220+0000] {logging_mixin.py:117} INFO - [2023-12-13T11:26:17.220+0000] {dag.py:2573} INFO - Sync 1 DAGs
[2023-12-13T11:26:17.237+0000] {logging_mixin.py:117} INFO - [2023-12-13T11:26:17.237+0000] {dag.py:3328} INFO - Setting next_dagrun for example_task_group to 2023-12-12T11:26:17.237096+00:00, run_after=2023-12-13T11:26:17.237096+00:00
[2023-12-13T11:26:17.281+0000] {processor.py:178} INFO - Processing /home/airflow/.local/lib/python3.7/site-packages/airflow/example_dags/example_task_group.py took 0.108 seconds
