[2023-12-13T11:20:58.826+0000] {processor.py:156} INFO - Started process (PID=41) to work on /home/airflow/.local/lib/python3.7/site-packages/airflow/example_dags/example_short_circuit_operator.py
[2023-12-13T11:20:58.827+0000] {processor.py:758} INFO - Processing file /home/airflow/.local/lib/python3.7/site-packages/airflow/example_dags/example_short_circuit_operator.py for tasks to queue
[2023-12-13T11:20:58.828+0000] {logging_mixin.py:117} INFO - [2023-12-13T11:20:58.828+0000] {dagbag.py:525} INFO - Filling up the DagBag from /home/airflow/.local/lib/python3.7/site-packages/airflow/example_dags/example_short_circuit_operator.py
[2023-12-13T11:20:58.849+0000] {processor.py:768} INFO - DAG(s) dict_keys(['example_short_circuit_operator']) retrieved from /home/airflow/.local/lib/python3.7/site-packages/airflow/example_dags/example_short_circuit_operator.py
[2023-12-13T11:20:58.906+0000] {logging_mixin.py:117} INFO - [2023-12-13T11:20:58.906+0000] {dag.py:2573} INFO - Sync 1 DAGs
[2023-12-13T11:20:58.930+0000] {logging_mixin.py:117} INFO - [2023-12-13T11:20:58.930+0000] {dag.py:3328} INFO - Setting next_dagrun for example_short_circuit_operator to 2023-12-12T11:20:58.930405+00:00, run_after=2023-12-13T11:20:58.930405+00:00
[2023-12-13T11:20:58.957+0000] {processor.py:178} INFO - Processing /home/airflow/.local/lib/python3.7/site-packages/airflow/example_dags/example_short_circuit_operator.py took 0.136 seconds
[2023-12-13T11:21:29.828+0000] {processor.py:156} INFO - Started process (PID=105) to work on /home/airflow/.local/lib/python3.7/site-packages/airflow/example_dags/example_short_circuit_operator.py
[2023-12-13T11:21:29.829+0000] {processor.py:758} INFO - Processing file /home/airflow/.local/lib/python3.7/site-packages/airflow/example_dags/example_short_circuit_operator.py for tasks to queue
[2023-12-13T11:21:29.829+0000] {logging_mixin.py:117} INFO - [2023-12-13T11:21:29.829+0000] {dagbag.py:525} INFO - Filling up the DagBag from /home/airflow/.local/lib/python3.7/site-packages/airflow/example_dags/example_short_circuit_operator.py
[2023-12-13T11:21:29.848+0000] {processor.py:768} INFO - DAG(s) dict_keys(['example_short_circuit_operator']) retrieved from /home/airflow/.local/lib/python3.7/site-packages/airflow/example_dags/example_short_circuit_operator.py
[2023-12-13T11:21:29.885+0000] {logging_mixin.py:117} INFO - [2023-12-13T11:21:29.885+0000] {dag.py:2573} INFO - Sync 1 DAGs
[2023-12-13T11:21:29.904+0000] {logging_mixin.py:117} INFO - [2023-12-13T11:21:29.904+0000] {dag.py:3328} INFO - Setting next_dagrun for example_short_circuit_operator to 2023-12-12T11:21:29.903969+00:00, run_after=2023-12-13T11:21:29.903969+00:00
[2023-12-13T11:21:29.915+0000] {processor.py:178} INFO - Processing /home/airflow/.local/lib/python3.7/site-packages/airflow/example_dags/example_short_circuit_operator.py took 0.090 seconds
[2023-12-13T11:22:00.124+0000] {processor.py:156} INFO - Started process (PID=170) to work on /home/airflow/.local/lib/python3.7/site-packages/airflow/example_dags/example_short_circuit_operator.py
[2023-12-13T11:22:00.124+0000] {processor.py:758} INFO - Processing file /home/airflow/.local/lib/python3.7/site-packages/airflow/example_dags/example_short_circuit_operator.py for tasks to queue
[2023-12-13T11:22:00.125+0000] {logging_mixin.py:117} INFO - [2023-12-13T11:22:00.125+0000] {dagbag.py:525} INFO - Filling up the DagBag from /home/airflow/.local/lib/python3.7/site-packages/airflow/example_dags/example_short_circuit_operator.py
[2023-12-13T11:22:00.140+0000] {processor.py:768} INFO - DAG(s) dict_keys(['example_short_circuit_operator']) retrieved from /home/airflow/.local/lib/python3.7/site-packages/airflow/example_dags/example_short_circuit_operator.py
[2023-12-13T11:22:00.175+0000] {logging_mixin.py:117} INFO - [2023-12-13T11:22:00.175+0000] {dag.py:2573} INFO - Sync 1 DAGs
[2023-12-13T11:22:00.192+0000] {logging_mixin.py:117} INFO - [2023-12-13T11:22:00.192+0000] {dag.py:3328} INFO - Setting next_dagrun for example_short_circuit_operator to 2023-12-12T11:22:00.192538+00:00, run_after=2023-12-13T11:22:00.192538+00:00
[2023-12-13T11:22:00.204+0000] {processor.py:178} INFO - Processing /home/airflow/.local/lib/python3.7/site-packages/airflow/example_dags/example_short_circuit_operator.py took 0.083 seconds
[2023-12-13T11:23:10.805+0000] {processor.py:156} INFO - Started process (PID=41) to work on /home/airflow/.local/lib/python3.7/site-packages/airflow/example_dags/example_short_circuit_operator.py
[2023-12-13T11:23:10.807+0000] {processor.py:758} INFO - Processing file /home/airflow/.local/lib/python3.7/site-packages/airflow/example_dags/example_short_circuit_operator.py for tasks to queue
[2023-12-13T11:23:10.808+0000] {logging_mixin.py:117} INFO - [2023-12-13T11:23:10.808+0000] {dagbag.py:525} INFO - Filling up the DagBag from /home/airflow/.local/lib/python3.7/site-packages/airflow/example_dags/example_short_circuit_operator.py
[2023-12-13T11:23:10.833+0000] {processor.py:768} INFO - DAG(s) dict_keys(['example_short_circuit_operator']) retrieved from /home/airflow/.local/lib/python3.7/site-packages/airflow/example_dags/example_short_circuit_operator.py
[2023-12-13T11:23:10.869+0000] {logging_mixin.py:117} INFO - [2023-12-13T11:23:10.869+0000] {dag.py:2573} INFO - Sync 1 DAGs
[2023-12-13T11:23:10.890+0000] {logging_mixin.py:117} INFO - [2023-12-13T11:23:10.890+0000] {dag.py:3328} INFO - Setting next_dagrun for example_short_circuit_operator to 2023-12-12T11:23:10.890427+00:00, run_after=2023-12-13T11:23:10.890427+00:00
[2023-12-13T11:23:11.007+0000] {processor.py:178} INFO - Processing /home/airflow/.local/lib/python3.7/site-packages/airflow/example_dags/example_short_circuit_operator.py took 0.205 seconds
[2023-12-13T11:23:41.049+0000] {processor.py:156} INFO - Started process (PID=105) to work on /home/airflow/.local/lib/python3.7/site-packages/airflow/example_dags/example_short_circuit_operator.py
[2023-12-13T11:23:41.050+0000] {processor.py:758} INFO - Processing file /home/airflow/.local/lib/python3.7/site-packages/airflow/example_dags/example_short_circuit_operator.py for tasks to queue
[2023-12-13T11:23:41.050+0000] {logging_mixin.py:117} INFO - [2023-12-13T11:23:41.050+0000] {dagbag.py:525} INFO - Filling up the DagBag from /home/airflow/.local/lib/python3.7/site-packages/airflow/example_dags/example_short_circuit_operator.py
[2023-12-13T11:23:41.069+0000] {processor.py:768} INFO - DAG(s) dict_keys(['example_short_circuit_operator']) retrieved from /home/airflow/.local/lib/python3.7/site-packages/airflow/example_dags/example_short_circuit_operator.py
[2023-12-13T11:23:41.113+0000] {logging_mixin.py:117} INFO - [2023-12-13T11:23:41.113+0000] {dag.py:2573} INFO - Sync 1 DAGs
[2023-12-13T11:23:41.130+0000] {logging_mixin.py:117} INFO - [2023-12-13T11:23:41.130+0000] {dag.py:3328} INFO - Setting next_dagrun for example_short_circuit_operator to 2023-12-12T11:23:41.130388+00:00, run_after=2023-12-13T11:23:41.130388+00:00
[2023-12-13T11:23:41.143+0000] {processor.py:178} INFO - Processing /home/airflow/.local/lib/python3.7/site-packages/airflow/example_dags/example_short_circuit_operator.py took 0.097 seconds
[2023-12-13T11:24:12.043+0000] {processor.py:156} INFO - Started process (PID=170) to work on /home/airflow/.local/lib/python3.7/site-packages/airflow/example_dags/example_short_circuit_operator.py
[2023-12-13T11:24:12.044+0000] {processor.py:758} INFO - Processing file /home/airflow/.local/lib/python3.7/site-packages/airflow/example_dags/example_short_circuit_operator.py for tasks to queue
[2023-12-13T11:24:12.044+0000] {logging_mixin.py:117} INFO - [2023-12-13T11:24:12.044+0000] {dagbag.py:525} INFO - Filling up the DagBag from /home/airflow/.local/lib/python3.7/site-packages/airflow/example_dags/example_short_circuit_operator.py
[2023-12-13T11:24:12.057+0000] {processor.py:768} INFO - DAG(s) dict_keys(['example_short_circuit_operator']) retrieved from /home/airflow/.local/lib/python3.7/site-packages/airflow/example_dags/example_short_circuit_operator.py
[2023-12-13T11:24:12.089+0000] {logging_mixin.py:117} INFO - [2023-12-13T11:24:12.089+0000] {dag.py:2573} INFO - Sync 1 DAGs
[2023-12-13T11:24:12.106+0000] {logging_mixin.py:117} INFO - [2023-12-13T11:24:12.106+0000] {dag.py:3328} INFO - Setting next_dagrun for example_short_circuit_operator to 2023-12-12T11:24:12.106159+00:00, run_after=2023-12-13T11:24:12.106159+00:00
[2023-12-13T11:24:12.117+0000] {processor.py:178} INFO - Processing /home/airflow/.local/lib/python3.7/site-packages/airflow/example_dags/example_short_circuit_operator.py took 0.077 seconds
[2023-12-13T11:24:42.965+0000] {processor.py:156} INFO - Started process (PID=233) to work on /home/airflow/.local/lib/python3.7/site-packages/airflow/example_dags/example_short_circuit_operator.py
[2023-12-13T11:24:42.966+0000] {processor.py:758} INFO - Processing file /home/airflow/.local/lib/python3.7/site-packages/airflow/example_dags/example_short_circuit_operator.py for tasks to queue
[2023-12-13T11:24:42.967+0000] {logging_mixin.py:117} INFO - [2023-12-13T11:24:42.967+0000] {dagbag.py:525} INFO - Filling up the DagBag from /home/airflow/.local/lib/python3.7/site-packages/airflow/example_dags/example_short_circuit_operator.py
[2023-12-13T11:24:42.982+0000] {processor.py:768} INFO - DAG(s) dict_keys(['example_short_circuit_operator']) retrieved from /home/airflow/.local/lib/python3.7/site-packages/airflow/example_dags/example_short_circuit_operator.py
[2023-12-13T11:24:43.015+0000] {logging_mixin.py:117} INFO - [2023-12-13T11:24:43.015+0000] {dag.py:2573} INFO - Sync 1 DAGs
[2023-12-13T11:24:43.034+0000] {logging_mixin.py:117} INFO - [2023-12-13T11:24:43.034+0000] {dag.py:3328} INFO - Setting next_dagrun for example_short_circuit_operator to 2023-12-12T11:24:43.034073+00:00, run_after=2023-12-13T11:24:43.034073+00:00
[2023-12-13T11:24:43.047+0000] {processor.py:178} INFO - Processing /home/airflow/.local/lib/python3.7/site-packages/airflow/example_dags/example_short_circuit_operator.py took 0.085 seconds
[2023-12-13T11:25:13.706+0000] {processor.py:156} INFO - Started process (PID=288) to work on /home/airflow/.local/lib/python3.7/site-packages/airflow/example_dags/example_short_circuit_operator.py
[2023-12-13T11:25:13.707+0000] {processor.py:758} INFO - Processing file /home/airflow/.local/lib/python3.7/site-packages/airflow/example_dags/example_short_circuit_operator.py for tasks to queue
[2023-12-13T11:25:13.707+0000] {logging_mixin.py:117} INFO - [2023-12-13T11:25:13.707+0000] {dagbag.py:525} INFO - Filling up the DagBag from /home/airflow/.local/lib/python3.7/site-packages/airflow/example_dags/example_short_circuit_operator.py
[2023-12-13T11:25:13.722+0000] {processor.py:768} INFO - DAG(s) dict_keys(['example_short_circuit_operator']) retrieved from /home/airflow/.local/lib/python3.7/site-packages/airflow/example_dags/example_short_circuit_operator.py
[2023-12-13T11:25:13.754+0000] {logging_mixin.py:117} INFO - [2023-12-13T11:25:13.754+0000] {dag.py:2573} INFO - Sync 1 DAGs
[2023-12-13T11:25:13.771+0000] {logging_mixin.py:117} INFO - [2023-12-13T11:25:13.771+0000] {dag.py:3328} INFO - Setting next_dagrun for example_short_circuit_operator to 2023-12-12T11:25:13.771301+00:00, run_after=2023-12-13T11:25:13.771301+00:00
[2023-12-13T11:25:13.783+0000] {processor.py:178} INFO - Processing /home/airflow/.local/lib/python3.7/site-packages/airflow/example_dags/example_short_circuit_operator.py took 0.081 seconds
[2023-12-13T11:25:44.600+0000] {processor.py:156} INFO - Started process (PID=352) to work on /home/airflow/.local/lib/python3.7/site-packages/airflow/example_dags/example_short_circuit_operator.py
[2023-12-13T11:25:44.601+0000] {processor.py:758} INFO - Processing file /home/airflow/.local/lib/python3.7/site-packages/airflow/example_dags/example_short_circuit_operator.py for tasks to queue
[2023-12-13T11:25:44.601+0000] {logging_mixin.py:117} INFO - [2023-12-13T11:25:44.601+0000] {dagbag.py:525} INFO - Filling up the DagBag from /home/airflow/.local/lib/python3.7/site-packages/airflow/example_dags/example_short_circuit_operator.py
[2023-12-13T11:25:44.615+0000] {processor.py:768} INFO - DAG(s) dict_keys(['example_short_circuit_operator']) retrieved from /home/airflow/.local/lib/python3.7/site-packages/airflow/example_dags/example_short_circuit_operator.py
[2023-12-13T11:25:44.646+0000] {logging_mixin.py:117} INFO - [2023-12-13T11:25:44.646+0000] {dag.py:2573} INFO - Sync 1 DAGs
[2023-12-13T11:25:44.664+0000] {logging_mixin.py:117} INFO - [2023-12-13T11:25:44.664+0000] {dag.py:3328} INFO - Setting next_dagrun for example_short_circuit_operator to 2023-12-12T11:25:44.664658+00:00, run_after=2023-12-13T11:25:44.664658+00:00
[2023-12-13T11:25:44.677+0000] {processor.py:178} INFO - Processing /home/airflow/.local/lib/python3.7/site-packages/airflow/example_dags/example_short_circuit_operator.py took 0.080 seconds
[2023-12-13T11:26:15.039+0000] {processor.py:156} INFO - Started process (PID=416) to work on /home/airflow/.local/lib/python3.7/site-packages/airflow/example_dags/example_short_circuit_operator.py
[2023-12-13T11:26:15.040+0000] {processor.py:758} INFO - Processing file /home/airflow/.local/lib/python3.7/site-packages/airflow/example_dags/example_short_circuit_operator.py for tasks to queue
[2023-12-13T11:26:15.041+0000] {logging_mixin.py:117} INFO - [2023-12-13T11:26:15.040+0000] {dagbag.py:525} INFO - Filling up the DagBag from /home/airflow/.local/lib/python3.7/site-packages/airflow/example_dags/example_short_circuit_operator.py
[2023-12-13T11:26:15.053+0000] {processor.py:768} INFO - DAG(s) dict_keys(['example_short_circuit_operator']) retrieved from /home/airflow/.local/lib/python3.7/site-packages/airflow/example_dags/example_short_circuit_operator.py
[2023-12-13T11:26:15.085+0000] {logging_mixin.py:117} INFO - [2023-12-13T11:26:15.085+0000] {dag.py:2573} INFO - Sync 1 DAGs
[2023-12-13T11:26:15.103+0000] {logging_mixin.py:117} INFO - [2023-12-13T11:26:15.103+0000] {dag.py:3328} INFO - Setting next_dagrun for example_short_circuit_operator to 2023-12-12T11:26:15.102792+00:00, run_after=2023-12-13T11:26:15.102792+00:00
[2023-12-13T11:26:15.114+0000] {processor.py:178} INFO - Processing /home/airflow/.local/lib/python3.7/site-packages/airflow/example_dags/example_short_circuit_operator.py took 0.078 seconds
