[2023-12-13T11:21:00.625+0000] {processor.py:156} INFO - Started process (PID=56) to work on /home/airflow/.local/lib/python3.7/site-packages/airflow/example_dags/tutorial_dag.py
[2023-12-13T11:21:00.626+0000] {processor.py:758} INFO - Processing file /home/airflow/.local/lib/python3.7/site-packages/airflow/example_dags/tutorial_dag.py for tasks to queue
[2023-12-13T11:21:00.627+0000] {logging_mixin.py:117} INFO - [2023-12-13T11:21:00.627+0000] {dagbag.py:525} INFO - Filling up the DagBag from /home/airflow/.local/lib/python3.7/site-packages/airflow/example_dags/tutorial_dag.py
[2023-12-13T11:21:00.642+0000] {processor.py:768} INFO - DAG(s) dict_keys(['tutorial_dag']) retrieved from /home/airflow/.local/lib/python3.7/site-packages/airflow/example_dags/tutorial_dag.py
[2023-12-13T11:21:00.679+0000] {logging_mixin.py:117} INFO - [2023-12-13T11:21:00.679+0000] {dag.py:2573} INFO - Sync 1 DAGs
[2023-12-13T11:21:00.697+0000] {logging_mixin.py:117} INFO - [2023-12-13T11:21:00.697+0000] {dag.py:3328} INFO - Setting next_dagrun for tutorial_dag to None, run_after=None
[2023-12-13T11:21:00.712+0000] {processor.py:178} INFO - Processing /home/airflow/.local/lib/python3.7/site-packages/airflow/example_dags/tutorial_dag.py took 0.089 seconds
[2023-12-13T11:21:30.792+0000] {processor.py:156} INFO - Started process (PID=120) to work on /home/airflow/.local/lib/python3.7/site-packages/airflow/example_dags/tutorial_dag.py
[2023-12-13T11:21:30.793+0000] {processor.py:758} INFO - Processing file /home/airflow/.local/lib/python3.7/site-packages/airflow/example_dags/tutorial_dag.py for tasks to queue
[2023-12-13T11:21:30.793+0000] {logging_mixin.py:117} INFO - [2023-12-13T11:21:30.793+0000] {dagbag.py:525} INFO - Filling up the DagBag from /home/airflow/.local/lib/python3.7/site-packages/airflow/example_dags/tutorial_dag.py
[2023-12-13T11:21:30.806+0000] {processor.py:768} INFO - DAG(s) dict_keys(['tutorial_dag']) retrieved from /home/airflow/.local/lib/python3.7/site-packages/airflow/example_dags/tutorial_dag.py
[2023-12-13T11:21:30.833+0000] {logging_mixin.py:117} INFO - [2023-12-13T11:21:30.833+0000] {dag.py:2573} INFO - Sync 1 DAGs
[2023-12-13T11:21:30.850+0000] {logging_mixin.py:117} INFO - [2023-12-13T11:21:30.850+0000] {dag.py:3328} INFO - Setting next_dagrun for tutorial_dag to None, run_after=None
[2023-12-13T11:21:30.862+0000] {processor.py:178} INFO - Processing /home/airflow/.local/lib/python3.7/site-packages/airflow/example_dags/tutorial_dag.py took 0.073 seconds
[2023-12-13T11:22:00.972+0000] {processor.py:156} INFO - Started process (PID=186) to work on /home/airflow/.local/lib/python3.7/site-packages/airflow/example_dags/tutorial_dag.py
[2023-12-13T11:22:00.973+0000] {processor.py:758} INFO - Processing file /home/airflow/.local/lib/python3.7/site-packages/airflow/example_dags/tutorial_dag.py for tasks to queue
[2023-12-13T11:22:00.974+0000] {logging_mixin.py:117} INFO - [2023-12-13T11:22:00.974+0000] {dagbag.py:525} INFO - Filling up the DagBag from /home/airflow/.local/lib/python3.7/site-packages/airflow/example_dags/tutorial_dag.py
[2023-12-13T11:22:00.984+0000] {processor.py:768} INFO - DAG(s) dict_keys(['tutorial_dag']) retrieved from /home/airflow/.local/lib/python3.7/site-packages/airflow/example_dags/tutorial_dag.py
[2023-12-13T11:22:01.010+0000] {logging_mixin.py:117} INFO - [2023-12-13T11:22:01.010+0000] {dag.py:2573} INFO - Sync 1 DAGs
[2023-12-13T11:22:01.025+0000] {logging_mixin.py:117} INFO - [2023-12-13T11:22:01.025+0000] {dag.py:3328} INFO - Setting next_dagrun for tutorial_dag to None, run_after=None
[2023-12-13T11:22:01.036+0000] {processor.py:178} INFO - Processing /home/airflow/.local/lib/python3.7/site-packages/airflow/example_dags/tutorial_dag.py took 0.067 seconds
[2023-12-13T11:23:12.079+0000] {processor.py:156} INFO - Started process (PID=56) to work on /home/airflow/.local/lib/python3.7/site-packages/airflow/example_dags/tutorial_dag.py
[2023-12-13T11:23:12.080+0000] {processor.py:758} INFO - Processing file /home/airflow/.local/lib/python3.7/site-packages/airflow/example_dags/tutorial_dag.py for tasks to queue
[2023-12-13T11:23:12.081+0000] {logging_mixin.py:117} INFO - [2023-12-13T11:23:12.081+0000] {dagbag.py:525} INFO - Filling up the DagBag from /home/airflow/.local/lib/python3.7/site-packages/airflow/example_dags/tutorial_dag.py
[2023-12-13T11:23:12.116+0000] {processor.py:768} INFO - DAG(s) dict_keys(['tutorial_dag']) retrieved from /home/airflow/.local/lib/python3.7/site-packages/airflow/example_dags/tutorial_dag.py
[2023-12-13T11:23:12.147+0000] {logging_mixin.py:117} INFO - [2023-12-13T11:23:12.147+0000] {dag.py:2573} INFO - Sync 1 DAGs
[2023-12-13T11:23:12.171+0000] {logging_mixin.py:117} INFO - [2023-12-13T11:23:12.171+0000] {dag.py:3328} INFO - Setting next_dagrun for tutorial_dag to None, run_after=None
[2023-12-13T11:23:12.191+0000] {processor.py:178} INFO - Processing /home/airflow/.local/lib/python3.7/site-packages/airflow/example_dags/tutorial_dag.py took 0.115 seconds
[2023-12-13T11:23:43.009+0000] {processor.py:156} INFO - Started process (PID=120) to work on /home/airflow/.local/lib/python3.7/site-packages/airflow/example_dags/tutorial_dag.py
[2023-12-13T11:23:43.010+0000] {processor.py:758} INFO - Processing file /home/airflow/.local/lib/python3.7/site-packages/airflow/example_dags/tutorial_dag.py for tasks to queue
[2023-12-13T11:23:43.011+0000] {logging_mixin.py:117} INFO - [2023-12-13T11:23:43.010+0000] {dagbag.py:525} INFO - Filling up the DagBag from /home/airflow/.local/lib/python3.7/site-packages/airflow/example_dags/tutorial_dag.py
[2023-12-13T11:23:43.023+0000] {processor.py:768} INFO - DAG(s) dict_keys(['tutorial_dag']) retrieved from /home/airflow/.local/lib/python3.7/site-packages/airflow/example_dags/tutorial_dag.py
[2023-12-13T11:23:43.052+0000] {logging_mixin.py:117} INFO - [2023-12-13T11:23:43.052+0000] {dag.py:2573} INFO - Sync 1 DAGs
[2023-12-13T11:23:43.070+0000] {logging_mixin.py:117} INFO - [2023-12-13T11:23:43.070+0000] {dag.py:3328} INFO - Setting next_dagrun for tutorial_dag to None, run_after=None
[2023-12-13T11:23:43.081+0000] {processor.py:178} INFO - Processing /home/airflow/.local/lib/python3.7/site-packages/airflow/example_dags/tutorial_dag.py took 0.075 seconds
[2023-12-13T11:24:13.892+0000] {processor.py:156} INFO - Started process (PID=185) to work on /home/airflow/.local/lib/python3.7/site-packages/airflow/example_dags/tutorial_dag.py
[2023-12-13T11:24:13.893+0000] {processor.py:758} INFO - Processing file /home/airflow/.local/lib/python3.7/site-packages/airflow/example_dags/tutorial_dag.py for tasks to queue
[2023-12-13T11:24:13.893+0000] {logging_mixin.py:117} INFO - [2023-12-13T11:24:13.893+0000] {dagbag.py:525} INFO - Filling up the DagBag from /home/airflow/.local/lib/python3.7/site-packages/airflow/example_dags/tutorial_dag.py
[2023-12-13T11:24:13.903+0000] {processor.py:768} INFO - DAG(s) dict_keys(['tutorial_dag']) retrieved from /home/airflow/.local/lib/python3.7/site-packages/airflow/example_dags/tutorial_dag.py
[2023-12-13T11:24:13.931+0000] {logging_mixin.py:117} INFO - [2023-12-13T11:24:13.931+0000] {dag.py:2573} INFO - Sync 1 DAGs
[2023-12-13T11:24:13.947+0000] {logging_mixin.py:117} INFO - [2023-12-13T11:24:13.947+0000] {dag.py:3328} INFO - Setting next_dagrun for tutorial_dag to None, run_after=None
[2023-12-13T11:24:13.960+0000] {processor.py:178} INFO - Processing /home/airflow/.local/lib/python3.7/site-packages/airflow/example_dags/tutorial_dag.py took 0.070 seconds
[2023-12-13T11:24:44.847+0000] {processor.py:156} INFO - Started process (PID=248) to work on /home/airflow/.local/lib/python3.7/site-packages/airflow/example_dags/tutorial_dag.py
[2023-12-13T11:24:44.848+0000] {processor.py:758} INFO - Processing file /home/airflow/.local/lib/python3.7/site-packages/airflow/example_dags/tutorial_dag.py for tasks to queue
[2023-12-13T11:24:44.848+0000] {logging_mixin.py:117} INFO - [2023-12-13T11:24:44.848+0000] {dagbag.py:525} INFO - Filling up the DagBag from /home/airflow/.local/lib/python3.7/site-packages/airflow/example_dags/tutorial_dag.py
[2023-12-13T11:24:44.859+0000] {processor.py:768} INFO - DAG(s) dict_keys(['tutorial_dag']) retrieved from /home/airflow/.local/lib/python3.7/site-packages/airflow/example_dags/tutorial_dag.py
[2023-12-13T11:24:44.897+0000] {logging_mixin.py:117} INFO - [2023-12-13T11:24:44.896+0000] {dag.py:2573} INFO - Sync 1 DAGs
[2023-12-13T11:24:44.921+0000] {logging_mixin.py:117} INFO - [2023-12-13T11:24:44.921+0000] {dag.py:3328} INFO - Setting next_dagrun for tutorial_dag to None, run_after=None
[2023-12-13T11:24:44.937+0000] {processor.py:178} INFO - Processing /home/airflow/.local/lib/python3.7/site-packages/airflow/example_dags/tutorial_dag.py took 0.092 seconds
[2023-12-13T11:25:15.721+0000] {processor.py:156} INFO - Started process (PID=312) to work on /home/airflow/.local/lib/python3.7/site-packages/airflow/example_dags/tutorial_dag.py
[2023-12-13T11:25:15.723+0000] {processor.py:758} INFO - Processing file /home/airflow/.local/lib/python3.7/site-packages/airflow/example_dags/tutorial_dag.py for tasks to queue
[2023-12-13T11:25:15.723+0000] {logging_mixin.py:117} INFO - [2023-12-13T11:25:15.723+0000] {dagbag.py:525} INFO - Filling up the DagBag from /home/airflow/.local/lib/python3.7/site-packages/airflow/example_dags/tutorial_dag.py
[2023-12-13T11:25:15.737+0000] {processor.py:768} INFO - DAG(s) dict_keys(['tutorial_dag']) retrieved from /home/airflow/.local/lib/python3.7/site-packages/airflow/example_dags/tutorial_dag.py
[2023-12-13T11:25:15.771+0000] {logging_mixin.py:117} INFO - [2023-12-13T11:25:15.771+0000] {dag.py:2573} INFO - Sync 1 DAGs
[2023-12-13T11:25:15.789+0000] {logging_mixin.py:117} INFO - [2023-12-13T11:25:15.789+0000] {dag.py:3328} INFO - Setting next_dagrun for tutorial_dag to None, run_after=None
[2023-12-13T11:25:15.802+0000] {processor.py:178} INFO - Processing /home/airflow/.local/lib/python3.7/site-packages/airflow/example_dags/tutorial_dag.py took 0.084 seconds
[2023-12-13T11:25:46.525+0000] {processor.py:156} INFO - Started process (PID=367) to work on /home/airflow/.local/lib/python3.7/site-packages/airflow/example_dags/tutorial_dag.py
[2023-12-13T11:25:46.525+0000] {processor.py:758} INFO - Processing file /home/airflow/.local/lib/python3.7/site-packages/airflow/example_dags/tutorial_dag.py for tasks to queue
[2023-12-13T11:25:46.526+0000] {logging_mixin.py:117} INFO - [2023-12-13T11:25:46.526+0000] {dagbag.py:525} INFO - Filling up the DagBag from /home/airflow/.local/lib/python3.7/site-packages/airflow/example_dags/tutorial_dag.py
[2023-12-13T11:25:46.538+0000] {processor.py:768} INFO - DAG(s) dict_keys(['tutorial_dag']) retrieved from /home/airflow/.local/lib/python3.7/site-packages/airflow/example_dags/tutorial_dag.py
[2023-12-13T11:25:46.567+0000] {logging_mixin.py:117} INFO - [2023-12-13T11:25:46.567+0000] {dag.py:2573} INFO - Sync 1 DAGs
[2023-12-13T11:25:46.584+0000] {logging_mixin.py:117} INFO - [2023-12-13T11:25:46.584+0000] {dag.py:3328} INFO - Setting next_dagrun for tutorial_dag to None, run_after=None
[2023-12-13T11:25:46.595+0000] {processor.py:178} INFO - Processing /home/airflow/.local/lib/python3.7/site-packages/airflow/example_dags/tutorial_dag.py took 0.073 seconds
[2023-12-13T11:26:17.069+0000] {processor.py:156} INFO - Started process (PID=431) to work on /home/airflow/.local/lib/python3.7/site-packages/airflow/example_dags/tutorial_dag.py
[2023-12-13T11:26:17.071+0000] {processor.py:758} INFO - Processing file /home/airflow/.local/lib/python3.7/site-packages/airflow/example_dags/tutorial_dag.py for tasks to queue
[2023-12-13T11:26:17.072+0000] {logging_mixin.py:117} INFO - [2023-12-13T11:26:17.072+0000] {dagbag.py:525} INFO - Filling up the DagBag from /home/airflow/.local/lib/python3.7/site-packages/airflow/example_dags/tutorial_dag.py
[2023-12-13T11:26:17.085+0000] {processor.py:768} INFO - DAG(s) dict_keys(['tutorial_dag']) retrieved from /home/airflow/.local/lib/python3.7/site-packages/airflow/example_dags/tutorial_dag.py
[2023-12-13T11:26:17.123+0000] {logging_mixin.py:117} INFO - [2023-12-13T11:26:17.123+0000] {dag.py:2573} INFO - Sync 1 DAGs
[2023-12-13T11:26:17.142+0000] {logging_mixin.py:117} INFO - [2023-12-13T11:26:17.142+0000] {dag.py:3328} INFO - Setting next_dagrun for tutorial_dag to None, run_after=None
[2023-12-13T11:26:17.155+0000] {processor.py:178} INFO - Processing /home/airflow/.local/lib/python3.7/site-packages/airflow/example_dags/tutorial_dag.py took 0.092 seconds
